{"/Users/drake.harper/code/personal_projects/substitute-finder-app/substitute-finder-app/dist/assets/index-B2mFatKq.js": {"path":"/Users/drake.harper/code/personal_projects/substitute-finder-app/substitute-finder-app/dist/assets/index-B2mFatKq.js","all":true,"statementMap":{"0":{"start":{"line":1,"column":0},"end":{"line":1,"column":868}},"1":{"start":{"line":2,"column":0},"end":{"line":2,"column":17}},"2":{"start":{"line":3,"column":0},"end":{"line":3,"column":26}},"3":{"start":{"line":4,"column":0},"end":{"line":4,"column":2}},"4":{"start":{"line":5,"column":0},"end":{"line":5,"column":51}},"5":{"start":{"line":6,"column":0},"end":{"line":6,"column":2}},"6":{"start":{"line":7,"column":0},"end":{"line":7,"column":66}},"7":{"start":{"line":8,"column":0},"end":{"line":8,"column":58}},"8":{"start":{"line":9,"column":0},"end":{"line":9,"column":6636}},"9":{"start":{"line":10,"column":0},"end":{"line":10,"column":17}},"10":{"start":{"line":11,"column":0},"end":{"line":11,"column":38}},"11":{"start":{"line":12,"column":0},"end":{"line":12,"column":2}},"12":{"start":{"line":13,"column":0},"end":{"line":13,"column":51}},"13":{"start":{"line":14,"column":0},"end":{"line":14,"column":2}},"14":{"start":{"line":15,"column":0},"end":{"line":15,"column":66}},"15":{"start":{"line":16,"column":0},"end":{"line":16,"column":58}},"16":{"start":{"line":17,"column":0},"end":{"line":17,"column":813}},"17":{"start":{"line":18,"column":0},"end":{"line":18,"column":17}},"18":{"start":{"line":19,"column":0},"end":{"line":19,"column":30}},"19":{"start":{"line":20,"column":0},"end":{"line":20,"column":2}},"20":{"start":{"line":21,"column":0},"end":{"line":21,"column":51}},"21":{"start":{"line":22,"column":0},"end":{"line":22,"column":2}},"22":{"start":{"line":23,"column":0},"end":{"line":23,"column":66}},"23":{"start":{"line":24,"column":0},"end":{"line":24,"column":58}},"24":{"start":{"line":25,"column":0},"end":{"line":25,"column":4022}},"25":{"start":{"line":26,"column":0},"end":{"line":26,"column":17}},"26":{"start":{"line":27,"column":0},"end":{"line":27,"column":30}},"27":{"start":{"line":28,"column":0},"end":{"line":28,"column":2}},"28":{"start":{"line":29,"column":0},"end":{"line":29,"column":51}},"29":{"start":{"line":30,"column":0},"end":{"line":30,"column":2}},"30":{"start":{"line":31,"column":0},"end":{"line":31,"column":66}},"31":{"start":{"line":32,"column":0},"end":{"line":32,"column":58}},"32":{"start":{"line":33,"column":0},"end":{"line":33,"column":6101}},"33":{"start":{"line":34,"column":0},"end":{"line":34,"column":507}},"34":{"start":{"line":35,"column":0},"end":{"line":35,"column":20}},"35":{"start":{"line":36,"column":0},"end":{"line":36,"column":153}},"36":{"start":{"line":37,"column":0},"end":{"line":37,"column":37515}},"37":{"start":{"line":38,"column":0},"end":{"line":38,"column":27949}},"38":{"start":{"line":39,"column":0},"end":{"line":39,"column":37}},"39":{"start":{"line":40,"column":0},"end":{"line":40,"column":59274}}},"s":{"0":0,"1":0,"2":0,"3":0,"4":0,"5":0,"6":0,"7":0,"8":0,"9":0,"10":0,"11":0,"12":0,"13":0,"14":0,"15":0,"16":0,"17":0,"18":0,"19":0,"20":0,"21":0,"22":0,"23":0,"24":0,"25":0,"26":0,"27":0,"28":0,"29":0,"30":0,"31":0,"32":0,"33":0,"34":0,"35":0,"36":0,"37":0,"38":0,"39":0},"branchMap":{"0":{"type":"branch","line":1,"loc":{"start":{"line":1,"column":0},"end":{"line":40,"column":58970}},"locations":[{"start":{"line":1,"column":0},"end":{"line":40,"column":58970}}]}},"b":{"0":[0]},"fnMap":{"0":{"name":"(empty-report)","decl":{"start":{"line":1,"column":0},"end":{"line":40,"column":58970}},"loc":{"start":{"line":1,"column":0},"end":{"line":40,"column":58970}},"line":1}},"f":{"0":0}}
,"/Users/drake.harper/code/personal_projects/substitute-finder-app/substitute-finder-app/src/App.tsx": {"path":"/Users/drake.harper/code/personal_projects/substitute-finder-app/substitute-finder-app/src/App.tsx","all":true,"statementMap":{"0":{"start":{"line":1,"column":0},"end":{"line":1,"column":32}},"1":{"start":{"line":2,"column":0},"end":{"line":2,"column":53}},"2":{"start":{"line":3,"column":0},"end":{"line":3,"column":51}},"3":{"start":{"line":4,"column":0},"end":{"line":4,"column":78}},"4":{"start":{"line":5,"column":0},"end":{"line":5,"column":58}},"5":{"start":{"line":6,"column":0},"end":{"line":6,"column":54}},"6":{"start":{"line":7,"column":0},"end":{"line":7,"column":63}},"7":{"start":{"line":8,"column":0},"end":{"line":8,"column":60}},"8":{"start":{"line":9,"column":0},"end":{"line":9,"column":78}},"9":{"start":{"line":10,"column":0},"end":{"line":10,"column":65}},"10":{"start":{"line":11,"column":0},"end":{"line":11,"column":55}},"11":{"start":{"line":12,"column":0},"end":{"line":12,"column":62}},"12":{"start":{"line":13,"column":0},"end":{"line":13,"column":69}},"13":{"start":{"line":14,"column":0},"end":{"line":14,"column":61}},"14":{"start":{"line":15,"column":0},"end":{"line":15,"column":71}},"16":{"start":{"line":17,"column":0},"end":{"line":17,"column":23}},"17":{"start":{"line":18,"column":0},"end":{"line":18,"column":46}},"18":{"start":{"line":19,"column":0},"end":{"line":19,"column":61}},"19":{"start":{"line":20,"column":0},"end":{"line":20,"column":39}},"21":{"start":{"line":22,"column":0},"end":{"line":22,"column":18}},"22":{"start":{"line":23,"column":0},"end":{"line":23,"column":12}},"23":{"start":{"line":24,"column":0},"end":{"line":24,"column":69}},"24":{"start":{"line":25,"column":0},"end":{"line":25,"column":63}},"25":{"start":{"line":26,"column":0},"end":{"line":26,"column":12}},"27":{"start":{"line":28,"column":0},"end":{"line":28,"column":3}},"29":{"start":{"line":30,"column":0},"end":{"line":30,"column":14}},"30":{"start":{"line":31,"column":0},"end":{"line":31,"column":40}},"31":{"start":{"line":32,"column":0},"end":{"line":32,"column":3}},"33":{"start":{"line":34,"column":0},"end":{"line":34,"column":35}},"34":{"start":{"line":35,"column":0},"end":{"line":35,"column":26}},"35":{"start":{"line":36,"column":0},"end":{"line":36,"column":27}},"36":{"start":{"line":37,"column":0},"end":{"line":37,"column":35}},"37":{"start":{"line":38,"column":0},"end":{"line":38,"column":23}},"38":{"start":{"line":39,"column":0},"end":{"line":39,"column":56}},"39":{"start":{"line":40,"column":0},"end":{"line":40,"column":23}},"40":{"start":{"line":41,"column":0},"end":{"line":41,"column":37}},"41":{"start":{"line":42,"column":0},"end":{"line":42,"column":21}},"42":{"start":{"line":43,"column":0},"end":{"line":43,"column":28}},"43":{"start":{"line":44,"column":0},"end":{"line":44,"column":19}},"44":{"start":{"line":45,"column":0},"end":{"line":45,"column":46}},"45":{"start":{"line":46,"column":0},"end":{"line":46,"column":22}},"46":{"start":{"line":47,"column":0},"end":{"line":47,"column":30}},"47":{"start":{"line":48,"column":0},"end":{"line":48,"column":22}},"48":{"start":{"line":49,"column":0},"end":{"line":49,"column":31}},"49":{"start":{"line":50,"column":0},"end":{"line":50,"column":14}},"50":{"start":{"line":51,"column":0},"end":{"line":51,"column":35}},"51":{"start":{"line":52,"column":0},"end":{"line":52,"column":5}},"52":{"start":{"line":53,"column":0},"end":{"line":53,"column":3}},"54":{"start":{"line":55,"column":0},"end":{"line":55,"column":10}},"55":{"start":{"line":56,"column":0},"end":{"line":56,"column":58}},"56":{"start":{"line":57,"column":0},"end":{"line":57,"column":16}},"57":{"start":{"line":58,"column":0},"end":{"line":58,"column":51}},"58":{"start":{"line":59,"column":0},"end":{"line":59,"column":75}},"59":{"start":{"line":60,"column":0},"end":{"line":60,"column":77}},"60":{"start":{"line":61,"column":0},"end":{"line":61,"column":12}},"61":{"start":{"line":62,"column":0},"end":{"line":62,"column":24}},"62":{"start":{"line":63,"column":0},"end":{"line":63,"column":10}},"64":{"start":{"line":65,"column":0},"end":{"line":65,"column":1}},"66":{"start":{"line":67,"column":0},"end":{"line":67,"column":16}},"67":{"start":{"line":68,"column":0},"end":{"line":68,"column":10}},"68":{"start":{"line":69,"column":0},"end":{"line":69,"column":18}},"69":{"start":{"line":70,"column":0},"end":{"line":70,"column":24}},"70":{"start":{"line":71,"column":0},"end":{"line":71,"column":30}},"71":{"start":{"line":72,"column":0},"end":{"line":72,"column":24}},"72":{"start":{"line":73,"column":0},"end":{"line":73,"column":31}},"73":{"start":{"line":74,"column":0},"end":{"line":74,"column":25}},"74":{"start":{"line":75,"column":0},"end":{"line":75,"column":19}},"76":{"start":{"line":77,"column":0},"end":{"line":77,"column":1}},"78":{"start":{"line":79,"column":0},"end":{"line":79,"column":18}}},"s":{"0":0,"1":0,"2":0,"3":0,"4":0,"5":0,"6":0,"7":0,"8":0,"9":0,"10":0,"11":0,"12":0,"13":0,"14":0,"16":0,"17":0,"18":0,"19":0,"21":0,"22":0,"23":0,"24":0,"25":0,"27":0,"29":0,"30":0,"31":0,"33":0,"34":0,"35":0,"36":0,"37":0,"38":0,"39":0,"40":0,"41":0,"42":0,"43":0,"44":0,"45":0,"46":0,"47":0,"48":0,"49":0,"50":0,"51":0,"52":0,"54":0,"55":0,"56":0,"57":0,"58":0,"59":0,"60":0,"61":0,"62":0,"64":0,"66":0,"67":0,"68":0,"69":0,"70":0,"71":0,"72":0,"73":0,"74":0,"76":0,"78":0},"branchMap":{"0":{"type":"branch","line":1,"loc":{"start":{"line":1,"column":2490},"end":{"line":79,"column":18}},"locations":[{"start":{"line":1,"column":2490},"end":{"line":79,"column":18}}]}},"b":{"0":[0]},"fnMap":{"0":{"name":"(empty-report)","decl":{"start":{"line":1,"column":2490},"end":{"line":79,"column":18}},"loc":{"start":{"line":1,"column":2490},"end":{"line":79,"column":18}},"line":1}},"f":{"0":0}}
,"/Users/drake.harper/code/personal_projects/substitute-finder-app/substitute-finder-app/src/main.tsx": {"path":"/Users/drake.harper/code/personal_projects/substitute-finder-app/substitute-finder-app/src/main.tsx","all":true,"statementMap":{"0":{"start":{"line":1,"column":0},"end":{"line":1,"column":25}},"1":{"start":{"line":2,"column":0},"end":{"line":2,"column":39}},"2":{"start":{"line":3,"column":0},"end":{"line":3,"column":23}},"3":{"start":{"line":4,"column":0},"end":{"line":4,"column":20}},"5":{"start":{"line":6,"column":0},"end":{"line":6,"column":75}},"6":{"start":{"line":7,"column":0},"end":{"line":7,"column":20}},"7":{"start":{"line":8,"column":0},"end":{"line":8,"column":11}},"8":{"start":{"line":9,"column":0},"end":{"line":9,"column":21}},"9":{"start":{"line":10,"column":0},"end":{"line":10,"column":1}}},"s":{"0":0,"1":0,"2":0,"3":0,"5":0,"6":0,"7":0,"8":0,"9":0},"branchMap":{"0":{"type":"branch","line":1,"loc":{"start":{"line":1,"column":213},"end":{"line":10,"column":-178}},"locations":[{"start":{"line":1,"column":213},"end":{"line":10,"column":-178}}]}},"b":{"0":[0]},"fnMap":{"0":{"name":"(empty-report)","decl":{"start":{"line":1,"column":213},"end":{"line":10,"column":-178}},"loc":{"start":{"line":1,"column":213},"end":{"line":10,"column":-178}},"line":1}},"f":{"0":0}}
,"/Users/drake.harper/code/personal_projects/substitute-finder-app/substitute-finder-app/src/components/auth/LoginForm.tsx": {"path":"/Users/drake.harper/code/personal_projects/substitute-finder-app/substitute-finder-app/src/components/auth/LoginForm.tsx","all":true,"statementMap":{"1":{"start":{"line":2,"column":0},"end":{"line":2,"column":32}},"2":{"start":{"line":3,"column":0},"end":{"line":3,"column":49}},"3":{"start":{"line":4,"column":0},"end":{"line":4,"column":37}},"4":{"start":{"line":5,"column":0},"end":{"line":5,"column":35}},"5":{"start":{"line":6,"column":0},"end":{"line":6,"column":86}},"6":{"start":{"line":7,"column":0},"end":{"line":7,"column":48}},"13":{"start":{"line":14,"column":0},"end":{"line":14,"column":56}},"14":{"start":{"line":15,"column":0},"end":{"line":15,"column":44}},"15":{"start":{"line":16,"column":0},"end":{"line":16,"column":17}},"16":{"start":{"line":17,"column":0},"end":{"line":17,"column":17}},"17":{"start":{"line":18,"column":0},"end":{"line":18,"column":4}},"18":{"start":{"line":19,"column":0},"end":{"line":19,"column":47}},"19":{"start":{"line":20,"column":0},"end":{"line":20,"column":57}},"20":{"start":{"line":21,"column":0},"end":{"line":21,"column":57}},"21":{"start":{"line":22,"column":0},"end":{"line":22,"column":69}},"23":{"start":{"line":24,"column":0},"end":{"line":24,"column":54}},"24":{"start":{"line":25,"column":0},"end":{"line":25,"column":22}},"25":{"start":{"line":26,"column":0},"end":{"line":26,"column":20}},"26":{"start":{"line":27,"column":0},"end":{"line":27,"column":18}},"28":{"start":{"line":29,"column":0},"end":{"line":29,"column":9}},"29":{"start":{"line":30,"column":0},"end":{"line":30,"column":76}},"30":{"start":{"line":31,"column":0},"end":{"line":31,"column":19}},"31":{"start":{"line":32,"column":0},"end":{"line":32,"column":19}},"32":{"start":{"line":33,"column":0},"end":{"line":33,"column":46}},"33":{"start":{"line":34,"column":0},"end":{"line":34,"column":40}},"34":{"start":{"line":35,"column":0},"end":{"line":35,"column":15}},"35":{"start":{"line":36,"column":0},"end":{"line":36,"column":23}},"36":{"start":{"line":37,"column":0},"end":{"line":37,"column":5}},"37":{"start":{"line":38,"column":0},"end":{"line":38,"column":3}},"39":{"start":{"line":40,"column":0},"end":{"line":40,"column":73}},"40":{"start":{"line":41,"column":0},"end":{"line":41,"column":28}},"41":{"start":{"line":42,"column":0},"end":{"line":42,"column":14}},"42":{"start":{"line":43,"column":0},"end":{"line":43,"column":21}},"43":{"start":{"line":44,"column":0},"end":{"line":44,"column":7}},"44":{"start":{"line":45,"column":0},"end":{"line":45,"column":3}},"46":{"start":{"line":47,"column":0},"end":{"line":47,"column":42}},"47":{"start":{"line":48,"column":0},"end":{"line":48,"column":9}},"48":{"start":{"line":49,"column":0},"end":{"line":49,"column":50}},"49":{"start":{"line":50,"column":0},"end":{"line":50,"column":29}},"50":{"start":{"line":51,"column":0},"end":{"line":51,"column":20}},"51":{"start":{"line":52,"column":0},"end":{"line":52,"column":19}},"52":{"start":{"line":53,"column":0},"end":{"line":53,"column":41}},"53":{"start":{"line":54,"column":0},"end":{"line":54,"column":39}},"54":{"start":{"line":55,"column":0},"end":{"line":55,"column":5}},"55":{"start":{"line":56,"column":0},"end":{"line":56,"column":3}},"57":{"start":{"line":58,"column":0},"end":{"line":58,"column":10}},"58":{"start":{"line":59,"column":0},"end":{"line":59,"column":85}},"59":{"start":{"line":60,"column":0},"end":{"line":60,"column":40}},"60":{"start":{"line":61,"column":0},"end":{"line":61,"column":44}},"61":{"start":{"line":62,"column":0},"end":{"line":62,"column":108}},"62":{"start":{"line":63,"column":0},"end":{"line":63,"column":54}},"63":{"start":{"line":64,"column":0},"end":{"line":64,"column":16}},"64":{"start":{"line":65,"column":0},"end":{"line":65,"column":66}},"65":{"start":{"line":66,"column":0},"end":{"line":66,"column":96}},"66":{"start":{"line":67,"column":0},"end":{"line":67,"column":21}},"67":{"start":{"line":68,"column":0},"end":{"line":68,"column":21}},"68":{"start":{"line":69,"column":0},"end":{"line":69,"column":62}},"69":{"start":{"line":70,"column":0},"end":{"line":70,"column":23}},"70":{"start":{"line":71,"column":0},"end":{"line":71,"column":124}},"71":{"start":{"line":72,"column":0},"end":{"line":72,"column":23}},"72":{"start":{"line":73,"column":0},"end":{"line":73,"column":20}},"75":{"start":{"line":76,"column":0},"end":{"line":76,"column":29}},"76":{"start":{"line":77,"column":0},"end":{"line":77,"column":111}},"77":{"start":{"line":78,"column":0},"end":{"line":78,"column":29}},"78":{"start":{"line":79,"column":0},"end":{"line":79,"column":20}},"81":{"start":{"line":82,"column":0},"end":{"line":82,"column":39}},"82":{"start":{"line":83,"column":0},"end":{"line":83,"column":72}},"84":{"start":{"line":85,"column":0},"end":{"line":85,"column":22}},"85":{"start":{"line":86,"column":0},"end":{"line":86,"column":20}},"86":{"start":{"line":87,"column":0},"end":{"line":87,"column":29}},"87":{"start":{"line":88,"column":0},"end":{"line":88,"column":27}},"88":{"start":{"line":89,"column":0},"end":{"line":89,"column":41}},"89":{"start":{"line":90,"column":0},"end":{"line":90,"column":74}},"90":{"start":{"line":91,"column":0},"end":{"line":91,"column":49}},"91":{"start":{"line":92,"column":0},"end":{"line":92,"column":24}},"92":{"start":{"line":93,"column":0},"end":{"line":93,"column":39}},"93":{"start":{"line":94,"column":0},"end":{"line":94,"column":16}},"94":{"start":{"line":95,"column":0},"end":{"line":95,"column":18}},"96":{"start":{"line":97,"column":0},"end":{"line":97,"column":39}},"97":{"start":{"line":98,"column":0},"end":{"line":98,"column":72}},"99":{"start":{"line":100,"column":0},"end":{"line":100,"column":22}},"100":{"start":{"line":101,"column":0},"end":{"line":101,"column":40}},"101":{"start":{"line":102,"column":0},"end":{"line":102,"column":22}},"102":{"start":{"line":103,"column":0},"end":{"line":103,"column":31}},"103":{"start":{"line":104,"column":0},"end":{"line":104,"column":59}},"104":{"start":{"line":105,"column":0},"end":{"line":105,"column":43}},"105":{"start":{"line":106,"column":0},"end":{"line":106,"column":76}},"106":{"start":{"line":107,"column":0},"end":{"line":107,"column":51}},"107":{"start":{"line":108,"column":0},"end":{"line":108,"column":26}},"108":{"start":{"line":109,"column":0},"end":{"line":109,"column":49}},"109":{"start":{"line":110,"column":0},"end":{"line":110,"column":35}},"110":{"start":{"line":111,"column":0},"end":{"line":111,"column":18}},"111":{"start":{"line":112,"column":0},"end":{"line":112,"column":23}},"112":{"start":{"line":113,"column":0},"end":{"line":113,"column":31}},"113":{"start":{"line":114,"column":0},"end":{"line":114,"column":64}},"114":{"start":{"line":115,"column":0},"end":{"line":115,"column":115}},"116":{"start":{"line":117,"column":0},"end":{"line":117,"column":95}},"117":{"start":{"line":118,"column":0},"end":{"line":118,"column":25}},"118":{"start":{"line":119,"column":0},"end":{"line":119,"column":20}},"119":{"start":{"line":120,"column":0},"end":{"line":120,"column":18}},"121":{"start":{"line":122,"column":0},"end":{"line":122,"column":72}},"122":{"start":{"line":123,"column":0},"end":{"line":123,"column":26}},"123":{"start":{"line":124,"column":0},"end":{"line":124,"column":57}},"124":{"start":{"line":125,"column":0},"end":{"line":125,"column":111}},"126":{"start":{"line":127,"column":0},"end":{"line":127,"column":22}},"128":{"start":{"line":129,"column":0},"end":{"line":129,"column":18}},"129":{"start":{"line":130,"column":0},"end":{"line":130,"column":52}},"131":{"start":{"line":132,"column":0},"end":{"line":132,"column":19}},"133":{"start":{"line":134,"column":0},"end":{"line":134,"column":21}},"134":{"start":{"line":135,"column":0},"end":{"line":135,"column":17}},"136":{"start":{"line":137,"column":0},"end":{"line":137,"column":56}},"137":{"start":{"line":138,"column":0},"end":{"line":138,"column":100}},"139":{"start":{"line":140,"column":0},"end":{"line":140,"column":21}},"141":{"start":{"line":142,"column":0},"end":{"line":142,"column":71}},"142":{"start":{"line":143,"column":0},"end":{"line":143,"column":38}},"143":{"start":{"line":144,"column":0},"end":{"line":144,"column":89}},"144":{"start":{"line":145,"column":0},"end":{"line":145,"column":18}},"145":{"start":{"line":146,"column":0},"end":{"line":146,"column":16}},"146":{"start":{"line":147,"column":0},"end":{"line":147,"column":22}},"147":{"start":{"line":148,"column":0},"end":{"line":148,"column":13}},"148":{"start":{"line":149,"column":0},"end":{"line":149,"column":10}},"150":{"start":{"line":151,"column":0},"end":{"line":151,"column":1}}},"s":{"1":0,"2":0,"3":0,"4":0,"5":0,"6":0,"13":0,"14":0,"15":0,"16":0,"17":0,"18":0,"19":0,"20":0,"21":0,"23":0,"24":0,"25":0,"26":0,"28":0,"29":0,"30":0,"31":0,"32":0,"33":0,"34":0,"35":0,"36":0,"37":0,"39":0,"40":0,"41":0,"42":0,"43":0,"44":0,"46":0,"47":0,"48":0,"49":0,"50":0,"51":0,"52":0,"53":0,"54":0,"55":0,"57":0,"58":0,"59":0,"60":0,"61":0,"62":0,"63":0,"64":0,"65":0,"66":0,"67":0,"68":0,"69":0,"70":0,"71":0,"72":0,"75":0,"76":0,"77":0,"78":0,"81":0,"82":0,"84":0,"85":0,"86":0,"87":0,"88":0,"89":0,"90":0,"91":0,"92":0,"93":0,"94":0,"96":0,"97":0,"99":0,"100":0,"101":0,"102":0,"103":0,"104":0,"105":0,"106":0,"107":0,"108":0,"109":0,"110":0,"111":0,"112":0,"113":0,"114":0,"116":0,"117":0,"118":0,"119":0,"121":0,"122":0,"123":0,"124":0,"126":0,"128":0,"129":0,"131":0,"133":0,"134":0,"136":0,"137":0,"139":0,"141":0,"142":0,"143":0,"144":0,"145":0,"146":0,"147":0,"148":0,"150":0},"branchMap":{"0":{"type":"branch","line":1,"loc":{"start":{"line":1,"column":5249},"end":{"line":151,"column":1}},"locations":[{"start":{"line":1,"column":5249},"end":{"line":151,"column":1}}]}},"b":{"0":[1]},"fnMap":{"0":{"name":"(empty-report)","decl":{"start":{"line":1,"column":5249},"end":{"line":151,"column":1}},"loc":{"start":{"line":1,"column":5249},"end":{"line":151,"column":1}},"line":1}},"f":{"0":1}}
,"/Users/drake.harper/code/personal_projects/substitute-finder-app/substitute-finder-app/src/components/classes/ClassForm.tsx": {"path":"/Users/drake.harper/code/personal_projects/substitute-finder-app/substitute-finder-app/src/components/classes/ClassForm.tsx","all":true,"statementMap":{"1":{"start":{"line":2,"column":0},"end":{"line":2,"column":32}},"2":{"start":{"line":3,"column":0},"end":{"line":3,"column":37}},"3":{"start":{"line":4,"column":0},"end":{"line":4,"column":35}},"4":{"start":{"line":5,"column":0},"end":{"line":5,"column":86}},"5":{"start":{"line":6,"column":0},"end":{"line":6,"column":40}},"15":{"start":{"line":16,"column":0},"end":{"line":16,"column":25}},"16":{"start":{"line":17,"column":0},"end":{"line":17,"column":16}},"17":{"start":{"line":18,"column":0},"end":{"line":18,"column":26}},"18":{"start":{"line":19,"column":0},"end":{"line":19,"column":12}},"19":{"start":{"line":20,"column":0},"end":{"line":20,"column":19}},"20":{"start":{"line":21,"column":0},"end":{"line":21,"column":23}},"21":{"start":{"line":22,"column":0},"end":{"line":22,"column":8}},"22":{"start":{"line":23,"column":0},"end":{"line":23,"column":10}},"23":{"start":{"line":24,"column":0},"end":{"line":24,"column":21}},"24":{"start":{"line":25,"column":0},"end":{"line":25,"column":21}},"25":{"start":{"line":26,"column":0},"end":{"line":26,"column":11}},"26":{"start":{"line":27,"column":0},"end":{"line":27,"column":12}},"27":{"start":{"line":28,"column":0},"end":{"line":28,"column":22}},"28":{"start":{"line":29,"column":0},"end":{"line":29,"column":1}},"30":{"start":{"line":31,"column":0},"end":{"line":31,"column":22}},"31":{"start":{"line":32,"column":0},"end":{"line":32,"column":10}},"32":{"start":{"line":33,"column":0},"end":{"line":33,"column":17}},"33":{"start":{"line":34,"column":0},"end":{"line":34,"column":14}},"34":{"start":{"line":35,"column":0},"end":{"line":35,"column":14}},"35":{"start":{"line":36,"column":0},"end":{"line":36,"column":14}},"36":{"start":{"line":37,"column":0},"end":{"line":37,"column":14}},"37":{"start":{"line":38,"column":0},"end":{"line":38,"column":14}},"38":{"start":{"line":39,"column":0},"end":{"line":39,"column":14}},"39":{"start":{"line":40,"column":0},"end":{"line":40,"column":14}},"40":{"start":{"line":41,"column":0},"end":{"line":41,"column":14}},"41":{"start":{"line":42,"column":0},"end":{"line":42,"column":14}},"42":{"start":{"line":43,"column":0},"end":{"line":43,"column":15}},"43":{"start":{"line":44,"column":0},"end":{"line":44,"column":15}},"44":{"start":{"line":45,"column":0},"end":{"line":45,"column":15}},"45":{"start":{"line":46,"column":0},"end":{"line":46,"column":17}},"46":{"start":{"line":47,"column":0},"end":{"line":47,"column":1}},"48":{"start":{"line":49,"column":0},"end":{"line":49,"column":100}},"49":{"start":{"line":50,"column":0},"end":{"line":50,"column":64}},"50":{"start":{"line":51,"column":0},"end":{"line":51,"column":32}},"51":{"start":{"line":52,"column":0},"end":{"line":52,"column":54}},"52":{"start":{"line":53,"column":0},"end":{"line":53,"column":38}},"53":{"start":{"line":54,"column":0},"end":{"line":54,"column":46}},"54":{"start":{"line":55,"column":0},"end":{"line":55,"column":46}},"55":{"start":{"line":56,"column":0},"end":{"line":56,"column":46}},"56":{"start":{"line":57,"column":0},"end":{"line":57,"column":4}},"58":{"start":{"line":59,"column":0},"end":{"line":59,"column":47}},"59":{"start":{"line":60,"column":0},"end":{"line":60,"column":57}},"61":{"start":{"line":62,"column":0},"end":{"line":62,"column":54}},"62":{"start":{"line":63,"column":0},"end":{"line":63,"column":22}},"63":{"start":{"line":64,"column":0},"end":{"line":64,"column":20}},"64":{"start":{"line":65,"column":0},"end":{"line":65,"column":18}},"66":{"start":{"line":67,"column":0},"end":{"line":67,"column":9}},"67":{"start":{"line":68,"column":0},"end":{"line":68,"column":26}},"68":{"start":{"line":69,"column":0},"end":{"line":69,"column":20}},"69":{"start":{"line":70,"column":0},"end":{"line":70,"column":47}},"70":{"start":{"line":71,"column":0},"end":{"line":71,"column":55}},"71":{"start":{"line":72,"column":0},"end":{"line":72,"column":55}},"72":{"start":{"line":73,"column":0},"end":{"line":73,"column":55}},"73":{"start":{"line":74,"column":0},"end":{"line":74,"column":7}},"75":{"start":{"line":76,"column":0},"end":{"line":76,"column":22}},"76":{"start":{"line":77,"column":0},"end":{"line":77,"column":55}},"77":{"start":{"line":78,"column":0},"end":{"line":78,"column":14}},"78":{"start":{"line":79,"column":0},"end":{"line":79,"column":41}},"79":{"start":{"line":80,"column":0},"end":{"line":80,"column":7}},"81":{"start":{"line":82,"column":0},"end":{"line":82,"column":16}},"82":{"start":{"line":83,"column":0},"end":{"line":83,"column":19}},"83":{"start":{"line":84,"column":0},"end":{"line":84,"column":68}},"84":{"start":{"line":85,"column":0},"end":{"line":85,"column":51}},"85":{"start":{"line":86,"column":0},"end":{"line":86,"column":15}},"86":{"start":{"line":87,"column":0},"end":{"line":87,"column":23}},"87":{"start":{"line":88,"column":0},"end":{"line":88,"column":5}},"88":{"start":{"line":89,"column":0},"end":{"line":89,"column":3}},"90":{"start":{"line":91,"column":0},"end":{"line":91,"column":76}},"91":{"start":{"line":92,"column":0},"end":{"line":92,"column":28}},"92":{"start":{"line":93,"column":0},"end":{"line":93,"column":14}},"93":{"start":{"line":94,"column":0},"end":{"line":94,"column":21}},"94":{"start":{"line":95,"column":0},"end":{"line":95,"column":7}},"95":{"start":{"line":96,"column":0},"end":{"line":96,"column":3}},"97":{"start":{"line":98,"column":0},"end":{"line":98,"column":10}},"98":{"start":{"line":99,"column":0},"end":{"line":99,"column":10}},"99":{"start":{"line":100,"column":0},"end":{"line":100,"column":18}},"100":{"start":{"line":101,"column":0},"end":{"line":101,"column":78}},"101":{"start":{"line":102,"column":0},"end":{"line":102,"column":25}},"102":{"start":{"line":103,"column":0},"end":{"line":103,"column":20}},"103":{"start":{"line":104,"column":0},"end":{"line":104,"column":47}},"104":{"start":{"line":105,"column":0},"end":{"line":105,"column":59}},"105":{"start":{"line":106,"column":0},"end":{"line":106,"column":26}},"106":{"start":{"line":107,"column":0},"end":{"line":107,"column":19}},"107":{"start":{"line":108,"column":0},"end":{"line":108,"column":19}},"108":{"start":{"line":109,"column":0},"end":{"line":109,"column":60}},"109":{"start":{"line":110,"column":0},"end":{"line":110,"column":21}},"110":{"start":{"line":111,"column":0},"end":{"line":111,"column":114}},"111":{"start":{"line":112,"column":0},"end":{"line":112,"column":21}},"112":{"start":{"line":113,"column":0},"end":{"line":113,"column":18}},"115":{"start":{"line":116,"column":0},"end":{"line":116,"column":65}},"116":{"start":{"line":117,"column":0},"end":{"line":117,"column":39}},"117":{"start":{"line":118,"column":0},"end":{"line":118,"column":68}},"119":{"start":{"line":120,"column":0},"end":{"line":120,"column":22}},"120":{"start":{"line":121,"column":0},"end":{"line":121,"column":20}},"121":{"start":{"line":122,"column":0},"end":{"line":122,"column":25}},"122":{"start":{"line":123,"column":0},"end":{"line":123,"column":27}},"123":{"start":{"line":124,"column":0},"end":{"line":124,"column":37}},"124":{"start":{"line":125,"column":0},"end":{"line":125,"column":70}},"125":{"start":{"line":126,"column":0},"end":{"line":126,"column":75}},"126":{"start":{"line":127,"column":0},"end":{"line":127,"column":24}},"127":{"start":{"line":128,"column":0},"end":{"line":128,"column":16}},"128":{"start":{"line":129,"column":0},"end":{"line":129,"column":18}},"130":{"start":{"line":131,"column":0},"end":{"line":131,"column":39}},"131":{"start":{"line":132,"column":0},"end":{"line":132,"column":76}},"133":{"start":{"line":134,"column":0},"end":{"line":134,"column":22}},"134":{"start":{"line":135,"column":0},"end":{"line":135,"column":21}},"135":{"start":{"line":136,"column":0},"end":{"line":136,"column":33}},"136":{"start":{"line":137,"column":0},"end":{"line":137,"column":48}},"137":{"start":{"line":138,"column":0},"end":{"line":138,"column":81}},"138":{"start":{"line":139,"column":0},"end":{"line":139,"column":230}},"139":{"start":{"line":140,"column":0},"end":{"line":140,"column":24}},"141":{"start":{"line":142,"column":0},"end":{"line":142,"column":61}},"142":{"start":{"line":143,"column":0},"end":{"line":143,"column":45}},"143":{"start":{"line":144,"column":0},"end":{"line":144,"column":54}},"144":{"start":{"line":145,"column":0},"end":{"line":145,"column":30}},"145":{"start":{"line":146,"column":0},"end":{"line":146,"column":27}},"146":{"start":{"line":147,"column":0},"end":{"line":147,"column":19}},"147":{"start":{"line":148,"column":0},"end":{"line":148,"column":23}},"148":{"start":{"line":149,"column":0},"end":{"line":149,"column":18}},"150":{"start":{"line":151,"column":0},"end":{"line":151,"column":39}},"151":{"start":{"line":152,"column":0},"end":{"line":152,"column":71}},"153":{"start":{"line":154,"column":0},"end":{"line":154,"column":22}},"154":{"start":{"line":155,"column":0},"end":{"line":155,"column":21}},"155":{"start":{"line":156,"column":0},"end":{"line":156,"column":28}},"156":{"start":{"line":157,"column":0},"end":{"line":157,"column":46}},"157":{"start":{"line":158,"column":0},"end":{"line":158,"column":73}},"158":{"start":{"line":159,"column":0},"end":{"line":159,"column":230}},"160":{"start":{"line":161,"column":0},"end":{"line":161,"column":67}},"161":{"start":{"line":162,"column":0},"end":{"line":162,"column":51}},"162":{"start":{"line":163,"column":0},"end":{"line":163,"column":56}},"163":{"start":{"line":164,"column":0},"end":{"line":164,"column":29}},"164":{"start":{"line":165,"column":0},"end":{"line":165,"column":27}},"165":{"start":{"line":166,"column":0},"end":{"line":166,"column":19}},"166":{"start":{"line":167,"column":0},"end":{"line":167,"column":52}},"167":{"start":{"line":168,"column":0},"end":{"line":168,"column":23}},"168":{"start":{"line":169,"column":0},"end":{"line":169,"column":18}},"170":{"start":{"line":171,"column":0},"end":{"line":171,"column":39}},"171":{"start":{"line":172,"column":0},"end":{"line":172,"column":75}},"173":{"start":{"line":174,"column":0},"end":{"line":174,"column":22}},"174":{"start":{"line":175,"column":0},"end":{"line":175,"column":21}},"175":{"start":{"line":176,"column":0},"end":{"line":176,"column":32}},"176":{"start":{"line":177,"column":0},"end":{"line":177,"column":50}},"177":{"start":{"line":178,"column":0},"end":{"line":178,"column":77}},"178":{"start":{"line":179,"column":0},"end":{"line":179,"column":230}},"180":{"start":{"line":181,"column":0},"end":{"line":181,"column":71}},"181":{"start":{"line":182,"column":0},"end":{"line":182,"column":46}},"182":{"start":{"line":183,"column":0},"end":{"line":183,"column":52}},"183":{"start":{"line":184,"column":0},"end":{"line":184,"column":27}},"184":{"start":{"line":185,"column":0},"end":{"line":185,"column":27}},"185":{"start":{"line":186,"column":0},"end":{"line":186,"column":19}},"186":{"start":{"line":187,"column":0},"end":{"line":187,"column":23}},"187":{"start":{"line":188,"column":0},"end":{"line":188,"column":18}},"189":{"start":{"line":190,"column":0},"end":{"line":190,"column":39}},"190":{"start":{"line":191,"column":0},"end":{"line":191,"column":75}},"192":{"start":{"line":193,"column":0},"end":{"line":193,"column":22}},"193":{"start":{"line":194,"column":0},"end":{"line":194,"column":20}},"194":{"start":{"line":195,"column":0},"end":{"line":195,"column":32}},"195":{"start":{"line":196,"column":0},"end":{"line":196,"column":27}},"196":{"start":{"line":197,"column":0},"end":{"line":197,"column":50}},"197":{"start":{"line":198,"column":0},"end":{"line":198,"column":77}},"198":{"start":{"line":199,"column":0},"end":{"line":199,"column":56}},"199":{"start":{"line":200,"column":0},"end":{"line":200,"column":16}},"200":{"start":{"line":201,"column":0},"end":{"line":201,"column":18}},"202":{"start":{"line":203,"column":0},"end":{"line":203,"column":39}},"203":{"start":{"line":204,"column":0},"end":{"line":204,"column":75}},"205":{"start":{"line":206,"column":0},"end":{"line":206,"column":22}},"206":{"start":{"line":207,"column":0},"end":{"line":207,"column":23}},"207":{"start":{"line":208,"column":0},"end":{"line":208,"column":32}},"208":{"start":{"line":209,"column":0},"end":{"line":209,"column":50}},"209":{"start":{"line":210,"column":0},"end":{"line":210,"column":77}},"210":{"start":{"line":211,"column":0},"end":{"line":211,"column":75}},"211":{"start":{"line":212,"column":0},"end":{"line":212,"column":24}},"212":{"start":{"line":213,"column":0},"end":{"line":213,"column":237}},"213":{"start":{"line":214,"column":0},"end":{"line":214,"column":16}},"214":{"start":{"line":215,"column":0},"end":{"line":215,"column":18}},"215":{"start":{"line":216,"column":0},"end":{"line":216,"column":16}},"217":{"start":{"line":218,"column":0},"end":{"line":218,"column":55}},"218":{"start":{"line":219,"column":0},"end":{"line":219,"column":90}},"220":{"start":{"line":221,"column":0},"end":{"line":221,"column":21}},"221":{"start":{"line":222,"column":0},"end":{"line":222,"column":53}},"222":{"start":{"line":223,"column":0},"end":{"line":223,"column":22}},"223":{"start":{"line":224,"column":0},"end":{"line":224,"column":27}},"224":{"start":{"line":225,"column":0},"end":{"line":225,"column":33}},"225":{"start":{"line":226,"column":0},"end":{"line":226,"column":33}},"226":{"start":{"line":227,"column":0},"end":{"line":227,"column":27}},"227":{"start":{"line":228,"column":0},"end":{"line":228,"column":34}},"228":{"start":{"line":229,"column":0},"end":{"line":229,"column":35}},"229":{"start":{"line":230,"column":0},"end":{"line":230,"column":21}},"230":{"start":{"line":231,"column":0},"end":{"line":231,"column":16}},"231":{"start":{"line":232,"column":0},"end":{"line":232,"column":15}},"232":{"start":{"line":233,"column":0},"end":{"line":233,"column":20}},"233":{"start":{"line":234,"column":0},"end":{"line":234,"column":11}},"235":{"start":{"line":236,"column":0},"end":{"line":236,"column":1}}},"s":{"1":0,"2":0,"3":0,"4":0,"5":0,"15":0,"16":0,"17":0,"18":0,"19":0,"20":0,"21":0,"22":0,"23":0,"24":0,"25":0,"26":0,"27":0,"28":0,"30":0,"31":0,"32":0,"33":0,"34":0,"35":0,"36":0,"37":0,"38":0,"39":0,"40":0,"41":0,"42":0,"43":0,"44":0,"45":0,"46":0,"48":0,"49":0,"50":0,"51":0,"52":0,"53":0,"54":0,"55":0,"56":0,"58":0,"59":0,"61":0,"62":0,"63":0,"64":0,"66":0,"67":0,"68":0,"69":0,"70":0,"71":0,"72":0,"73":0,"75":0,"76":0,"77":0,"78":0,"79":0,"81":0,"82":0,"83":0,"84":0,"85":0,"86":0,"87":0,"88":0,"90":0,"91":0,"92":0,"93":0,"94":0,"95":0,"97":0,"98":0,"99":0,"100":0,"101":0,"102":0,"103":0,"104":0,"105":0,"106":0,"107":0,"108":0,"109":0,"110":0,"111":0,"112":0,"115":0,"116":0,"117":0,"119":0,"120":0,"121":0,"122":0,"123":0,"124":0,"125":0,"126":0,"127":0,"128":0,"130":0,"131":0,"133":0,"134":0,"135":0,"136":0,"137":0,"138":0,"139":0,"141":0,"142":0,"143":0,"144":0,"145":0,"146":0,"147":0,"148":0,"150":0,"151":0,"153":0,"154":0,"155":0,"156":0,"157":0,"158":0,"160":0,"161":0,"162":0,"163":0,"164":0,"165":0,"166":0,"167":0,"168":0,"170":0,"171":0,"173":0,"174":0,"175":0,"176":0,"177":0,"178":0,"180":0,"181":0,"182":0,"183":0,"184":0,"185":0,"186":0,"187":0,"189":0,"190":0,"192":0,"193":0,"194":0,"195":0,"196":0,"197":0,"198":0,"199":0,"200":0,"202":0,"203":0,"205":0,"206":0,"207":0,"208":0,"209":0,"210":0,"211":0,"212":0,"213":0,"214":0,"215":0,"217":0,"218":0,"220":0,"221":0,"222":0,"223":0,"224":0,"225":0,"226":0,"227":0,"228":0,"229":0,"230":0,"231":0,"232":0,"233":0,"235":0},"branchMap":{"0":{"type":"branch","line":1,"loc":{"start":{"line":1,"column":8083},"end":{"line":236,"column":1}},"locations":[{"start":{"line":1,"column":8083},"end":{"line":236,"column":1}}]}},"b":{"0":[1]},"fnMap":{"0":{"name":"(empty-report)","decl":{"start":{"line":1,"column":8083},"end":{"line":236,"column":1}},"loc":{"start":{"line":1,"column":8083},"end":{"line":236,"column":1}},"line":1}},"f":{"0":1}}
,"/Users/drake.harper/code/personal_projects/substitute-finder-app/substitute-finder-app/src/components/classes/ClassList.tsx": {"path":"/Users/drake.harper/code/personal_projects/substitute-finder-app/substitute-finder-app/src/components/classes/ClassList.tsx","all":true,"statementMap":{"0":{"start":{"line":1,"column":0},"end":{"line":1,"column":50}},"1":{"start":{"line":2,"column":0},"end":{"line":2,"column":91}},"2":{"start":{"line":3,"column":0},"end":{"line":3,"column":37}},"3":{"start":{"line":4,"column":0},"end":{"line":4,"column":86}},"4":{"start":{"line":5,"column":0},"end":{"line":5,"column":57}},"6":{"start":{"line":7,"column":0},"end":{"line":7,"column":39}},"7":{"start":{"line":8,"column":0},"end":{"line":8,"column":46}},"8":{"start":{"line":9,"column":0},"end":{"line":9,"column":69}},"10":{"start":{"line":11,"column":0},"end":{"line":11,"column":29}},"11":{"start":{"line":12,"column":0},"end":{"line":12,"column":48}},"12":{"start":{"line":13,"column":0},"end":{"line":13,"column":53}},"13":{"start":{"line":14,"column":0},"end":{"line":14,"column":72}},"14":{"start":{"line":15,"column":0},"end":{"line":15,"column":46}},"15":{"start":{"line":16,"column":0},"end":{"line":16,"column":49}},"16":{"start":{"line":17,"column":0},"end":{"line":17,"column":70}},"17":{"start":{"line":18,"column":0},"end":{"line":18,"column":57}},"18":{"start":{"line":19,"column":0},"end":{"line":19,"column":64}},"20":{"start":{"line":21,"column":0},"end":{"line":21,"column":19}},"21":{"start":{"line":22,"column":0},"end":{"line":22,"column":14}},"22":{"start":{"line":23,"column":0},"end":{"line":23,"column":8}},"24":{"start":{"line":25,"column":0},"end":{"line":25,"column":32}},"25":{"start":{"line":26,"column":0},"end":{"line":26,"column":9}},"26":{"start":{"line":27,"column":0},"end":{"line":27,"column":22}},"27":{"start":{"line":28,"column":0},"end":{"line":28,"column":57}},"28":{"start":{"line":29,"column":0},"end":{"line":29,"column":26}},"29":{"start":{"line":30,"column":0},"end":{"line":30,"column":33}},"30":{"start":{"line":31,"column":0},"end":{"line":31,"column":8}},"31":{"start":{"line":32,"column":0},"end":{"line":32,"column":29}},"32":{"start":{"line":33,"column":0},"end":{"line":33,"column":32}},"33":{"start":{"line":34,"column":0},"end":{"line":34,"column":20}},"34":{"start":{"line":35,"column":0},"end":{"line":35,"column":19}},"35":{"start":{"line":36,"column":0},"end":{"line":36,"column":58}},"36":{"start":{"line":37,"column":0},"end":{"line":37,"column":47}},"37":{"start":{"line":38,"column":0},"end":{"line":38,"column":15}},"38":{"start":{"line":39,"column":0},"end":{"line":39,"column":23}},"39":{"start":{"line":40,"column":0},"end":{"line":40,"column":5}},"40":{"start":{"line":41,"column":0},"end":{"line":41,"column":3}},"42":{"start":{"line":43,"column":0},"end":{"line":43,"column":46}},"43":{"start":{"line":44,"column":0},"end":{"line":44,"column":71}},"45":{"start":{"line":46,"column":0},"end":{"line":46,"column":9}},"46":{"start":{"line":47,"column":0},"end":{"line":47,"column":31}},"47":{"start":{"line":48,"column":0},"end":{"line":48,"column":22}},"48":{"start":{"line":49,"column":0},"end":{"line":49,"column":19}},"49":{"start":{"line":50,"column":0},"end":{"line":50,"column":40}},"50":{"start":{"line":51,"column":0},"end":{"line":51,"column":49}},"51":{"start":{"line":52,"column":0},"end":{"line":52,"column":5}},"52":{"start":{"line":53,"column":0},"end":{"line":53,"column":3}},"54":{"start":{"line":55,"column":0},"end":{"line":55,"column":40}},"55":{"start":{"line":56,"column":0},"end":{"line":56,"column":22}},"56":{"start":{"line":57,"column":0},"end":{"line":57,"column":25}},"57":{"start":{"line":58,"column":0},"end":{"line":58,"column":20}},"58":{"start":{"line":59,"column":0},"end":{"line":59,"column":3}},"60":{"start":{"line":61,"column":0},"end":{"line":61,"column":38}},"61":{"start":{"line":62,"column":0},"end":{"line":62,"column":24}},"62":{"start":{"line":63,"column":0},"end":{"line":63,"column":21}},"63":{"start":{"line":64,"column":0},"end":{"line":64,"column":3}},"65":{"start":{"line":66,"column":0},"end":{"line":66,"column":27}},"66":{"start":{"line":67,"column":0},"end":{"line":67,"column":25}},"67":{"start":{"line":68,"column":0},"end":{"line":68,"column":21}},"68":{"start":{"line":69,"column":0},"end":{"line":69,"column":3}},"70":{"start":{"line":71,"column":0},"end":{"line":71,"column":43}},"71":{"start":{"line":72,"column":0},"end":{"line":72,"column":9}},"72":{"start":{"line":73,"column":0},"end":{"line":73,"column":63}},"73":{"start":{"line":74,"column":0},"end":{"line":74,"column":23}},"74":{"start":{"line":75,"column":0},"end":{"line":75,"column":35}},"75":{"start":{"line":76,"column":0},"end":{"line":76,"column":50}},"76":{"start":{"line":77,"column":0},"end":{"line":77,"column":37}},"77":{"start":{"line":78,"column":0},"end":{"line":78,"column":8}},"78":{"start":{"line":79,"column":0},"end":{"line":79,"column":21}},"79":{"start":{"line":80,"column":0},"end":{"line":80,"column":44}},"80":{"start":{"line":81,"column":0},"end":{"line":81,"column":23}},"81":{"start":{"line":82,"column":0},"end":{"line":82,"column":31}},"82":{"start":{"line":83,"column":0},"end":{"line":83,"column":41}},"83":{"start":{"line":84,"column":0},"end":{"line":84,"column":35}},"84":{"start":{"line":85,"column":0},"end":{"line":85,"column":8}},"85":{"start":{"line":86,"column":0},"end":{"line":86,"column":5}},"86":{"start":{"line":87,"column":0},"end":{"line":87,"column":3}},"88":{"start":{"line":89,"column":0},"end":{"line":89,"column":50}},"89":{"start":{"line":90,"column":0},"end":{"line":90,"column":57}},"90":{"start":{"line":91,"column":0},"end":{"line":91,"column":46}},"91":{"start":{"line":92,"column":0},"end":{"line":92,"column":3}},"93":{"start":{"line":94,"column":0},"end":{"line":94,"column":39}},"94":{"start":{"line":95,"column":0},"end":{"line":95,"column":68}},"95":{"start":{"line":96,"column":0},"end":{"line":96,"column":13}},"97":{"start":{"line":98,"column":0},"end":{"line":98,"column":16}},"98":{"start":{"line":99,"column":0},"end":{"line":99,"column":12}},"99":{"start":{"line":100,"column":0},"end":{"line":100,"column":60}},"100":{"start":{"line":101,"column":0},"end":{"line":101,"column":71}},"101":{"start":{"line":102,"column":0},"end":{"line":102,"column":12}},"103":{"start":{"line":104,"column":0},"end":{"line":104,"column":3}},"105":{"start":{"line":106,"column":0},"end":{"line":106,"column":10}},"106":{"start":{"line":107,"column":0},"end":{"line":107,"column":25}},"107":{"start":{"line":108,"column":0},"end":{"line":108,"column":62}},"108":{"start":{"line":109,"column":0},"end":{"line":109,"column":13}},"109":{"start":{"line":110,"column":0},"end":{"line":110,"column":57}},"110":{"start":{"line":111,"column":0},"end":{"line":111,"column":83}},"111":{"start":{"line":112,"column":0},"end":{"line":112,"column":14}},"113":{"start":{"line":114,"column":0},"end":{"line":114,"column":49}},"114":{"start":{"line":115,"column":0},"end":{"line":115,"column":66}},"115":{"start":{"line":116,"column":0},"end":{"line":116,"column":49}},"117":{"start":{"line":118,"column":0},"end":{"line":118,"column":19}},"118":{"start":{"line":119,"column":0},"end":{"line":119,"column":38}},"119":{"start":{"line":120,"column":0},"end":{"line":120,"column":45}},"121":{"start":{"line":122,"column":0},"end":{"line":122,"column":19}},"122":{"start":{"line":123,"column":0},"end":{"line":123,"column":14}},"123":{"start":{"line":124,"column":0},"end":{"line":124,"column":12}},"125":{"start":{"line":126,"column":0},"end":{"line":126,"column":17}},"126":{"start":{"line":127,"column":0},"end":{"line":127,"column":115}},"127":{"start":{"line":128,"column":0},"end":{"line":128,"column":17}},"128":{"start":{"line":129,"column":0},"end":{"line":129,"column":14}},"132":{"start":{"line":133,"column":0},"end":{"line":133,"column":28}},"133":{"start":{"line":134,"column":0},"end":{"line":134,"column":14}},"134":{"start":{"line":135,"column":0},"end":{"line":135,"column":22}},"135":{"start":{"line":136,"column":0},"end":{"line":136,"column":77}},"136":{"start":{"line":137,"column":0},"end":{"line":137,"column":23}},"137":{"start":{"line":138,"column":0},"end":{"line":138,"column":23}},"138":{"start":{"line":139,"column":0},"end":{"line":139,"column":19}},"139":{"start":{"line":140,"column":0},"end":{"line":140,"column":35}},"140":{"start":{"line":141,"column":0},"end":{"line":141,"column":64}},"141":{"start":{"line":142,"column":0},"end":{"line":142,"column":237}},"143":{"start":{"line":144,"column":0},"end":{"line":144,"column":57}},"144":{"start":{"line":145,"column":0},"end":{"line":145,"column":43}},"145":{"start":{"line":146,"column":0},"end":{"line":146,"column":52}},"146":{"start":{"line":147,"column":0},"end":{"line":147,"column":28}},"147":{"start":{"line":148,"column":0},"end":{"line":148,"column":25}},"148":{"start":{"line":149,"column":0},"end":{"line":149,"column":17}},"149":{"start":{"line":150,"column":0},"end":{"line":150,"column":21}},"150":{"start":{"line":151,"column":0},"end":{"line":151,"column":24}},"151":{"start":{"line":152,"column":0},"end":{"line":152,"column":15}},"152":{"start":{"line":153,"column":0},"end":{"line":153,"column":12}},"154":{"start":{"line":155,"column":0},"end":{"line":155,"column":20}},"155":{"start":{"line":156,"column":0},"end":{"line":156,"column":30}},"156":{"start":{"line":157,"column":0},"end":{"line":157,"column":20}},"157":{"start":{"line":158,"column":0},"end":{"line":158,"column":32}},"158":{"start":{"line":159,"column":0},"end":{"line":159,"column":41}},"159":{"start":{"line":160,"column":0},"end":{"line":160,"column":39}},"160":{"start":{"line":161,"column":0},"end":{"line":161,"column":29}},"161":{"start":{"line":162,"column":0},"end":{"line":162,"column":32}},"162":{"start":{"line":163,"column":0},"end":{"line":163,"column":35}},"163":{"start":{"line":164,"column":0},"end":{"line":164,"column":14}},"164":{"start":{"line":165,"column":0},"end":{"line":165,"column":12}},"165":{"start":{"line":166,"column":0},"end":{"line":166,"column":14}},"168":{"start":{"line":169,"column":0},"end":{"line":169,"column":76}},"169":{"start":{"line":170,"column":0},"end":{"line":170,"column":41}},"170":{"start":{"line":171,"column":0},"end":{"line":171,"column":41}},"171":{"start":{"line":172,"column":0},"end":{"line":172,"column":18}},"172":{"start":{"line":173,"column":0},"end":{"line":173,"column":55}},"173":{"start":{"line":174,"column":0},"end":{"line":174,"column":90}},"174":{"start":{"line":175,"column":0},"end":{"line":175,"column":59}},"175":{"start":{"line":176,"column":0},"end":{"line":176,"column":88}},"176":{"start":{"line":177,"column":0},"end":{"line":177,"column":21}},"177":{"start":{"line":178,"column":0},"end":{"line":178,"column":58}},"178":{"start":{"line":179,"column":0},"end":{"line":179,"column":32}},"179":{"start":{"line":180,"column":0},"end":{"line":180,"column":71}},"180":{"start":{"line":181,"column":0},"end":{"line":181,"column":66}},"181":{"start":{"line":182,"column":0},"end":{"line":182,"column":20}},"182":{"start":{"line":183,"column":0},"end":{"line":183,"column":44}},"183":{"start":{"line":184,"column":0},"end":{"line":184,"column":51}},"185":{"start":{"line":186,"column":0},"end":{"line":186,"column":25}},"186":{"start":{"line":187,"column":0},"end":{"line":187,"column":28}},"187":{"start":{"line":188,"column":0},"end":{"line":188,"column":19}},"188":{"start":{"line":189,"column":0},"end":{"line":189,"column":16}},"190":{"start":{"line":191,"column":0},"end":{"line":191,"column":40}},"191":{"start":{"line":192,"column":0},"end":{"line":192,"column":77}},"192":{"start":{"line":193,"column":0},"end":{"line":193,"column":26}},"193":{"start":{"line":194,"column":0},"end":{"line":194,"column":67}},"194":{"start":{"line":195,"column":0},"end":{"line":195,"column":59}},"195":{"start":{"line":196,"column":0},"end":{"line":196,"column":70}},"196":{"start":{"line":197,"column":0},"end":{"line":197,"column":25}},"197":{"start":{"line":198,"column":0},"end":{"line":198,"column":75}},"198":{"start":{"line":199,"column":0},"end":{"line":199,"column":75}},"199":{"start":{"line":200,"column":0},"end":{"line":200,"column":56}},"200":{"start":{"line":201,"column":0},"end":{"line":201,"column":66}},"201":{"start":{"line":202,"column":0},"end":{"line":202,"column":40}},"202":{"start":{"line":203,"column":0},"end":{"line":203,"column":26}},"203":{"start":{"line":204,"column":0},"end":{"line":204,"column":24}},"204":{"start":{"line":205,"column":0},"end":{"line":205,"column":46}},"205":{"start":{"line":206,"column":0},"end":{"line":206,"column":88}},"206":{"start":{"line":207,"column":0},"end":{"line":207,"column":50}},"207":{"start":{"line":208,"column":0},"end":{"line":208,"column":29}},"208":{"start":{"line":209,"column":0},"end":{"line":209,"column":97}},"209":{"start":{"line":210,"column":0},"end":{"line":210,"column":52}},"210":{"start":{"line":211,"column":0},"end":{"line":211,"column":29}},"211":{"start":{"line":212,"column":0},"end":{"line":212,"column":24}},"212":{"start":{"line":213,"column":0},"end":{"line":213,"column":22}},"213":{"start":{"line":214,"column":0},"end":{"line":214,"column":27}},"214":{"start":{"line":215,"column":0},"end":{"line":215,"column":27}},"215":{"start":{"line":216,"column":0},"end":{"line":216,"column":43}},"216":{"start":{"line":217,"column":0},"end":{"line":217,"column":35}},"217":{"start":{"line":218,"column":0},"end":{"line":218,"column":69}},"218":{"start":{"line":219,"column":0},"end":{"line":219,"column":67}},"219":{"start":{"line":220,"column":0},"end":{"line":220,"column":98}},"220":{"start":{"line":221,"column":0},"end":{"line":221,"column":37}},"221":{"start":{"line":222,"column":0},"end":{"line":222,"column":29}},"222":{"start":{"line":223,"column":0},"end":{"line":223,"column":26}},"224":{"start":{"line":225,"column":0},"end":{"line":225,"column":39}},"225":{"start":{"line":226,"column":0},"end":{"line":226,"column":69}},"226":{"start":{"line":227,"column":0},"end":{"line":227,"column":65}},"227":{"start":{"line":228,"column":0},"end":{"line":228,"column":82}},"228":{"start":{"line":229,"column":0},"end":{"line":229,"column":41}},"229":{"start":{"line":230,"column":0},"end":{"line":230,"column":29}},"230":{"start":{"line":231,"column":0},"end":{"line":231,"column":26}},"232":{"start":{"line":233,"column":0},"end":{"line":233,"column":39}},"233":{"start":{"line":234,"column":0},"end":{"line":234,"column":69}},"234":{"start":{"line":235,"column":0},"end":{"line":235,"column":64}},"235":{"start":{"line":236,"column":0},"end":{"line":236,"column":52}},"236":{"start":{"line":237,"column":0},"end":{"line":237,"column":26}},"238":{"start":{"line":239,"column":0},"end":{"line":239,"column":39}},"239":{"start":{"line":240,"column":0},"end":{"line":240,"column":95}},"241":{"start":{"line":242,"column":0},"end":{"line":242,"column":79}},"242":{"start":{"line":243,"column":0},"end":{"line":243,"column":76}},"243":{"start":{"line":244,"column":0},"end":{"line":244,"column":24}},"244":{"start":{"line":245,"column":0},"end":{"line":245,"column":22}},"245":{"start":{"line":246,"column":0},"end":{"line":246,"column":28}},"246":{"start":{"line":247,"column":0},"end":{"line":247,"column":19}},"247":{"start":{"line":248,"column":0},"end":{"line":248,"column":12}},"249":{"start":{"line":250,"column":0},"end":{"line":250,"column":12}},"250":{"start":{"line":251,"column":0},"end":{"line":251,"column":10}},"252":{"start":{"line":253,"column":0},"end":{"line":253,"column":1}}},"s":{"0":0,"1":0,"2":0,"3":0,"4":0,"6":0,"7":0,"8":0,"10":0,"11":0,"12":0,"13":0,"14":0,"15":0,"16":0,"17":0,"18":0,"20":0,"21":0,"22":0,"24":0,"25":0,"26":0,"27":0,"28":0,"29":0,"30":0,"31":0,"32":0,"33":0,"34":0,"35":0,"36":0,"37":0,"38":0,"39":0,"40":0,"42":0,"43":0,"45":0,"46":0,"47":0,"48":0,"49":0,"50":0,"51":0,"52":0,"54":0,"55":0,"56":0,"57":0,"58":0,"60":0,"61":0,"62":0,"63":0,"65":0,"66":0,"67":0,"68":0,"70":0,"71":0,"72":0,"73":0,"74":0,"75":0,"76":0,"77":0,"78":0,"79":0,"80":0,"81":0,"82":0,"83":0,"84":0,"85":0,"86":0,"88":0,"89":0,"90":0,"91":0,"93":0,"94":0,"95":0,"97":0,"98":0,"99":0,"100":0,"101":0,"103":0,"105":0,"106":0,"107":0,"108":0,"109":0,"110":0,"111":0,"113":0,"114":0,"115":0,"117":0,"118":0,"119":0,"121":0,"122":0,"123":0,"125":0,"126":0,"127":0,"128":0,"132":0,"133":0,"134":0,"135":0,"136":0,"137":0,"138":0,"139":0,"140":0,"141":0,"143":0,"144":0,"145":0,"146":0,"147":0,"148":0,"149":0,"150":0,"151":0,"152":0,"154":0,"155":0,"156":0,"157":0,"158":0,"159":0,"160":0,"161":0,"162":0,"163":0,"164":0,"165":0,"168":0,"169":0,"170":0,"171":0,"172":0,"173":0,"174":0,"175":0,"176":0,"177":0,"178":0,"179":0,"180":0,"181":0,"182":0,"183":0,"185":0,"186":0,"187":0,"188":0,"190":0,"191":0,"192":0,"193":0,"194":0,"195":0,"196":0,"197":0,"198":0,"199":0,"200":0,"201":0,"202":0,"203":0,"204":0,"205":0,"206":0,"207":0,"208":0,"209":0,"210":0,"211":0,"212":0,"213":0,"214":0,"215":0,"216":0,"217":0,"218":0,"219":0,"220":0,"221":0,"222":0,"224":0,"225":0,"226":0,"227":0,"228":0,"229":0,"230":0,"232":0,"233":0,"234":0,"235":0,"236":0,"238":0,"239":0,"241":0,"242":0,"243":0,"244":0,"245":0,"246":0,"247":0,"249":0,"250":0,"252":0},"branchMap":{"0":{"type":"branch","line":1,"loc":{"start":{"line":1,"column":8940},"end":{"line":253,"column":1}},"locations":[{"start":{"line":1,"column":8940},"end":{"line":253,"column":1}}]}},"b":{"0":[0]},"fnMap":{"0":{"name":"(empty-report)","decl":{"start":{"line":1,"column":8940},"end":{"line":253,"column":1}},"loc":{"start":{"line":1,"column":8940},"end":{"line":253,"column":1}},"line":1}},"f":{"0":0}}
,"/Users/drake.harper/code/personal_projects/substitute-finder-app/substitute-finder-app/src/components/dashboard/AnalyticsDashboard.tsx": {"path":"/Users/drake.harper/code/personal_projects/substitute-finder-app/substitute-finder-app/src/components/dashboard/AnalyticsDashboard.tsx","all":true,"statementMap":{"0":{"start":{"line":1,"column":0},"end":{"line":1,"column":50}},"1":{"start":{"line":2,"column":0},"end":{"line":2,"column":8}},"12":{"start":{"line":13,"column":0},"end":{"line":13,"column":86}},"13":{"start":{"line":14,"column":0},"end":{"line":14,"column":37}},"14":{"start":{"line":15,"column":0},"end":{"line":15,"column":81}},"16":{"start":{"line":17,"column":0},"end":{"line":17,"column":52}},"17":{"start":{"line":18,"column":0},"end":{"line":18,"column":63}},"18":{"start":{"line":19,"column":0},"end":{"line":19,"column":69}},"31":{"start":{"line":32,"column":0},"end":{"line":32,"column":38}},"32":{"start":{"line":33,"column":0},"end":{"line":33,"column":28}},"33":{"start":{"line":34,"column":0},"end":{"line":34,"column":48}},"34":{"start":{"line":35,"column":0},"end":{"line":35,"column":67}},"35":{"start":{"line":36,"column":0},"end":{"line":36,"column":53}},"36":{"start":{"line":37,"column":0},"end":{"line":37,"column":72}},"37":{"start":{"line":38,"column":0},"end":{"line":38,"column":48}},"38":{"start":{"line":39,"column":0},"end":{"line":39,"column":72}},"39":{"start":{"line":40,"column":0},"end":{"line":40,"column":46}},"40":{"start":{"line":41,"column":0},"end":{"line":41,"column":57}},"41":{"start":{"line":42,"column":0},"end":{"line":42,"column":73}},"43":{"start":{"line":44,"column":0},"end":{"line":44,"column":19}},"44":{"start":{"line":45,"column":0},"end":{"line":45,"column":14}},"45":{"start":{"line":46,"column":0},"end":{"line":46,"column":17}},"47":{"start":{"line":48,"column":0},"end":{"line":48,"column":32}},"48":{"start":{"line":49,"column":0},"end":{"line":49,"column":9}},"49":{"start":{"line":50,"column":0},"end":{"line":50,"column":22}},"50":{"start":{"line":51,"column":0},"end":{"line":51,"column":82}},"51":{"start":{"line":52,"column":0},"end":{"line":52,"column":31}},"52":{"start":{"line":53,"column":0},"end":{"line":53,"column":26}},"53":{"start":{"line":54,"column":0},"end":{"line":54,"column":33}},"54":{"start":{"line":55,"column":0},"end":{"line":55,"column":25}},"55":{"start":{"line":56,"column":0},"end":{"line":56,"column":8}},"57":{"start":{"line":58,"column":0},"end":{"line":58,"column":31}},"58":{"start":{"line":59,"column":0},"end":{"line":59,"column":29}},"59":{"start":{"line":60,"column":0},"end":{"line":60,"column":32}},"60":{"start":{"line":61,"column":0},"end":{"line":61,"column":25}},"63":{"start":{"line":64,"column":0},"end":{"line":64,"column":94}},"64":{"start":{"line":65,"column":0},"end":{"line":65,"column":33}},"66":{"start":{"line":67,"column":0},"end":{"line":67,"column":20}},"67":{"start":{"line":68,"column":0},"end":{"line":68,"column":19}},"68":{"start":{"line":69,"column":0},"end":{"line":69,"column":47}},"69":{"start":{"line":70,"column":0},"end":{"line":70,"column":47}},"70":{"start":{"line":71,"column":0},"end":{"line":71,"column":15}},"71":{"start":{"line":72,"column":0},"end":{"line":72,"column":23}},"72":{"start":{"line":73,"column":0},"end":{"line":73,"column":5}},"73":{"start":{"line":74,"column":0},"end":{"line":74,"column":3}},"75":{"start":{"line":76,"column":0},"end":{"line":76,"column":30}},"76":{"start":{"line":77,"column":0},"end":{"line":77,"column":34}},"77":{"start":{"line":78,"column":0},"end":{"line":78,"column":21}},"78":{"start":{"line":79,"column":0},"end":{"line":79,"column":34}},"79":{"start":{"line":80,"column":0},"end":{"line":80,"column":17}},"80":{"start":{"line":81,"column":0},"end":{"line":81,"column":23}},"82":{"start":{"line":83,"column":0},"end":{"line":83,"column":26}},"83":{"start":{"line":84,"column":0},"end":{"line":84,"column":33}},"85":{"start":{"line":86,"column":0},"end":{"line":86,"column":24}},"86":{"start":{"line":87,"column":0},"end":{"line":87,"column":17}},"87":{"start":{"line":88,"column":0},"end":{"line":88,"column":46}},"88":{"start":{"line":89,"column":0},"end":{"line":89,"column":13}},"89":{"start":{"line":90,"column":0},"end":{"line":90,"column":17}},"90":{"start":{"line":91,"column":0},"end":{"line":91,"column":46}},"91":{"start":{"line":92,"column":0},"end":{"line":92,"column":13}},"92":{"start":{"line":93,"column":0},"end":{"line":93,"column":16}},"93":{"start":{"line":94,"column":0},"end":{"line":94,"column":53}},"94":{"start":{"line":95,"column":0},"end":{"line":95,"column":13}},"95":{"start":{"line":96,"column":0},"end":{"line":96,"column":5}},"97":{"start":{"line":98,"column":0},"end":{"line":98,"column":89}},"100":{"start":{"line":101,"column":0},"end":{"line":101,"column":49}},"101":{"start":{"line":102,"column":0},"end":{"line":102,"column":80}},"102":{"start":{"line":103,"column":0},"end":{"line":103,"column":20}},"103":{"start":{"line":104,"column":0},"end":{"line":104,"column":87}},"106":{"start":{"line":107,"column":0},"end":{"line":107,"column":76}},"109":{"start":{"line":110,"column":0},"end":{"line":110,"column":57}},"110":{"start":{"line":111,"column":0},"end":{"line":111,"column":76}},"111":{"start":{"line":112,"column":0},"end":{"line":112,"column":56}},"112":{"start":{"line":113,"column":0},"end":{"line":113,"column":51}},"113":{"start":{"line":114,"column":0},"end":{"line":114,"column":7}},"114":{"start":{"line":115,"column":0},"end":{"line":115,"column":57}},"115":{"start":{"line":116,"column":0},"end":{"line":116,"column":6}},"116":{"start":{"line":117,"column":0},"end":{"line":117,"column":47}},"117":{"start":{"line":118,"column":0},"end":{"line":118,"column":68}},"118":{"start":{"line":119,"column":0},"end":{"line":119,"column":30}},"119":{"start":{"line":120,"column":0},"end":{"line":120,"column":5}},"122":{"start":{"line":123,"column":0},"end":{"line":123,"column":61}},"123":{"start":{"line":124,"column":0},"end":{"line":124,"column":60}},"124":{"start":{"line":125,"column":0},"end":{"line":125,"column":50}},"125":{"start":{"line":126,"column":0},"end":{"line":126,"column":16}},"126":{"start":{"line":127,"column":0},"end":{"line":127,"column":98}},"128":{"start":{"line":129,"column":0},"end":{"line":129,"column":8}},"129":{"start":{"line":130,"column":0},"end":{"line":130,"column":78}},"131":{"start":{"line":132,"column":0},"end":{"line":132,"column":14}},"132":{"start":{"line":133,"column":0},"end":{"line":133,"column":26}},"133":{"start":{"line":134,"column":0},"end":{"line":134,"column":36}},"134":{"start":{"line":135,"column":0},"end":{"line":135,"column":15}},"135":{"start":{"line":136,"column":0},"end":{"line":136,"column":7}},"136":{"start":{"line":137,"column":0},"end":{"line":137,"column":6}},"139":{"start":{"line":140,"column":0},"end":{"line":140,"column":99}},"140":{"start":{"line":141,"column":0},"end":{"line":141,"column":55}},"141":{"start":{"line":142,"column":0},"end":{"line":142,"column":58}},"142":{"start":{"line":143,"column":0},"end":{"line":143,"column":51}},"143":{"start":{"line":144,"column":0},"end":{"line":144,"column":53}},"144":{"start":{"line":145,"column":0},"end":{"line":145,"column":8}},"146":{"start":{"line":147,"column":0},"end":{"line":147,"column":14}},"147":{"start":{"line":148,"column":0},"end":{"line":148,"column":12}},"148":{"start":{"line":149,"column":0},"end":{"line":149,"column":34}},"149":{"start":{"line":150,"column":0},"end":{"line":150,"column":7}},"150":{"start":{"line":151,"column":0},"end":{"line":151,"column":6}},"153":{"start":{"line":154,"column":0},"end":{"line":154,"column":68}},"154":{"start":{"line":155,"column":0},"end":{"line":155,"column":74}},"155":{"start":{"line":156,"column":0},"end":{"line":156,"column":49}},"156":{"start":{"line":157,"column":0},"end":{"line":157,"column":51}},"157":{"start":{"line":158,"column":0},"end":{"line":158,"column":46}},"158":{"start":{"line":159,"column":0},"end":{"line":159,"column":7}},"161":{"start":{"line":162,"column":0},"end":{"line":162,"column":45}},"162":{"start":{"line":163,"column":0},"end":{"line":163,"column":21}},"163":{"start":{"line":164,"column":0},"end":{"line":164,"column":78}},"164":{"start":{"line":165,"column":0},"end":{"line":165,"column":58}},"165":{"start":{"line":166,"column":0},"end":{"line":166,"column":53}},"166":{"start":{"line":167,"column":0},"end":{"line":167,"column":9}},"167":{"start":{"line":168,"column":0},"end":{"line":168,"column":74}},"168":{"start":{"line":169,"column":0},"end":{"line":169,"column":27}},"169":{"start":{"line":170,"column":0},"end":{"line":170,"column":96}},"171":{"start":{"line":172,"column":0},"end":{"line":172,"column":16}},"172":{"start":{"line":173,"column":0},"end":{"line":173,"column":25}},"173":{"start":{"line":174,"column":0},"end":{"line":174,"column":39}},"174":{"start":{"line":175,"column":0},"end":{"line":175,"column":32}},"175":{"start":{"line":176,"column":0},"end":{"line":176,"column":9}},"176":{"start":{"line":177,"column":0},"end":{"line":177,"column":8}},"177":{"start":{"line":178,"column":0},"end":{"line":178,"column":40}},"178":{"start":{"line":179,"column":0},"end":{"line":179,"column":18}},"180":{"start":{"line":181,"column":0},"end":{"line":181,"column":12}},"181":{"start":{"line":182,"column":0},"end":{"line":182,"column":20}},"182":{"start":{"line":183,"column":0},"end":{"line":183,"column":15}},"183":{"start":{"line":184,"column":0},"end":{"line":184,"column":22}},"184":{"start":{"line":185,"column":0},"end":{"line":185,"column":45}},"185":{"start":{"line":186,"column":0},"end":{"line":186,"column":22}},"186":{"start":{"line":187,"column":0},"end":{"line":187,"column":26}},"187":{"start":{"line":188,"column":0},"end":{"line":188,"column":29}},"188":{"start":{"line":189,"column":0},"end":{"line":189,"column":26}},"189":{"start":{"line":190,"column":0},"end":{"line":190,"column":5}},"190":{"start":{"line":191,"column":0},"end":{"line":191,"column":3}},"192":{"start":{"line":193,"column":0},"end":{"line":193,"column":32}},"193":{"start":{"line":194,"column":0},"end":{"line":194,"column":21}},"194":{"start":{"line":195,"column":0},"end":{"line":195,"column":26}},"196":{"start":{"line":197,"column":0},"end":{"line":197,"column":34}},"197":{"start":{"line":198,"column":0},"end":{"line":198,"column":69}},"198":{"start":{"line":199,"column":0},"end":{"line":199,"column":19}},"199":{"start":{"line":200,"column":0},"end":{"line":200,"column":67}},"200":{"start":{"line":201,"column":0},"end":{"line":201,"column":37}},"201":{"start":{"line":202,"column":0},"end":{"line":202,"column":33}},"202":{"start":{"line":203,"column":0},"end":{"line":203,"column":8}},"203":{"start":{"line":204,"column":0},"end":{"line":204,"column":5}},"205":{"start":{"line":206,"column":0},"end":{"line":206,"column":17}},"206":{"start":{"line":207,"column":0},"end":{"line":207,"column":3}},"208":{"start":{"line":209,"column":0},"end":{"line":209,"column":40}},"209":{"start":{"line":210,"column":0},"end":{"line":210,"column":21}},"210":{"start":{"line":211,"column":0},"end":{"line":211,"column":23}},"211":{"start":{"line":212,"column":0},"end":{"line":212,"column":30}},"212":{"start":{"line":213,"column":0},"end":{"line":213,"column":54}},"213":{"start":{"line":214,"column":0},"end":{"line":214,"column":35}},"214":{"start":{"line":215,"column":0},"end":{"line":215,"column":8}},"215":{"start":{"line":216,"column":0},"end":{"line":216,"column":12}},"216":{"start":{"line":217,"column":0},"end":{"line":217,"column":5}},"218":{"start":{"line":219,"column":0},"end":{"line":219,"column":9}},"220":{"start":{"line":221,"column":0},"end":{"line":221,"column":59}},"222":{"start":{"line":223,"column":0},"end":{"line":223,"column":23}},"223":{"start":{"line":224,"column":0},"end":{"line":224,"column":35}},"224":{"start":{"line":225,"column":0},"end":{"line":225,"column":53}},"225":{"start":{"line":226,"column":0},"end":{"line":226,"column":37}},"226":{"start":{"line":227,"column":0},"end":{"line":227,"column":8}},"227":{"start":{"line":228,"column":0},"end":{"line":228,"column":21}},"228":{"start":{"line":229,"column":0},"end":{"line":229,"column":44}},"229":{"start":{"line":230,"column":0},"end":{"line":230,"column":23}},"230":{"start":{"line":231,"column":0},"end":{"line":231,"column":31}},"231":{"start":{"line":232,"column":0},"end":{"line":232,"column":48}},"232":{"start":{"line":233,"column":0},"end":{"line":233,"column":35}},"233":{"start":{"line":234,"column":0},"end":{"line":234,"column":8}},"234":{"start":{"line":235,"column":0},"end":{"line":235,"column":5}},"235":{"start":{"line":236,"column":0},"end":{"line":236,"column":3}},"237":{"start":{"line":238,"column":0},"end":{"line":238,"column":46}},"238":{"start":{"line":239,"column":0},"end":{"line":239,"column":9}},"239":{"start":{"line":240,"column":0},"end":{"line":240,"column":98}},"241":{"start":{"line":242,"column":0},"end":{"line":242,"column":23}},"242":{"start":{"line":243,"column":0},"end":{"line":243,"column":39}},"243":{"start":{"line":244,"column":0},"end":{"line":244,"column":59}},"244":{"start":{"line":245,"column":0},"end":{"line":245,"column":37}},"245":{"start":{"line":246,"column":0},"end":{"line":246,"column":8}},"246":{"start":{"line":247,"column":0},"end":{"line":247,"column":21}},"247":{"start":{"line":248,"column":0},"end":{"line":248,"column":55}},"248":{"start":{"line":249,"column":0},"end":{"line":249,"column":23}},"249":{"start":{"line":250,"column":0},"end":{"line":250,"column":42}},"250":{"start":{"line":251,"column":0},"end":{"line":251,"column":47}},"251":{"start":{"line":252,"column":0},"end":{"line":252,"column":35}},"252":{"start":{"line":253,"column":0},"end":{"line":253,"column":8}},"253":{"start":{"line":254,"column":0},"end":{"line":254,"column":5}},"254":{"start":{"line":255,"column":0},"end":{"line":255,"column":3}},"256":{"start":{"line":257,"column":0},"end":{"line":257,"column":16}},"257":{"start":{"line":258,"column":0},"end":{"line":258,"column":12}},"258":{"start":{"line":259,"column":0},"end":{"line":259,"column":60}},"259":{"start":{"line":260,"column":0},"end":{"line":260,"column":73}},"260":{"start":{"line":261,"column":0},"end":{"line":261,"column":12}},"262":{"start":{"line":263,"column":0},"end":{"line":263,"column":3}},"264":{"start":{"line":265,"column":0},"end":{"line":265,"column":19}},"265":{"start":{"line":266,"column":0},"end":{"line":266,"column":12}},"266":{"start":{"line":267,"column":0},"end":{"line":267,"column":27}},"267":{"start":{"line":268,"column":0},"end":{"line":268,"column":37}},"268":{"start":{"line":269,"column":0},"end":{"line":269,"column":79}},"269":{"start":{"line":270,"column":0},"end":{"line":270,"column":85}},"270":{"start":{"line":271,"column":0},"end":{"line":271,"column":14}},"271":{"start":{"line":272,"column":0},"end":{"line":272,"column":12}},"273":{"start":{"line":274,"column":0},"end":{"line":274,"column":3}},"275":{"start":{"line":276,"column":0},"end":{"line":276,"column":10}},"276":{"start":{"line":277,"column":0},"end":{"line":277,"column":35}},"278":{"start":{"line":279,"column":0},"end":{"line":279,"column":57}},"279":{"start":{"line":280,"column":0},"end":{"line":280,"column":13}},"280":{"start":{"line":281,"column":0},"end":{"line":281,"column":69}},"281":{"start":{"line":282,"column":0},"end":{"line":282,"column":92}},"282":{"start":{"line":283,"column":0},"end":{"line":283,"column":14}},"284":{"start":{"line":285,"column":0},"end":{"line":285,"column":49}},"285":{"start":{"line":286,"column":0},"end":{"line":286,"column":73}},"286":{"start":{"line":287,"column":0},"end":{"line":287,"column":19}},"287":{"start":{"line":288,"column":0},"end":{"line":288,"column":49}},"288":{"start":{"line":289,"column":0},"end":{"line":289,"column":134}},"289":{"start":{"line":290,"column":0},"end":{"line":290,"column":13}},"291":{"start":{"line":292,"column":0},"end":{"line":292,"column":21}},"292":{"start":{"line":293,"column":0},"end":{"line":293,"column":19}},"293":{"start":{"line":294,"column":0},"end":{"line":294,"column":49}},"294":{"start":{"line":295,"column":0},"end":{"line":295,"column":134}},"295":{"start":{"line":296,"column":0},"end":{"line":296,"column":13}},"297":{"start":{"line":298,"column":0},"end":{"line":298,"column":21}},"298":{"start":{"line":299,"column":0},"end":{"line":299,"column":19}},"299":{"start":{"line":300,"column":0},"end":{"line":300,"column":48}},"300":{"start":{"line":301,"column":0},"end":{"line":301,"column":133}},"301":{"start":{"line":302,"column":0},"end":{"line":302,"column":13}},"303":{"start":{"line":304,"column":0},"end":{"line":304,"column":21}},"304":{"start":{"line":305,"column":0},"end":{"line":305,"column":16}},"306":{"start":{"line":307,"column":0},"end":{"line":307,"column":55}},"307":{"start":{"line":308,"column":0},"end":{"line":308,"column":50}},"309":{"start":{"line":310,"column":0},"end":{"line":310,"column":19}},"311":{"start":{"line":312,"column":0},"end":{"line":312,"column":51}},"312":{"start":{"line":313,"column":0},"end":{"line":313,"column":65}},"313":{"start":{"line":314,"column":0},"end":{"line":314,"column":51}},"315":{"start":{"line":316,"column":0},"end":{"line":316,"column":21}},"317":{"start":{"line":318,"column":0},"end":{"line":318,"column":53}},"318":{"start":{"line":319,"column":0},"end":{"line":319,"column":51}},"320":{"start":{"line":321,"column":0},"end":{"line":321,"column":21}},"321":{"start":{"line":322,"column":0},"end":{"line":322,"column":16}},"322":{"start":{"line":323,"column":0},"end":{"line":323,"column":14}},"323":{"start":{"line":324,"column":0},"end":{"line":324,"column":12}},"325":{"start":{"line":326,"column":0},"end":{"line":326,"column":17}},"326":{"start":{"line":327,"column":0},"end":{"line":327,"column":110}},"327":{"start":{"line":328,"column":0},"end":{"line":328,"column":17}},"328":{"start":{"line":329,"column":0},"end":{"line":329,"column":14}},"332":{"start":{"line":333,"column":0},"end":{"line":333,"column":76}},"333":{"start":{"line":334,"column":0},"end":{"line":334,"column":14}},"334":{"start":{"line":335,"column":0},"end":{"line":335,"column":92}},"335":{"start":{"line":336,"column":0},"end":{"line":336,"column":81}},"336":{"start":{"line":337,"column":0},"end":{"line":337,"column":59}},"337":{"start":{"line":338,"column":0},"end":{"line":338,"column":23}},"338":{"start":{"line":339,"column":0},"end":{"line":339,"column":23}},"339":{"start":{"line":340,"column":0},"end":{"line":340,"column":79}},"340":{"start":{"line":341,"column":0},"end":{"line":341,"column":57}},"341":{"start":{"line":342,"column":0},"end":{"line":342,"column":95}},"342":{"start":{"line":343,"column":0},"end":{"line":343,"column":16}},"343":{"start":{"line":344,"column":0},"end":{"line":344,"column":24}},"344":{"start":{"line":345,"column":0},"end":{"line":345,"column":15}},"346":{"start":{"line":347,"column":0},"end":{"line":347,"column":14}},"347":{"start":{"line":348,"column":0},"end":{"line":348,"column":92}},"348":{"start":{"line":349,"column":0},"end":{"line":349,"column":76}},"349":{"start":{"line":350,"column":0},"end":{"line":350,"column":61}},"350":{"start":{"line":351,"column":0},"end":{"line":351,"column":23}},"351":{"start":{"line":352,"column":0},"end":{"line":352,"column":23}},"352":{"start":{"line":353,"column":0},"end":{"line":353,"column":75}},"353":{"start":{"line":354,"column":0},"end":{"line":354,"column":86}},"354":{"start":{"line":355,"column":0},"end":{"line":355,"column":24}},"355":{"start":{"line":356,"column":0},"end":{"line":356,"column":15}},"357":{"start":{"line":358,"column":0},"end":{"line":358,"column":14}},"358":{"start":{"line":359,"column":0},"end":{"line":359,"column":92}},"359":{"start":{"line":360,"column":0},"end":{"line":360,"column":84}},"360":{"start":{"line":361,"column":0},"end":{"line":361,"column":57}},"361":{"start":{"line":362,"column":0},"end":{"line":362,"column":23}},"362":{"start":{"line":363,"column":0},"end":{"line":363,"column":23}},"363":{"start":{"line":364,"column":0},"end":{"line":364,"column":82}},"364":{"start":{"line":365,"column":0},"end":{"line":365,"column":81}},"365":{"start":{"line":366,"column":0},"end":{"line":366,"column":24}},"366":{"start":{"line":367,"column":0},"end":{"line":367,"column":15}},"368":{"start":{"line":369,"column":0},"end":{"line":369,"column":14}},"369":{"start":{"line":370,"column":0},"end":{"line":370,"column":92}},"370":{"start":{"line":371,"column":0},"end":{"line":371,"column":82}},"371":{"start":{"line":372,"column":0},"end":{"line":372,"column":60}},"372":{"start":{"line":373,"column":0},"end":{"line":373,"column":23}},"373":{"start":{"line":374,"column":0},"end":{"line":374,"column":23}},"374":{"start":{"line":375,"column":0},"end":{"line":375,"column":97}},"375":{"start":{"line":376,"column":0},"end":{"line":376,"column":48}},"376":{"start":{"line":377,"column":0},"end":{"line":377,"column":18}},"377":{"start":{"line":378,"column":0},"end":{"line":378,"column":83}},"378":{"start":{"line":379,"column":0},"end":{"line":379,"column":24}},"379":{"start":{"line":380,"column":0},"end":{"line":380,"column":15}},"380":{"start":{"line":381,"column":0},"end":{"line":381,"column":12}},"382":{"start":{"line":383,"column":0},"end":{"line":383,"column":61}},"384":{"start":{"line":385,"column":0},"end":{"line":385,"column":14}},"385":{"start":{"line":386,"column":0},"end":{"line":386,"column":22}},"386":{"start":{"line":387,"column":0},"end":{"line":387,"column":59}},"387":{"start":{"line":388,"column":0},"end":{"line":388,"column":46}},"389":{"start":{"line":390,"column":0},"end":{"line":390,"column":24}},"390":{"start":{"line":391,"column":0},"end":{"line":391,"column":99}},"391":{"start":{"line":392,"column":0},"end":{"line":392,"column":23}},"392":{"start":{"line":393,"column":0},"end":{"line":393,"column":23}},"393":{"start":{"line":394,"column":0},"end":{"line":394,"column":39}},"394":{"start":{"line":395,"column":0},"end":{"line":395,"column":64}},"395":{"start":{"line":396,"column":0},"end":{"line":396,"column":61}},"396":{"start":{"line":397,"column":0},"end":{"line":397,"column":69}},"397":{"start":{"line":398,"column":0},"end":{"line":398,"column":78}},"398":{"start":{"line":399,"column":0},"end":{"line":399,"column":68}},"399":{"start":{"line":400,"column":0},"end":{"line":400,"column":51}},"400":{"start":{"line":401,"column":0},"end":{"line":401,"column":100}},"401":{"start":{"line":402,"column":0},"end":{"line":402,"column":27}},"402":{"start":{"line":403,"column":0},"end":{"line":403,"column":24}},"403":{"start":{"line":404,"column":0},"end":{"line":404,"column":68}},"404":{"start":{"line":405,"column":0},"end":{"line":405,"column":75}},"405":{"start":{"line":406,"column":0},"end":{"line":406,"column":26}},"406":{"start":{"line":407,"column":0},"end":{"line":407,"column":48}},"407":{"start":{"line":408,"column":0},"end":{"line":408,"column":32}},"408":{"start":{"line":409,"column":0},"end":{"line":409,"column":143}},"409":{"start":{"line":410,"column":0},"end":{"line":410,"column":26}},"410":{"start":{"line":411,"column":0},"end":{"line":411,"column":24}},"411":{"start":{"line":412,"column":0},"end":{"line":412,"column":26}},"412":{"start":{"line":413,"column":0},"end":{"line":413,"column":49}},"413":{"start":{"line":414,"column":0},"end":{"line":414,"column":32}},"414":{"start":{"line":415,"column":0},"end":{"line":415,"column":159}},"415":{"start":{"line":416,"column":0},"end":{"line":416,"column":26}},"416":{"start":{"line":417,"column":0},"end":{"line":417,"column":24}},"417":{"start":{"line":418,"column":0},"end":{"line":418,"column":26}},"418":{"start":{"line":419,"column":0},"end":{"line":419,"column":24}},"419":{"start":{"line":420,"column":0},"end":{"line":420,"column":22}},"420":{"start":{"line":421,"column":0},"end":{"line":421,"column":17}},"421":{"start":{"line":422,"column":0},"end":{"line":422,"column":18}},"422":{"start":{"line":423,"column":0},"end":{"line":423,"column":80}},"423":{"start":{"line":424,"column":0},"end":{"line":424,"column":55}},"424":{"start":{"line":425,"column":0},"end":{"line":425,"column":68}},"425":{"start":{"line":426,"column":0},"end":{"line":426,"column":35}},"426":{"start":{"line":427,"column":0},"end":{"line":427,"column":20}},"427":{"start":{"line":428,"column":0},"end":{"line":428,"column":55}},"428":{"start":{"line":429,"column":0},"end":{"line":429,"column":69}},"429":{"start":{"line":430,"column":0},"end":{"line":430,"column":43}},"430":{"start":{"line":431,"column":0},"end":{"line":431,"column":20}},"431":{"start":{"line":432,"column":0},"end":{"line":432,"column":18}},"432":{"start":{"line":433,"column":0},"end":{"line":433,"column":24}},"433":{"start":{"line":434,"column":0},"end":{"line":434,"column":15}},"436":{"start":{"line":437,"column":0},"end":{"line":437,"column":14}},"437":{"start":{"line":438,"column":0},"end":{"line":438,"column":22}},"438":{"start":{"line":439,"column":0},"end":{"line":439,"column":59}},"439":{"start":{"line":440,"column":0},"end":{"line":440,"column":46}},"441":{"start":{"line":442,"column":0},"end":{"line":442,"column":24}},"442":{"start":{"line":443,"column":0},"end":{"line":443,"column":91}},"443":{"start":{"line":444,"column":0},"end":{"line":444,"column":23}},"444":{"start":{"line":445,"column":0},"end":{"line":445,"column":23}},"445":{"start":{"line":446,"column":0},"end":{"line":446,"column":39}},"446":{"start":{"line":447,"column":0},"end":{"line":447,"column":59}},"447":{"start":{"line":448,"column":0},"end":{"line":448,"column":81}},"448":{"start":{"line":449,"column":0},"end":{"line":449,"column":72}},"449":{"start":{"line":450,"column":0},"end":{"line":4
[...]
":{"line":304,"column":0},"end":{"line":304,"column":74}},"304":{"start":{"line":305,"column":0},"end":{"line":305,"column":14}},"305":{"start":{"line":306,"column":0},"end":{"line":306,"column":74}},"306":{"start":{"line":307,"column":0},"end":{"line":307,"column":63}},"307":{"start":{"line":308,"column":0},"end":{"line":308,"column":68}},"308":{"start":{"line":309,"column":0},"end":{"line":309,"column":14}},"310":{"start":{"line":311,"column":0},"end":{"line":311,"column":14}},"311":{"start":{"line":312,"column":0},"end":{"line":312,"column":19}},"312":{"start":{"line":313,"column":0},"end":{"line":313,"column":46}},"313":{"start":{"line":314,"column":0},"end":{"line":314,"column":53}},"314":{"start":{"line":315,"column":0},"end":{"line":315,"column":28}},"315":{"start":{"line":316,"column":0},"end":{"line":316,"column":27}},"316":{"start":{"line":317,"column":0},"end":{"line":317,"column":25}},"317":{"start":{"line":318,"column":0},"end":{"line":318,"column":23}},"318":{"start":{"line":319,"column":0},"end":{"line":319,"column":87}},"319":{"start":{"line":320,"column":0},"end":{"line":320,"column":26}},"320":{"start":{"line":321,"column":0},"end":{"line":321,"column":78}},"321":{"start":{"line":322,"column":0},"end":{"line":322,"column":15}},"322":{"start":{"line":323,"column":0},"end":{"line":323,"column":29}},"323":{"start":{"line":324,"column":0},"end":{"line":324,"column":43}},"324":{"start":{"line":325,"column":0},"end":{"line":325,"column":54}},"325":{"start":{"line":326,"column":0},"end":{"line":326,"column":54}},"326":{"start":{"line":327,"column":0},"end":{"line":327,"column":7}},"327":{"start":{"line":328,"column":0},"end":{"line":328,"column":6}},"330":{"start":{"line":331,"column":0},"end":{"line":331,"column":63}},"333":{"start":{"line":334,"column":0},"end":{"line":334,"column":104}},"334":{"start":{"line":335,"column":0},"end":{"line":335,"column":44}},"336":{"start":{"line":337,"column":0},"end":{"line":337,"column":38}},"337":{"start":{"line":338,"column":0},"end":{"line":338,"column":43}},"338":{"start":{"line":339,"column":0},"end":{"line":339,"column":36}},"339":{"start":{"line":340,"column":0},"end":{"line":340,"column":75}},"340":{"start":{"line":341,"column":0},"end":{"line":341,"column":38}},"341":{"start":{"line":342,"column":0},"end":{"line":342,"column":37}},"342":{"start":{"line":343,"column":0},"end":{"line":343,"column":18}},"343":{"start":{"line":344,"column":0},"end":{"line":344,"column":37}},"344":{"start":{"line":345,"column":0},"end":{"line":345,"column":30}},"345":{"start":{"line":346,"column":0},"end":{"line":346,"column":5}},"346":{"start":{"line":347,"column":0},"end":{"line":347,"column":3}},"347":{"start":{"line":348,"column":0},"end":{"line":348,"column":1}},"350":{"start":{"line":351,"column":0},"end":{"line":351,"column":30}},"351":{"start":{"line":352,"column":0},"end":{"line":352,"column":34}},"352":{"start":{"line":353,"column":0},"end":{"line":353,"column":34}},"353":{"start":{"line":354,"column":0},"end":{"line":354,"column":21}},"354":{"start":{"line":355,"column":0},"end":{"line":355,"column":34}},"355":{"start":{"line":356,"column":0},"end":{"line":356,"column":18}},"356":{"start":{"line":357,"column":0},"end":{"line":357,"column":29}},"357":{"start":{"line":358,"column":0},"end":{"line":358,"column":20}},"358":{"start":{"line":359,"column":0},"end":{"line":359,"column":60}},"361":{"start":{"line":362,"column":0},"end":{"line":362,"column":26}},"362":{"start":{"line":363,"column":0},"end":{"line":363,"column":33}},"364":{"start":{"line":365,"column":0},"end":{"line":365,"column":24}},"365":{"start":{"line":366,"column":0},"end":{"line":366,"column":17}},"366":{"start":{"line":367,"column":0},"end":{"line":367,"column":46}},"367":{"start":{"line":368,"column":0},"end":{"line":368,"column":13}},"368":{"start":{"line":369,"column":0},"end":{"line":369,"column":17}},"369":{"start":{"line":370,"column":0},"end":{"line":370,"column":46}},"370":{"start":{"line":371,"column":0},"end":{"line":371,"column":13}},"371":{"start":{"line":372,"column":0},"end":{"line":372,"column":16}},"372":{"start":{"line":373,"column":0},"end":{"line":373,"column":53}},"373":{"start":{"line":374,"column":0},"end":{"line":374,"column":13}},"374":{"start":{"line":375,"column":0},"end":{"line":375,"column":5}},"376":{"start":{"line":377,"column":0},"end":{"line":377,"column":89}},"379":{"start":{"line":380,"column":0},"end":{"line":380,"column":49}},"380":{"start":{"line":381,"column":0},"end":{"line":381,"column":80}},"381":{"start":{"line":382,"column":0},"end":{"line":382,"column":20}},"382":{"start":{"line":383,"column":0},"end":{"line":383,"column":87}},"384":{"start":{"line":385,"column":0},"end":{"line":385,"column":25}},"385":{"start":{"line":386,"column":0},"end":{"line":386,"column":47}},"386":{"start":{"line":387,"column":0},"end":{"line":387,"column":52}},"387":{"start":{"line":388,"column":0},"end":{"line":388,"column":35}},"388":{"start":{"line":389,"column":0},"end":{"line":389,"column":11}},"389":{"start":{"line":390,"column":0},"end":{"line":390,"column":34}},"390":{"start":{"line":391,"column":0},"end":{"line":391,"column":43}},"391":{"start":{"line":392,"column":0},"end":{"line":392,"column":52}},"392":{"start":{"line":393,"column":0},"end":{"line":393,"column":87}},"393":{"start":{"line":394,"column":0},"end":{"line":394,"column":97}},"394":{"start":{"line":395,"column":0},"end":{"line":395,"column":34}},"395":{"start":{"line":396,"column":0},"end":{"line":396,"column":11}},"396":{"start":{"line":397,"column":0},"end":{"line":397,"column":55}},"397":{"start":{"line":398,"column":0},"end":{"line":398,"column":43}},"398":{"start":{"line":399,"column":0},"end":{"line":399,"column":39}},"399":{"start":{"line":400,"column":0},"end":{"line":400,"column":86}},"400":{"start":{"line":401,"column":0},"end":{"line":401,"column":11}},"401":{"start":{"line":402,"column":0},"end":{"line":402,"column":32}},"402":{"start":{"line":403,"column":0},"end":{"line":403,"column":60}},"403":{"start":{"line":404,"column":0},"end":{"line":404,"column":43}},"404":{"start":{"line":405,"column":0},"end":{"line":405,"column":29}},"405":{"start":{"line":406,"column":0},"end":{"line":406,"column":31}},"406":{"start":{"line":407,"column":0},"end":{"line":407,"column":37}},"407":{"start":{"line":408,"column":0},"end":{"line":408,"column":5}},"410":{"start":{"line":411,"column":0},"end":{"line":411,"column":34}},"411":{"start":{"line":412,"column":0},"end":{"line":412,"column":63}},"412":{"start":{"line":413,"column":0},"end":{"line":413,"column":17}},"414":{"start":{"line":415,"column":0},"end":{"line":415,"column":76}},"415":{"start":{"line":416,"column":0},"end":{"line":416,"column":44}},"417":{"start":{"line":418,"column":0},"end":{"line":418,"column":38}},"418":{"start":{"line":419,"column":0},"end":{"line":419,"column":43}},"419":{"start":{"line":420,"column":0},"end":{"line":420,"column":36}},"420":{"start":{"line":421,"column":0},"end":{"line":421,"column":70}},"421":{"start":{"line":422,"column":0},"end":{"line":422,"column":38}},"422":{"start":{"line":423,"column":0},"end":{"line":423,"column":37}},"423":{"start":{"line":424,"column":0},"end":{"line":424,"column":18}},"424":{"start":{"line":425,"column":0},"end":{"line":425,"column":37}},"425":{"start":{"line":426,"column":0},"end":{"line":426,"column":30}},"426":{"start":{"line":427,"column":0},"end":{"line":427,"column":5}},"429":{"start":{"line":430,"column":0},"end":{"line":430,"column":89}},"430":{"start":{"line":431,"column":0},"end":{"line":431,"column":3}},"431":{"start":{"line":432,"column":0},"end":{"line":432,"column":1}}},"s":{"3":0,"4":0,"5":0,"7":0,"10":0,"11":0,"12":0,"14":0,"15":0,"17":0,"18":0,"19":0,"21":0,"22":0,"24":0,"25":0,"26":0,"28":0,"29":0,"30":0,"31":0,"32":0,"33":0,"34":0,"35":0,"36":0,"37":0,"38":0,"41":0,"42":0,"43":0,"44":0,"45":0,"46":0,"47":0,"48":0,"49":0,"50":0,"51":0,"52":0,"53":0,"54":0,"55":0,"56":0,"57":0,"58":0,"59":0,"60":0,"61":0,"63":0,"64":0,"65":0,"66":0,"67":0,"68":0,"69":0,"70":0,"71":0,"73":0,"74":0,"75":0,"76":0,"77":0,"78":0,"79":0,"80":0,"81":0,"82":0,"83":0,"84":0,"85":0,"86":0,"87":0,"88":0,"89":0,"90":0,"92":0,"93":0,"94":0,"95":0,"98":0,"99":0,"102":0,"103":0,"104":0,"105":0,"106":0,"107":0,"108":0,"109":0,"111":0,"112":0,"113":0,"116":0,"117":0,"118":0,"119":0,"120":0,"121":0,"122":0,"124":0,"125":0,"128":0,"129":0,"131":0,"132":0,"135":0,"136":0,"137":0,"138":0,"139":0,"140":0,"141":0,"143":0,"144":0,"147":0,"148":0,"149":0,"150":0,"151":0,"152":0,"154":0,"156":0,"157":0,"160":0,"161":0,"162":0,"163":0,"164":0,"165":0,"166":0,"167":0,"168":0,"169":0,"170":0,"171":0,"172":0,"174":0,"175":0,"176":0,"177":0,"179":0,"180":0,"181":0,"182":0,"183":0,"184":0,"185":0,"186":0,"187":0,"188":0,"189":0,"190":0,"191":0,"193":0,"194":0,"195":0,"196":0,"199":0,"200":0,"201":0,"202":0,"203":0,"204":0,"205":0,"206":0,"207":0,"208":0,"209":0,"210":0,"212":0,"213":0,"215":0,"216":0,"217":0,"218":0,"219":0,"220":0,"221":0,"222":0,"223":0,"224":0,"225":0,"226":0,"228":0,"229":0,"230":0,"231":0,"234":0,"235":0,"236":0,"237":0,"238":0,"239":0,"240":0,"241":0,"242":0,"243":0,"244":0,"246":0,"247":0,"248":0,"249":0,"251":0,"252":0,"253":0,"254":0,"255":0,"256":0,"257":0,"258":0,"259":0,"260":0,"261":0,"263":0,"264":0,"265":0,"266":0,"267":0,"270":0,"274":0,"275":0,"276":0,"277":0,"278":0,"279":0,"281":0,"284":0,"285":0,"286":0,"287":0,"288":0,"289":0,"290":0,"291":0,"292":0,"293":0,"294":0,"295":0,"296":0,"297":0,"298":0,"300":0,"301":0,"302":0,"303":0,"304":0,"305":0,"306":0,"307":0,"308":0,"310":0,"311":0,"312":0,"313":0,"314":0,"315":0,"316":0,"317":0,"318":0,"319":0,"320":0,"321":0,"322":0,"323":0,"324":0,"325":0,"326":0,"327":0,"330":0,"333":0,"334":0,"336":0,"337":0,"338":0,"339":0,"340":0,"341":0,"342":0,"343":0,"344":0,"345":0,"346":0,"347":0,"350":0,"351":0,"352":0,"353":0,"354":0,"355":0,"356":0,"357":0,"358":0,"361":0,"362":0,"364":0,"365":0,"366":0,"367":0,"368":0,"369":0,"370":0,"371":0,"372":0,"373":0,"374":0,"376":0,"379":0,"380":0,"381":0,"382":0,"384":0,"385":0,"386":0,"387":0,"388":0,"389":0,"390":0,"391":0,"392":0,"393":0,"394":0,"395":0,"396":0,"397":0,"398":0,"399":0,"400":0,"401":0,"402":0,"403":0,"404":0,"405":0,"406":0,"407":0,"410":0,"411":0,"412":0,"414":0,"415":0,"417":0,"418":0,"419":0,"420":0,"421":0,"422":0,"423":0,"424":0,"425":0,"426":0,"429":0,"430":0,"431":0},"branchMap":{"0":{"type":"branch","line":1,"loc":{"start":{"line":1,"column":14072},"end":{"line":432,"column":1}},"locations":[{"start":{"line":1,"column":14072},"end":{"line":432,"column":1}}]}},"b":{"0":[1]},"fnMap":{"0":{"name":"(empty-report)","decl":{"start":{"line":1,"column":14072},"end":{"line":432,"column":1}},"loc":{"start":{"line":1,"column":14072},"end":{"line":432,"column":1}},"line":1}},"f":{"0":1}}
,"/Users/drake.harper/code/personal_projects/substitute-finder-app/substitute-finder-app/src/lib/form-utils.ts": {"path":"/Users/drake.harper/code/personal_projects/substitute-finder-app/substitute-finder-app/src/lib/form-utils.ts","all":false,"statementMap":{"1":{"start":{"line":2,"column":0},"end":{"line":2,"column":91}},"2":{"start":{"line":3,"column":0},"end":{"line":3,"column":29}},"3":{"start":{"line":4,"column":0},"end":{"line":4,"column":1}},"5":{"start":{"line":6,"column":0},"end":{"line":6,"column":67}},"6":{"start":{"line":7,"column":0},"end":{"line":7,"column":14}},"7":{"start":{"line":8,"column":0},"end":{"line":8,"column":17}},"8":{"start":{"line":9,"column":0},"end":{"line":9,"column":19}},"9":{"start":{"line":10,"column":0},"end":{"line":10,"column":9}},"10":{"start":{"line":11,"column":0},"end":{"line":11,"column":10}},"11":{"start":{"line":12,"column":0},"end":{"line":12,"column":16}},"12":{"start":{"line":13,"column":0},"end":{"line":13,"column":19}},"13":{"start":{"line":14,"column":0},"end":{"line":14,"column":3}},"14":{"start":{"line":15,"column":0},"end":{"line":15,"column":1}},"16":{"start":{"line":17,"column":0},"end":{"line":17,"column":84}},"17":{"start":{"line":18,"column":0},"end":{"line":18,"column":29}},"19":{"start":{"line":20,"column":0},"end":{"line":20,"column":25}},"20":{"start":{"line":21,"column":0},"end":{"line":21,"column":39}},"21":{"start":{"line":22,"column":0},"end":{"line":22,"column":3}},"23":{"start":{"line":24,"column":0},"end":{"line":24,"column":25}},"24":{"start":{"line":25,"column":0},"end":{"line":25,"column":39}},"25":{"start":{"line":26,"column":0},"end":{"line":26,"column":3}},"27":{"start":{"line":28,"column":0},"end":{"line":28,"column":51}},"28":{"start":{"line":29,"column":0},"end":{"line":29,"column":57}},"29":{"start":{"line":30,"column":0},"end":{"line":30,"column":3}},"31":{"start":{"line":32,"column":0},"end":{"line":32,"column":51}},"32":{"start":{"line":33,"column":0},"end":{"line":33,"column":57}},"33":{"start":{"line":34,"column":0},"end":{"line":34,"column":3}},"35":{"start":{"line":36,"column":0},"end":{"line":36,"column":15}},"36":{"start":{"line":37,"column":0},"end":{"line":37,"column":1}},"38":{"start":{"line":39,"column":0},"end":{"line":39,"column":77}},"39":{"start":{"line":40,"column":0},"end":{"line":40,"column":59}},"40":{"start":{"line":41,"column":0},"end":{"line":41,"column":1}},"42":{"start":{"line":43,"column":0},"end":{"line":43,"column":63}},"43":{"start":{"line":44,"column":0},"end":{"line":44,"column":31}},"44":{"start":{"line":45,"column":0},"end":{"line":45,"column":24}},"45":{"start":{"line":46,"column":0},"end":{"line":46,"column":3}},"46":{"start":{"line":47,"column":0},"end":{"line":47,"column":34}},"47":{"start":{"line":48,"column":0},"end":{"line":48,"column":16}},"48":{"start":{"line":49,"column":0},"end":{"line":49,"column":3}},"49":{"start":{"line":50,"column":0},"end":{"line":50,"column":39}},"50":{"start":{"line":51,"column":0},"end":{"line":51,"column":1}},"52":{"start":{"line":53,"column":0},"end":{"line":53,"column":60}},"53":{"start":{"line":54,"column":0},"end":{"line":54,"column":12}},"54":{"start":{"line":55,"column":0},"end":{"line":55,"column":22}},"55":{"start":{"line":56,"column":0},"end":{"line":56,"column":54}},"56":{"start":{"line":57,"column":0},"end":{"line":57,"column":2}}},"s":{"1":1,"2":2,"3":2,"5":1,"6":2,"7":2,"8":2,"9":2,"10":2,"11":2,"12":2,"13":2,"14":2,"16":1,"17":11,"19":11,"20":4,"21":4,"23":11,"24":4,"25":4,"27":11,"28":2,"29":2,"31":11,"32":2,"33":2,"35":11,"36":11,"38":1,"39":4,"40":4,"42":1,"43":6,"44":1,"45":1,"46":6,"47":1,"48":1,"49":4,"50":4,"52":1,"53":2,"54":2,"55":2,"56":2},"branchMap":{"0":{"type":"branch","line":2,"loc":{"start":{"line":2,"column":30},"end":{"line":4,"column":1}},"locations":[{"start":{"line":2,"column":30},"end":{"line":4,"column":1}}]},"1":{"type":"branch","line":6,"loc":{"start":{"line":6,"column":31},"end":{"line":15,"column":1}},"locations":[{"start":{"line":6,"column":31},"end":{"line":15,"column":1}}]},"2":{"type":"branch","line":17,"loc":{"start":{"line":17,"column":33},"end":{"line":37,"column":1}},"locations":[{"start":{"line":17,"column":33},"end":{"line":37,"column":1}}]},"3":{"type":"branch","line":20,"loc":{"start":{"line":20,"column":24},"end":{"line":22,"column":3}},"locations":[{"start":{"line":20,"column":24},"end":{"line":22,"column":3}}]},"4":{"type":"branch","line":24,"loc":{"start":{"line":24,"column":24},"end":{"line":26,"column":3}},"locations":[{"start":{"line":24,"column":24},"end":{"line":26,"column":3}}]},"5":{"type":"branch","line":28,"loc":{"start":{"line":28,"column":24},"end":{"line":28,"column":50}},"locations":[{"start":{"line":28,"column":24},"end":{"line":28,"column":50}}]},"6":{"type":"branch","line":28,"loc":{"start":{"line":28,"column":50},"end":{"line":30,"column":3}},"locations":[{"start":{"line":28,"column":50},"end":{"line":30,"column":3}}]},"7":{"type":"branch","line":32,"loc":{"start":{"line":32,"column":24},"end":{"line":32,"column":50}},"locations":[{"start":{"line":32,"column":24},"end":{"line":32,"column":50}}]},"8":{"type":"branch","line":32,"loc":{"start":{"line":32,"column":50},"end":{"line":34,"column":3}},"locations":[{"start":{"line":32,"column":50},"end":{"line":34,"column":3}}]},"9":{"type":"branch","line":39,"loc":{"start":{"line":39,"column":27},"end":{"line":41,"column":1}},"locations":[{"start":{"line":39,"column":27},"end":{"line":41,"column":1}}]},"10":{"type":"branch","line":43,"loc":{"start":{"line":43,"column":34},"end":{"line":51,"column":1}},"locations":[{"start":{"line":43,"column":34},"end":{"line":51,"column":1}}]},"11":{"type":"branch","line":44,"loc":{"start":{"line":44,"column":30},"end":{"line":46,"column":3}},"locations":[{"start":{"line":44,"column":30},"end":{"line":46,"column":3}}]},"12":{"type":"branch","line":46,"loc":{"start":{"line":46,"column":2},"end":{"line":47,"column":33}},"locations":[{"start":{"line":46,"column":2},"end":{"line":47,"column":33}}]},"13":{"type":"branch","line":47,"loc":{"start":{"line":47,"column":33},"end":{"line":49,"column":3}},"locations":[{"start":{"line":47,"column":33},"end":{"line":49,"column":3}}]},"14":{"type":"branch","line":49,"loc":{"start":{"line":49,"column":2},"end":{"line":51,"column":1}},"locations":[{"start":{"line":49,"column":2},"end":{"line":51,"column":1}}]},"15":{"type":"branch","line":53,"loc":{"start":{"line":53,"column":34},"end":{"line":57,"column":2}},"locations":[{"start":{"line":53,"column":34},"end":{"line":57,"column":2}}]},"16":{"type":"branch","line":56,"loc":{"start":{"line":56,"column":14},"end":{"line":56,"column":44}},"locations":[{"start":{"line":56,"column":14},"end":{"line":56,"column":44}}]},"17":{"type":"branch","line":56,"loc":{"start":{"line":56,"column":26},"end":{"line":56,"column":54}},"locations":[{"start":{"line":56,"column":26},"end":{"line":56,"column":54}}]}},"b":{"0":[2],"1":[2],"2":[11],"3":[4],"4":[4],"5":[8],"6":[2],"7":[8],"8":[2],"9":[4],"10":[6],"11":[1],"12":[5],"13":[1],"14":[4],"15":[2],"16":[1],"17":[1]},"fnMap":{"0":{"name":"createFormData","decl":{"start":{"line":2,"column":30},"end":{"line":4,"column":1}},"loc":{"start":{"line":2,"column":30},"end":{"line":4,"column":1}},"line":2},"1":{"name":"updateFormField","decl":{"start":{"line":6,"column":31},"end":{"line":15,"column":1}},"loc":{"start":{"line":6,"column":31},"end":{"line":15,"column":1}},"line":6},"2":{"name":"validateLoginForm","decl":{"start":{"line":17,"column":33},"end":{"line":37,"column":1}},"loc":{"start":{"line":17,"column":33},"end":{"line":37,"column":1}},"line":17},"3":{"name":"isFormValid","decl":{"start":{"line":39,"column":27},"end":{"line":41,"column":1}},"loc":{"start":{"line":39,"column":27},"end":{"line":41,"column":1}},"line":39},"4":{"name":"formatErrorMessage","decl":{"start":{"line":43,"column":34},"end":{"line":51,"column":1}},"loc":{"start":{"line":43,"column":34},"end":{"line":51,"column":1}},"line":43},"5":{"name":"createLoadingState","decl":{"start":{"line":53,"column":34},"end":{"line":57,"column":2}},"loc":{"start":{"line":53,"column":34},"end":{"line":57,"column":2}},"line":53}},"f":{"0":2,"1":2,"2":11,"3":4,"4":6,"5":2}}
,"/Users/drake.harper/code/personal_projects/substitute-finder-app/substitute-finder-app/src/lib/utils.ts": {"path":"/Users/drake.harper/code/personal_projects/substitute-finder-app/substitute-finder-app/src/lib/utils.ts","all":false,"statementMap":{"0":{"start":{"line":1,"column":0},"end":{"line":1,"column":44}},"1":{"start":{"line":2,"column":0},"end":{"line":2,"column":40}},"3":{"start":{"line":4,"column":0},"end":{"line":4,"column":45}},"4":{"start":{"line":5,"column":0},"end":{"line":5,"column":30}},"5":{"start":{"line":6,"column":0},"end":{"line":6,"column":1}}},"s":{"0":1,"1":1,"3":1,"4":10,"5":10},"branchMap":{"0":{"type":"branch","line":4,"loc":{"start":{"line":4,"column":7},"end":{"line":6,"column":1}},"locations":[{"start":{"line":4,"column":7},"end":{"line":6,"column":1}}]}},"b":{"0":[10]},"fnMap":{"0":{"name":"cn","decl":{"start":{"line":4,"column":7},"end":{"line":6,"column":1}},"loc":{"start":{"line":4,"column":7},"end":{"line":6,"column":1}},"line":4}},"f":{"0":10}}
}
