{
  "/Users/drake.harper/code/personal_projects/substitute-finder-app/substitute-finder-app/dist/assets/index-B2mFatKq.js": {
    "path": "/Users/drake.harper/code/personal_projects/substitute-finder-app/substitute-finder-app/dist/assets/index-B2mFatKq.js",
    "all": true,
    "statementMap": {
      "0": { "start": { "line": 1, "column": 0 }, "end": { "line": 1, "column": 868 } },
      "1": { "start": { "line": 2, "column": 0 }, "end": { "line": 2, "column": 17 } },
      "2": { "start": { "line": 3, "column": 0 }, "end": { "line": 3, "column": 26 } },
      "3": { "start": { "line": 4, "column": 0 }, "end": { "line": 4, "column": 2 } },
      "4": { "start": { "line": 5, "column": 0 }, "end": { "line": 5, "column": 51 } },
      "5": { "start": { "line": 6, "column": 0 }, "end": { "line": 6, "column": 2 } },
      "6": { "start": { "line": 7, "column": 0 }, "end": { "line": 7, "column": 66 } },
      "7": { "start": { "line": 8, "column": 0 }, "end": { "line": 8, "column": 58 } },
      "8": { "start": { "line": 9, "column": 0 }, "end": { "line": 9, "column": 6636 } },
      "9": { "start": { "line": 10, "column": 0 }, "end": { "line": 10, "column": 17 } },
      "10": { "start": { "line": 11, "column": 0 }, "end": { "line": 11, "column": 38 } },
      "11": { "start": { "line": 12, "column": 0 }, "end": { "line": 12, "column": 2 } },
      "12": { "start": { "line": 13, "column": 0 }, "end": { "line": 13, "column": 51 } },
      "13": { "start": { "line": 14, "column": 0 }, "end": { "line": 14, "column": 2 } },
      "14": { "start": { "line": 15, "column": 0 }, "end": { "line": 15, "column": 66 } },
      "15": { "start": { "line": 16, "column": 0 }, "end": { "line": 16, "column": 58 } },
      "16": { "start": { "line": 17, "column": 0 }, "end": { "line": 17, "column": 813 } },
      "17": { "start": { "line": 18, "column": 0 }, "end": { "line": 18, "column": 17 } },
      "18": { "start": { "line": 19, "column": 0 }, "end": { "line": 19, "column": 30 } },
      "19": { "start": { "line": 20, "column": 0 }, "end": { "line": 20, "column": 2 } },
      "20": { "start": { "line": 21, "column": 0 }, "end": { "line": 21, "column": 51 } },
      "21": { "start": { "line": 22, "column": 0 }, "end": { "line": 22, "column": 2 } },
      "22": { "start": { "line": 23, "column": 0 }, "end": { "line": 23, "column": 66 } },
      "23": { "start": { "line": 24, "column": 0 }, "end": { "line": 24, "column": 58 } },
      "24": { "start": { "line": 25, "column": 0 }, "end": { "line": 25, "column": 4022 } },
      "25": { "start": { "line": 26, "column": 0 }, "end": { "line": 26, "column": 17 } },
      "26": { "start": { "line": 27, "column": 0 }, "end": { "line": 27, "column": 30 } },
      "27": { "start": { "line": 28, "column": 0 }, "end": { "line": 28, "column": 2 } },
      "28": { "start": { "line": 29, "column": 0 }, "end": { "line": 29, "column": 51 } },
      "29": { "start": { "line": 30, "column": 0 }, "end": { "line": 30, "column": 2 } },
      "30": { "start": { "line": 31, "column": 0 }, "end": { "line": 31, "column": 66 } },
      "31": { "start": { "line": 32, "column": 0 }, "end": { "line": 32, "column": 58 } },
      "32": { "start": { "line": 33, "column": 0 }, "end": { "line": 33, "column": 6101 } },
      "33": { "start": { "line": 34, "column": 0 }, "end": { "line": 34, "column": 507 } },
      "34": { "start": { "line": 35, "column": 0 }, "end": { "line": 35, "column": 20 } },
      "35": { "start": { "line": 36, "column": 0 }, "end": { "line": 36, "column": 153 } },
      "36": { "start": { "line": 37, "column": 0 }, "end": { "line": 37, "column": 37515 } },
      "37": { "start": { "line": 38, "column": 0 }, "end": { "line": 38, "column": 27949 } },
      "38": { "start": { "line": 39, "column": 0 }, "end": { "line": 39, "column": 37 } },
      "39": { "start": { "line": 40, "column": 0 }, "end": { "line": 40, "column": 59274 } }
    },
    "s": {
      "0": 0,
      "1": 0,
      "2": 0,
      "3": 0,
      "4": 0,
      "5": 0,
      "6": 0,
      "7": 0,
      "8": 0,
      "9": 0,
      "10": 0,
      "11": 0,
      "12": 0,
      "13": 0,
      "14": 0,
      "15": 0,
      "16": 0,
      "17": 0,
      "18": 0,
      "19": 0,
      "20": 0,
      "21": 0,
      "22": 0,
      "23": 0,
      "24": 0,
      "25": 0,
      "26": 0,
      "27": 0,
      "28": 0,
      "29": 0,
      "30": 0,
      "31": 0,
      "32": 0,
      "33": 0,
      "34": 0,
      "35": 0,
      "36": 0,
      "37": 0,
      "38": 0,
      "39": 0
    },
    "branchMap": {
      "0": {
        "type": "branch",
        "line": 1,
        "loc": { "start": { "line": 1, "column": 0 }, "end": { "line": 40, "column": 58970 } },
        "locations": [
          { "start": { "line": 1, "column": 0 }, "end": { "line": 40, "column": 58970 } }
        ]
      }
    },
    "b": { "0": [0] },
    "fnMap": {
      "0": {
        "name": "(empty-report)",
        "decl": { "start": { "line": 1, "column": 0 }, "end": { "line": 40, "column": 58970 } },
        "loc": { "start": { "line": 1, "column": 0 }, "end": { "line": 40, "column": 58970 } },
        "line": 1
      }
    },
    "f": { "0": 0 }
  },
  "/Users/drake.harper/code/personal_projects/substitute-finder-app/substitute-finder-app/e2e/example.spec.ts": {
    "path": "/Users/drake.harper/code/personal_projects/substitute-finder-app/substitute-finder-app/e2e/example.spec.ts",
    "all": true,
    "statementMap": {
      "0": { "start": { "line": 1, "column": 0 }, "end": { "line": 1, "column": 48 } },
      "2": { "start": { "line": 3, "column": 0 }, "end": { "line": 3, "column": 40 } },
      "3": { "start": { "line": 4, "column": 0 }, "end": { "line": 4, "column": 41 } },
      "4": { "start": { "line": 5, "column": 0 }, "end": { "line": 5, "column": 44 } },
      "5": { "start": { "line": 6, "column": 0 }, "end": { "line": 6, "column": 3 } }
    },
    "s": { "0": 0, "2": 0, "3": 0, "4": 0, "5": 0 },
    "branchMap": {
      "0": {
        "type": "branch",
        "line": 1,
        "loc": { "start": { "line": 1, "column": 0 }, "end": { "line": 6, "column": -79 } },
        "locations": [{ "start": { "line": 1, "column": 0 }, "end": { "line": 6, "column": -79 } }]
      }
    },
    "b": { "0": [0] },
    "fnMap": {
      "0": {
        "name": "(empty-report)",
        "decl": { "start": { "line": 1, "column": 0 }, "end": { "line": 6, "column": -79 } },
        "loc": { "start": { "line": 1, "column": 0 }, "end": { "line": 6, "column": -79 } },
        "line": 1
      }
    },
    "f": { "0": 0 }
  },
  "/Users/drake.harper/code/personal_projects/substitute-finder-app/substitute-finder-app/src/App.tsx": {
    "path": "/Users/drake.harper/code/personal_projects/substitute-finder-app/substitute-finder-app/src/App.tsx",
    "all": true,
    "statementMap": {
      "0": { "start": { "line": 1, "column": 0 }, "end": { "line": 1, "column": 33 } },
      "1": { "start": { "line": 2, "column": 0 }, "end": { "line": 2, "column": 54 } },
      "2": { "start": { "line": 3, "column": 0 }, "end": { "line": 3, "column": 52 } },
      "3": { "start": { "line": 4, "column": 0 }, "end": { "line": 4, "column": 79 } },
      "4": { "start": { "line": 5, "column": 0 }, "end": { "line": 5, "column": 59 } },
      "5": { "start": { "line": 6, "column": 0 }, "end": { "line": 6, "column": 55 } },
      "6": { "start": { "line": 7, "column": 0 }, "end": { "line": 7, "column": 64 } },
      "7": { "start": { "line": 8, "column": 0 }, "end": { "line": 8, "column": 61 } },
      "8": { "start": { "line": 9, "column": 0 }, "end": { "line": 9, "column": 79 } },
      "9": { "start": { "line": 10, "column": 0 }, "end": { "line": 10, "column": 66 } },
      "10": { "start": { "line": 11, "column": 0 }, "end": { "line": 11, "column": 56 } },
      "11": { "start": { "line": 12, "column": 0 }, "end": { "line": 12, "column": 63 } },
      "12": { "start": { "line": 13, "column": 0 }, "end": { "line": 13, "column": 70 } },
      "13": { "start": { "line": 14, "column": 0 }, "end": { "line": 14, "column": 62 } },
      "14": { "start": { "line": 15, "column": 0 }, "end": { "line": 15, "column": 72 } },
      "16": { "start": { "line": 17, "column": 0 }, "end": { "line": 17, "column": 23 } },
      "17": { "start": { "line": 18, "column": 0 }, "end": { "line": 18, "column": 47 } },
      "18": { "start": { "line": 19, "column": 0 }, "end": { "line": 19, "column": 62 } },
      "19": { "start": { "line": 20, "column": 0 }, "end": { "line": 20, "column": 40 } },
      "21": { "start": { "line": 22, "column": 0 }, "end": { "line": 22, "column": 18 } },
      "22": { "start": { "line": 23, "column": 0 }, "end": { "line": 23, "column": 12 } },
      "23": { "start": { "line": 24, "column": 0 }, "end": { "line": 24, "column": 69 } },
      "24": { "start": { "line": 25, "column": 0 }, "end": { "line": 25, "column": 63 } },
      "25": { "start": { "line": 26, "column": 0 }, "end": { "line": 26, "column": 12 } },
      "27": { "start": { "line": 28, "column": 0 }, "end": { "line": 28, "column": 3 } },
      "29": { "start": { "line": 30, "column": 0 }, "end": { "line": 30, "column": 14 } },
      "30": { "start": { "line": 31, "column": 0 }, "end": { "line": 31, "column": 41 } },
      "31": { "start": { "line": 32, "column": 0 }, "end": { "line": 32, "column": 3 } },
      "33": { "start": { "line": 34, "column": 0 }, "end": { "line": 34, "column": 35 } },
      "34": { "start": { "line": 35, "column": 0 }, "end": { "line": 35, "column": 26 } },
      "35": { "start": { "line": 36, "column": 0 }, "end": { "line": 36, "column": 27 } },
      "36": { "start": { "line": 37, "column": 0 }, "end": { "line": 37, "column": 36 } },
      "37": { "start": { "line": 38, "column": 0 }, "end": { "line": 38, "column": 23 } },
      "38": { "start": { "line": 39, "column": 0 }, "end": { "line": 39, "column": 57 } },
      "39": { "start": { "line": 40, "column": 0 }, "end": { "line": 40, "column": 23 } },
      "40": { "start": { "line": 41, "column": 0 }, "end": { "line": 41, "column": 38 } },
      "41": { "start": { "line": 42, "column": 0 }, "end": { "line": 42, "column": 21 } },
      "42": { "start": { "line": 43, "column": 0 }, "end": { "line": 43, "column": 29 } },
      "43": { "start": { "line": 44, "column": 0 }, "end": { "line": 44, "column": 19 } },
      "44": { "start": { "line": 45, "column": 0 }, "end": { "line": 45, "column": 47 } },
      "45": { "start": { "line": 46, "column": 0 }, "end": { "line": 46, "column": 22 } },
      "46": { "start": { "line": 47, "column": 0 }, "end": { "line": 47, "column": 31 } },
      "47": { "start": { "line": 48, "column": 0 }, "end": { "line": 48, "column": 22 } },
      "48": { "start": { "line": 49, "column": 0 }, "end": { "line": 49, "column": 32 } },
      "49": { "start": { "line": 50, "column": 0 }, "end": { "line": 50, "column": 14 } },
      "50": { "start": { "line": 51, "column": 0 }, "end": { "line": 51, "column": 36 } },
      "51": { "start": { "line": 52, "column": 0 }, "end": { "line": 52, "column": 5 } },
      "52": { "start": { "line": 53, "column": 0 }, "end": { "line": 53, "column": 4 } },
      "54": { "start": { "line": 55, "column": 0 }, "end": { "line": 55, "column": 10 } },
      "55": { "start": { "line": 56, "column": 0 }, "end": { "line": 56, "column": 58 } },
      "56": { "start": { "line": 57, "column": 0 }, "end": { "line": 57, "column": 16 } },
      "57": { "start": { "line": 58, "column": 0 }, "end": { "line": 58, "column": 51 } },
      "58": { "start": { "line": 59, "column": 0 }, "end": { "line": 59, "column": 75 } },
      "59": { "start": { "line": 60, "column": 0 }, "end": { "line": 60, "column": 49 } },
      "60": { "start": { "line": 61, "column": 0 }, "end": { "line": 61, "column": 31 } },
      "61": { "start": { "line": 62, "column": 0 }, "end": { "line": 62, "column": 15 } },
      "62": { "start": { "line": 63, "column": 0 }, "end": { "line": 63, "column": 12 } },
      "63": { "start": { "line": 64, "column": 0 }, "end": { "line": 64, "column": 24 } },
      "64": { "start": { "line": 65, "column": 0 }, "end": { "line": 65, "column": 10 } },
      "66": { "start": { "line": 67, "column": 0 }, "end": { "line": 67, "column": 1 } },
      "68": { "start": { "line": 69, "column": 0 }, "end": { "line": 69, "column": 16 } },
      "69": { "start": { "line": 70, "column": 0 }, "end": { "line": 70, "column": 10 } },
      "70": { "start": { "line": 71, "column": 0 }, "end": { "line": 71, "column": 18 } },
      "71": { "start": { "line": 72, "column": 0 }, "end": { "line": 72, "column": 24 } },
      "72": { "start": { "line": 73, "column": 0 }, "end": { "line": 73, "column": 30 } },
      "73": { "start": { "line": 74, "column": 0 }, "end": { "line": 74, "column": 24 } },
      "74": { "start": { "line": 75, "column": 0 }, "end": { "line": 75, "column": 31 } },
      "75": { "start": { "line": 76, "column": 0 }, "end": { "line": 76, "column": 25 } },
      "76": { "start": { "line": 77, "column": 0 }, "end": { "line": 77, "column": 19 } },
      "78": { "start": { "line": 79, "column": 0 }, "end": { "line": 79, "column": 1 } },
      "80": { "start": { "line": 81, "column": 0 }, "end": { "line": 81, "column": 19 } }
    },
    "s": {
      "0": 0,
      "1": 0,
      "2": 0,
      "3": 0,
      "4": 0,
      "5": 0,
      "6": 0,
      "7": 0,
      "8": 0,
      "9": 0,
      "10": 0,
      "11": 0,
      "12": 0,
      "13": 0,
      "14": 0,
      "16": 0,
      "17": 0,
      "18": 0,
      "19": 0,
      "21": 0,
      "22": 0,
      "23": 0,
      "24": 0,
      "25": 0,
      "27": 0,
      "29": 0,
      "30": 0,
      "31": 0,
      "33": 0,
      "34": 0,
      "35": 0,
      "36": 0,
      "37": 0,
      "38": 0,
      "39": 0,
      "40": 0,
      "41": 0,
      "42": 0,
      "43": 0,
      "44": 0,
      "45": 0,
      "46": 0,
      "47": 0,
      "48": 0,
      "49": 0,
      "50": 0,
      "51": 0,
      "52": 0,
      "54": 0,
      "55": 0,
      "56": 0,
      "57": 0,
      "58": 0,
      "59": 0,
      "60": 0,
      "61": 0,
      "62": 0,
      "63": 0,
      "64": 0,
      "66": 0,
      "68": 0,
      "69": 0,
      "70": 0,
      "71": 0,
      "72": 0,
      "73": 0,
      "74": 0,
      "75": 0,
      "76": 0,
      "78": 0,
      "80": 0
    },
    "branchMap": {
      "0": {
        "type": "branch",
        "line": 1,
        "loc": { "start": { "line": 1, "column": 2542 }, "end": { "line": 81, "column": 19 } },
        "locations": [
          { "start": { "line": 1, "column": 2542 }, "end": { "line": 81, "column": 19 } }
        ]
      }
    },
    "b": { "0": [0] },
    "fnMap": {
      "0": {
        "name": "(empty-report)",
        "decl": { "start": { "line": 1, "column": 2542 }, "end": { "line": 81, "column": 19 } },
        "loc": { "start": { "line": 1, "column": 2542 }, "end": { "line": 81, "column": 19 } },
        "line": 1
      }
    },
    "f": { "0": 0 }
  },
  "/Users/drake.harper/code/personal_projects/substitute-finder-app/substitute-finder-app/src/main.tsx": {
    "path": "/Users/drake.harper/code/personal_projects/substitute-finder-app/substitute-finder-app/src/main.tsx",
    "all": true,
    "statementMap": {
      "0": { "start": { "line": 1, "column": 0 }, "end": { "line": 1, "column": 26 } },
      "1": { "start": { "line": 2, "column": 0 }, "end": { "line": 2, "column": 40 } },
      "2": { "start": { "line": 3, "column": 0 }, "end": { "line": 3, "column": 24 } },
      "3": { "start": { "line": 4, "column": 0 }, "end": { "line": 4, "column": 21 } },
      "5": { "start": { "line": 6, "column": 0 }, "end": { "line": 6, "column": 75 } },
      "6": { "start": { "line": 7, "column": 0 }, "end": { "line": 7, "column": 20 } },
      "7": { "start": { "line": 8, "column": 0 }, "end": { "line": 8, "column": 11 } },
      "8": { "start": { "line": 9, "column": 0 }, "end": { "line": 9, "column": 22 } },
      "9": { "start": { "line": 10, "column": 0 }, "end": { "line": 10, "column": 2 } }
    },
    "s": { "0": 0, "1": 0, "2": 0, "3": 0, "5": 0, "6": 0, "7": 0, "8": 0, "9": 0 },
    "branchMap": {
      "0": {
        "type": "branch",
        "line": 1,
        "loc": { "start": { "line": 1, "column": 217 }, "end": { "line": 10, "column": -181 } },
        "locations": [
          { "start": { "line": 1, "column": 217 }, "end": { "line": 10, "column": -181 } }
        ]
      }
    },
    "b": { "0": [0] },
    "fnMap": {
      "0": {
        "name": "(empty-report)",
        "decl": { "start": { "line": 1, "column": 217 }, "end": { "line": 10, "column": -181 } },
        "loc": { "start": { "line": 1, "column": 217 }, "end": { "line": 10, "column": -181 } },
        "line": 1
      }
    },
    "f": { "0": 0 }
  },
  "/Users/drake.harper/code/personal_projects/substitute-finder-app/substitute-finder-app/src/components/auth/LoginForm.tsx": {
    "path": "/Users/drake.harper/code/personal_projects/substitute-finder-app/substitute-finder-app/src/components/auth/LoginForm.tsx",
    "all": true,
    "statementMap": {
      "0": { "start": { "line": 1, "column": 0 }, "end": { "line": 1, "column": 40 } },
      "1": { "start": { "line": 2, "column": 0 }, "end": { "line": 2, "column": 50 } },
      "2": { "start": { "line": 3, "column": 0 }, "end": { "line": 3, "column": 38 } },
      "3": { "start": { "line": 4, "column": 0 }, "end": { "line": 4, "column": 36 } },
      "4": { "start": { "line": 5, "column": 0 }, "end": { "line": 5, "column": 87 } },
      "5": { "start": { "line": 6, "column": 0 }, "end": { "line": 6, "column": 49 } },
      "12": { "start": { "line": 13, "column": 0 }, "end": { "line": 13, "column": 56 } },
      "13": { "start": { "line": 14, "column": 0 }, "end": { "line": 14, "column": 44 } },
      "14": { "start": { "line": 15, "column": 0 }, "end": { "line": 15, "column": 17 } },
      "15": { "start": { "line": 16, "column": 0 }, "end": { "line": 16, "column": 17 } },
      "16": { "start": { "line": 17, "column": 0 }, "end": { "line": 17, "column": 5 } },
      "17": { "start": { "line": 18, "column": 0 }, "end": { "line": 18, "column": 48 } },
      "18": { "start": { "line": 19, "column": 0 }, "end": { "line": 19, "column": 58 } },
      "19": { "start": { "line": 20, "column": 0 }, "end": { "line": 20, "column": 58 } },
      "20": { "start": { "line": 21, "column": 0 }, "end": { "line": 21, "column": 70 } },
      "22": { "start": { "line": 23, "column": 0 }, "end": { "line": 23, "column": 54 } },
      "23": { "start": { "line": 24, "column": 0 }, "end": { "line": 24, "column": 23 } },
      "24": { "start": { "line": 25, "column": 0 }, "end": { "line": 25, "column": 21 } },
      "25": { "start": { "line": 26, "column": 0 }, "end": { "line": 26, "column": 19 } },
      "27": { "start": { "line": 28, "column": 0 }, "end": { "line": 28, "column": 9 } },
      "28": { "start": { "line": 29, "column": 0 }, "end": { "line": 29, "column": 77 } },
      "29": { "start": { "line": 30, "column": 0 }, "end": { "line": 30, "column": 20 } },
      "30": { "start": { "line": 31, "column": 0 }, "end": { "line": 31, "column": 19 } },
      "31": { "start": { "line": 32, "column": 0 }, "end": { "line": 32, "column": 47 } },
      "32": { "start": { "line": 33, "column": 0 }, "end": { "line": 33, "column": 41 } },
      "33": { "start": { "line": 34, "column": 0 }, "end": { "line": 34, "column": 15 } },
      "34": { "start": { "line": 35, "column": 0 }, "end": { "line": 35, "column": 24 } },
      "35": { "start": { "line": 36, "column": 0 }, "end": { "line": 36, "column": 5 } },
      "36": { "start": { "line": 37, "column": 0 }, "end": { "line": 37, "column": 4 } },
      "38": { "start": { "line": 39, "column": 0 }, "end": { "line": 39, "column": 73 } },
      "39": { "start": { "line": 40, "column": 0 }, "end": { "line": 40, "column": 26 } },
      "40": { "start": { "line": 41, "column": 0 }, "end": { "line": 41, "column": 14 } },
      "41": { "start": { "line": 42, "column": 0 }, "end": { "line": 42, "column": 20 } },
      "42": { "start": { "line": 43, "column": 0 }, "end": { "line": 43, "column": 8 } },
      "43": { "start": { "line": 44, "column": 0 }, "end": { "line": 44, "column": 4 } },
      "45": { "start": { "line": 46, "column": 0 }, "end": { "line": 46, "column": 42 } },
      "46": { "start": { "line": 47, "column": 0 }, "end": { "line": 47, "column": 9 } },
      "47": { "start": { "line": 48, "column": 0 }, "end": { "line": 48, "column": 51 } },
      "48": { "start": { "line": 49, "column": 0 }, "end": { "line": 49, "column": 30 } },
      "49": { "start": { "line": 50, "column": 0 }, "end": { "line": 50, "column": 21 } },
      "50": { "start": { "line": 51, "column": 0 }, "end": { "line": 51, "column": 19 } },
      "51": { "start": { "line": 52, "column": 0 }, "end": { "line": 52, "column": 42 } },
      "52": { "start": { "line": 53, "column": 0 }, "end": { "line": 53, "column": 40 } },
      "53": { "start": { "line": 54, "column": 0 }, "end": { "line": 54, "column": 5 } },
      "54": { "start": { "line": 55, "column": 0 }, "end": { "line": 55, "column": 4 } },
      "56": { "start": { "line": 57, "column": 0 }, "end": { "line": 57, "column": 10 } },
      "57": { "start": { "line": 58, "column": 0 }, "end": { "line": 58, "column": 85 } },
      "58": { "start": { "line": 59, "column": 0 }, "end": { "line": 59, "column": 40 } },
      "59": { "start": { "line": 60, "column": 0 }, "end": { "line": 60, "column": 44 } },
      "60": { "start": { "line": 61, "column": 0 }, "end": { "line": 61, "column": 108 } },
      "61": { "start": { "line": 62, "column": 0 }, "end": { "line": 62, "column": 54 } },
      "62": { "start": { "line": 63, "column": 0 }, "end": { "line": 63, "column": 16 } },
      "63": { "start": { "line": 64, "column": 0 }, "end": { "line": 64, "column": 66 } },
      "64": { "start": { "line": 65, "column": 0 }, "end": { "line": 65, "column": 27 } },
      "66": { "start": { "line": 67, "column": 0 }, "end": { "line": 67, "column": 28 } },
      "67": { "start": { "line": 68, "column": 0 }, "end": { "line": 68, "column": 21 } },
      "68": { "start": { "line": 69, "column": 0 }, "end": { "line": 69, "column": 21 } },
      "69": { "start": { "line": 70, "column": 0 }, "end": { "line": 70, "column": 62 } },
      "70": { "start": { "line": 71, "column": 0 }, "end": { "line": 71, "column": 23 } },
      "71": { "start": { "line": 72, "column": 0 }, "end": { "line": 72, "column": 124 } },
      "72": { "start": { "line": 73, "column": 0 }, "end": { "line": 73, "column": 23 } },
      "73": { "start": { "line": 74, "column": 0 }, "end": { "line": 74, "column": 20 } },
      "76": { "start": { "line": 77, "column": 0 }, "end": { "line": 77, "column": 29 } },
      "77": { "start": { "line": 78, "column": 0 }, "end": { "line": 78, "column": 111 } },
      "78": { "start": { "line": 79, "column": 0 }, "end": { "line": 79, "column": 29 } },
      "79": { "start": { "line": 80, "column": 0 }, "end": { "line": 80, "column": 20 } },
      "82": { "start": { "line": 83, "column": 0 }, "end": { "line": 83, "column": 39 } },
      "83": { "start": { "line": 84, "column": 0 }, "end": { "line": 84, "column": 72 } },
      "85": { "start": { "line": 86, "column": 0 }, "end": { "line": 86, "column": 22 } },
      "86": { "start": { "line": 87, "column": 0 }, "end": { "line": 87, "column": 20 } },
      "87": { "start": { "line": 88, "column": 0 }, "end": { "line": 88, "column": 29 } },
      "88": { "start": { "line": 89, "column": 0 }, "end": { "line": 89, "column": 27 } },
      "89": { "start": { "line": 90, "column": 0 }, "end": { "line": 90, "column": 41 } },
      "90": { "start": { "line": 91, "column": 0 }, "end": { "line": 91, "column": 74 } },
      "91": { "start": { "line": 92, "column": 0 }, "end": { "line": 92, "column": 49 } },
      "92": { "start": { "line": 93, "column": 0 }, "end": { "line": 93, "column": 24 } },
      "93": { "start": { "line": 94, "column": 0 }, "end": { "line": 94, "column": 39 } },
      "94": { "start": { "line": 95, "column": 0 }, "end": { "line": 95, "column": 16 } },
      "95": { "start": { "line": 96, "column": 0 }, "end": { "line": 96, "column": 18 } },
      "97": { "start": { "line": 98, "column": 0 }, "end": { "line": 98, "column": 39 } },
      "98": { "start": { "line": 99, "column": 0 }, "end": { "line": 99, "column": 72 } },
      "100": { "start": { "line": 101, "column": 0 }, "end": { "line": 101, "column": 22 } },
      "101": { "start": { "line": 102, "column": 0 }, "end": { "line": 102, "column": 40 } },
      "102": { "start": { "line": 103, "column": 0 }, "end": { "line": 103, "column": 22 } },
      "103": { "start": { "line": 104, "column": 0 }, "end": { "line": 104, "column": 31 } },
      "104": { "start": { "line": 105, "column": 0 }, "end": { "line": 105, "column": 59 } },
      "105": { "start": { "line": 106, "column": 0 }, "end": { "line": 106, "column": 43 } },
      "106": { "start": { "line": 107, "column": 0 }, "end": { "line": 107, "column": 76 } },
      "107": { "start": { "line": 108, "column": 0 }, "end": { "line": 108, "column": 51 } },
      "108": { "start": { "line": 109, "column": 0 }, "end": { "line": 109, "column": 26 } },
      "109": { "start": { "line": 110, "column": 0 }, "end": { "line": 110, "column": 49 } },
      "110": { "start": { "line": 111, "column": 0 }, "end": { "line": 111, "column": 35 } },
      "111": { "start": { "line": 112, "column": 0 }, "end": { "line": 112, "column": 18 } },
      "112": { "start": { "line": 113, "column": 0 }, "end": { "line": 113, "column": 23 } },
      "113": { "start": { "line": 114, "column": 0 }, "end": { "line": 114, "column": 31 } },
      "114": { "start": { "line": 115, "column": 0 }, "end": { "line": 115, "column": 64 } },
      "115": { "start": { "line": 116, "column": 0 }, "end": { "line": 116, "column": 115 } },
      "117": { "start": { "line": 118, "column": 0 }, "end": { "line": 118, "column": 35 } },
      "118": { "start": { "line": 119, "column": 0 }, "end": { "line": 119, "column": 50 } },
      "120": { "start": { "line": 121, "column": 0 }, "end": { "line": 121, "column": 47 } },
      "122": { "start": { "line": 123, "column": 0 }, "end": { "line": 123, "column": 25 } },
      "123": { "start": { "line": 124, "column": 0 }, "end": { "line": 124, "column": 20 } },
      "124": { "start": { "line": 125, "column": 0 }, "end": { "line": 125, "column": 18 } },
      "126": { "start": { "line": 127, "column": 0 }, "end": { "line": 127, "column": 72 } },
      "127": { "start": { "line": 128, "column": 0 }, "end": { "line": 128, "column": 26 } },
      "128": { "start": { "line": 129, "column": 0 }, "end": { "line": 129, "column": 57 } },
      "129": { "start": { "line": 130, "column": 0 }, "end": { "line": 130, "column": 111 } },
      "131": { "start": { "line": 132, "column": 0 }, "end": { "line": 132, "column": 22 } },
      "133": { "start": { "line": 134, "column": 0 }, "end": { "line": 134, "column": 18 } },
      "134": { "start": { "line": 135, "column": 0 }, "end": { "line": 135, "column": 52 } },
      "136": { "start": { "line": 137, "column": 0 }, "end": { "line": 137, "column": 19 } },
      "138": { "start": { "line": 139, "column": 0 }, "end": { "line": 139, "column": 21 } },
      "139": { "start": { "line": 140, "column": 0 }, "end": { "line": 140, "column": 17 } },
      "141": { "start": { "line": 142, "column": 0 }, "end": { "line": 142, "column": 56 } },
      "142": { "start": { "line": 143, "column": 0 }, "end": { "line": 143, "column": 19 } },
      "143": { "start": { "line": 144, "column": 0 }, "end": { "line": 144, "column": 27 } },
      "144": { "start": { "line": 145, "column": 0 }, "end": { "line": 145, "column": 31 } },
      "145": { "start": { "line": 146, "column": 0 }, "end": { "line": 146, "column": 32 } },
      "146": { "start": { "line": 147, "column": 0 }, "end": { "line": 147, "column": 42 } },
      "147": { "start": { "line": 148, "column": 0 }, "end": { "line": 148, "column": 13 } },
      "149": { "start": { "line": 150, "column": 0 }, "end": { "line": 150, "column": 21 } },
      "151": { "start": { "line": 152, "column": 0 }, "end": { "line": 152, "column": 71 } },
      "152": { "start": { "line": 153, "column": 0 }, "end": { "line": 153, "column": 38 } },
      "153": { "start": { "line": 154, "column": 0 }, "end": { "line": 154, "column": 52 } },
      "155": { "start": { "line": 156, "column": 0 }, "end": { "line": 156, "column": 18 } },
      "156": { "start": { "line": 157, "column": 0 }, "end": { "line": 157, "column": 18 } },
      "157": { "start": { "line": 158, "column": 0 }, "end": { "line": 158, "column": 16 } },
      "158": { "start": { "line": 159, "column": 0 }, "end": { "line": 159, "column": 22 } },
      "159": { "start": { "line": 160, "column": 0 }, "end": { "line": 160, "column": 13 } },
      "160": { "start": { "line": 161, "column": 0 }, "end": { "line": 161, "column": 10 } },
      "162": { "start": { "line": 163, "column": 0 }, "end": { "line": 163, "column": 1 } }
    },
    "s": {
      "0": 0,
      "1": 0,
      "2": 0,
      "3": 0,
      "4": 0,
      "5": 0,
      "12": 0,
      "13": 0,
      "14": 0,
      "15": 0,
      "16": 0,
      "17": 0,
      "18": 0,
      "19": 0,
      "20": 0,
      "22": 0,
      "23": 0,
      "24": 0,
      "25": 0,
      "27": 0,
      "28": 0,
      "29": 0,
      "30": 0,
      "31": 0,
      "32": 0,
      "33": 0,
      "34": 0,
      "35": 0,
      "36": 0,
      "38": 0,
      "39": 0,
      "40": 0,
      "41": 0,
      "42": 0,
      "43": 0,
      "45": 0,
      "46": 0,
      "47": 0,
      "48": 0,
      "49": 0,
      "50": 0,
      "51": 0,
      "52": 0,
      "53": 0,
      "54": 0,
      "56": 0,
      "57": 0,
      "58": 0,
      "59": 0,
      "60": 0,
      "61": 0,
      "62": 0,
      "63": 0,
      "64": 0,
      "66": 0,
      "67": 0,
      "68": 0,
      "69": 0,
      "70": 0,
      "71": 0,
      "72": 0,
      "73": 0,
      "76": 0,
      "77": 0,
      "78": 0,
      "79": 0,
      "82": 0,
      "83": 0,
      "85": 0,
      "86": 0,
      "87": 0,
      "88": 0,
      "89": 0,
      "90": 0,
      "91": 0,
      "92": 0,
      "93": 0,
      "94": 0,
      "95": 0,
      "97": 0,
      "98": 0,
      "100": 0,
      "101": 0,
      "102": 0,
      "103": 0,
      "104": 0,
      "105": 0,
      "106": 0,
      "107": 0,
      "108": 0,
      "109": 0,
      "110": 0,
      "111": 0,
      "112": 0,
      "113": 0,
      "114": 0,
      "115": 0,
      "117": 0,
      "118": 0,
      "120": 0,
      "122": 0,
      "123": 0,
      "124": 0,
      "126": 0,
      "127": 0,
      "128": 0,
      "129": 0,
      "131": 0,
      "133": 0,
      "134": 0,
      "136": 0,
      "138": 0,
      "139": 0,
      "141": 0,
      "142": 0,
      "143": 0,
      "144": 0,
      "145": 0,
      "146": 0,
      "147": 0,
      "149": 0,
      "151": 0,
      "152": 0,
      "153": 0,
      "155": 0,
      "156": 0,
      "157": 0,
      "158": 0,
      "159": 0,
      "160": 0,
      "162": 0
    },
    "branchMap": {
      "0": {
        "type": "branch",
        "line": 1,
        "loc": { "start": { "line": 1, "column": 5469 }, "end": { "line": 163, "column": 1 } },
        "locations": [
          { "start": { "line": 1, "column": 5469 }, "end": { "line": 163, "column": 1 } }
        ]
      }
    },
    "b": { "0": [0] },
    "fnMap": {
      "0": {
        "name": "(empty-report)",
        "decl": { "start": { "line": 1, "column": 5469 }, "end": { "line": 163, "column": 1 } },
        "loc": { "start": { "line": 1, "column": 5469 }, "end": { "line": 163, "column": 1 } },
        "line": 1
      }
    },
    "f": { "0": 0 }
  },
  "/Users/drake.harper/code/personal_projects/substitute-finder-app/substitute-finder-app/src/components/classes/ClassForm.tsx": {
    "path": "/Users/drake.harper/code/personal_projects/substitute-finder-app/substitute-finder-app/src/components/classes/ClassForm.tsx",
    "all": true,
    "statementMap": {
      "0": { "start": { "line": 1, "column": 0 }, "end": { "line": 1, "column": 40 } },
      "1": { "start": { "line": 2, "column": 0 }, "end": { "line": 2, "column": 38 } },
      "2": { "start": { "line": 3, "column": 0 }, "end": { "line": 3, "column": 36 } },
      "3": { "start": { "line": 4, "column": 0 }, "end": { "line": 4, "column": 87 } },
      "4": { "start": { "line": 5, "column": 0 }, "end": { "line": 5, "column": 41 } },
      "14": { "start": { "line": 15, "column": 0 }, "end": { "line": 15, "column": 25 } },
      "15": { "start": { "line": 16, "column": 0 }, "end": { "line": 16, "column": 16 } },
      "16": { "start": { "line": 17, "column": 0 }, "end": { "line": 17, "column": 26 } },
      "17": { "start": { "line": 18, "column": 0 }, "end": { "line": 18, "column": 12 } },
      "18": { "start": { "line": 19, "column": 0 }, "end": { "line": 19, "column": 19 } },
      "19": { "start": { "line": 20, "column": 0 }, "end": { "line": 20, "column": 23 } },
      "20": { "start": { "line": 21, "column": 0 }, "end": { "line": 21, "column": 8 } },
      "21": { "start": { "line": 22, "column": 0 }, "end": { "line": 22, "column": 10 } },
      "22": { "start": { "line": 23, "column": 0 }, "end": { "line": 23, "column": 21 } },
      "23": { "start": { "line": 24, "column": 0 }, "end": { "line": 24, "column": 21 } },
      "24": { "start": { "line": 25, "column": 0 }, "end": { "line": 25, "column": 11 } },
      "25": { "start": { "line": 26, "column": 0 }, "end": { "line": 26, "column": 12 } },
      "26": { "start": { "line": 27, "column": 0 }, "end": { "line": 27, "column": 21 } },
      "27": { "start": { "line": 28, "column": 0 }, "end": { "line": 28, "column": 2 } },
      "29": { "start": { "line": 30, "column": 0 }, "end": { "line": 30, "column": 22 } },
      "30": { "start": { "line": 31, "column": 0 }, "end": { "line": 31, "column": 10 } },
      "31": { "start": { "line": 32, "column": 0 }, "end": { "line": 32, "column": 17 } },
      "32": { "start": { "line": 33, "column": 0 }, "end": { "line": 33, "column": 14 } },
      "33": { "start": { "line": 34, "column": 0 }, "end": { "line": 34, "column": 14 } },
      "34": { "start": { "line": 35, "column": 0 }, "end": { "line": 35, "column": 14 } },
      "35": { "start": { "line": 36, "column": 0 }, "end": { "line": 36, "column": 14 } },
      "36": { "start": { "line": 37, "column": 0 }, "end": { "line": 37, "column": 14 } },
      "37": { "start": { "line": 38, "column": 0 }, "end": { "line": 38, "column": 14 } },
      "38": { "start": { "line": 39, "column": 0 }, "end": { "line": 39, "column": 14 } },
      "39": { "start": { "line": 40, "column": 0 }, "end": { "line": 40, "column": 14 } },
      "40": { "start": { "line": 41, "column": 0 }, "end": { "line": 41, "column": 14 } },
      "41": { "start": { "line": 42, "column": 0 }, "end": { "line": 42, "column": 15 } },
      "42": { "start": { "line": 43, "column": 0 }, "end": { "line": 43, "column": 15 } },
      "43": { "start": { "line": 44, "column": 0 }, "end": { "line": 44, "column": 15 } },
      "44": { "start": { "line": 45, "column": 0 }, "end": { "line": 45, "column": 16 } },
      "45": { "start": { "line": 46, "column": 0 }, "end": { "line": 46, "column": 2 } },
      "47": { "start": { "line": 48, "column": 0 }, "end": { "line": 48, "column": 100 } },
      "48": { "start": { "line": 49, "column": 0 }, "end": { "line": 49, "column": 64 } },
      "49": { "start": { "line": 50, "column": 0 }, "end": { "line": 50, "column": 32 } },
      "50": { "start": { "line": 51, "column": 0 }, "end": { "line": 51, "column": 54 } },
      "51": { "start": { "line": 52, "column": 0 }, "end": { "line": 52, "column": 38 } },
      "52": { "start": { "line": 53, "column": 0 }, "end": { "line": 53, "column": 46 } },
      "53": { "start": { "line": 54, "column": 0 }, "end": { "line": 54, "column": 46 } },
      "54": { "start": { "line": 55, "column": 0 }, "end": { "line": 55, "column": 46 } },
      "55": { "start": { "line": 56, "column": 0 }, "end": { "line": 56, "column": 5 } },
      "57": { "start": { "line": 58, "column": 0 }, "end": { "line": 58, "column": 48 } },
      "58": { "start": { "line": 59, "column": 0 }, "end": { "line": 59, "column": 58 } },
      "60": { "start": { "line": 61, "column": 0 }, "end": { "line": 61, "column": 54 } },
      "61": { "start": { "line": 62, "column": 0 }, "end": { "line": 62, "column": 23 } },
      "62": { "start": { "line": 63, "column": 0 }, "end": { "line": 63, "column": 21 } },
      "63": { "start": { "line": 64, "column": 0 }, "end": { "line": 64, "column": 19 } },
      "65": { "start": { "line": 66, "column": 0 }, "end": { "line": 66, "column": 9 } },
      "66": { "start": { "line": 67, "column": 0 }, "end": { "line": 67, "column": 26 } },
      "67": { "start": { "line": 68, "column": 0 }, "end": { "line": 68, "column": 20 } },
      "68": { "start": { "line": 69, "column": 0 }, "end": { "line": 69, "column": 47 } },
      "69": { "start": { "line": 70, "column": 0 }, "end": { "line": 70, "column": 55 } },
      "70": { "start": { "line": 71, "column": 0 }, "end": { "line": 71, "column": 55 } },
      "71": { "start": { "line": 72, "column": 0 }, "end": { "line": 72, "column": 55 } },
      "72": { "start": { "line": 73, "column": 0 }, "end": { "line": 73, "column": 8 } },
      "74": { "start": { "line": 75, "column": 0 }, "end": { "line": 75, "column": 22 } },
      "75": { "start": { "line": 76, "column": 0 }, "end": { "line": 76, "column": 56 } },
      "76": { "start": { "line": 77, "column": 0 }, "end": { "line": 77, "column": 14 } },
      "77": { "start": { "line": 78, "column": 0 }, "end": { "line": 78, "column": 42 } },
      "78": { "start": { "line": 79, "column": 0 }, "end": { "line": 79, "column": 7 } },
      "80": { "start": { "line": 81, "column": 0 }, "end": { "line": 81, "column": 17 } },
      "81": { "start": { "line": 82, "column": 0 }, "end": { "line": 82, "column": 19 } },
      "82": { "start": { "line": 83, "column": 0 }, "end": { "line": 83, "column": 69 } },
      "83": { "start": { "line": 84, "column": 0 }, "end": { "line": 84, "column": 52 } },
      "84": { "start": { "line": 85, "column": 0 }, "end": { "line": 85, "column": 15 } },
      "85": { "start": { "line": 86, "column": 0 }, "end": { "line": 86, "column": 24 } },
      "86": { "start": { "line": 87, "column": 0 }, "end": { "line": 87, "column": 5 } },
      "87": { "start": { "line": 88, "column": 0 }, "end": { "line": 88, "column": 4 } },
      "89": { "start": { "line": 90, "column": 0 }, "end": { "line": 90, "column": 76 } },
      "90": { "start": { "line": 91, "column": 0 }, "end": { "line": 91, "column": 26 } },
      "91": { "start": { "line": 92, "column": 0 }, "end": { "line": 92, "column": 14 } },
      "92": { "start": { "line": 93, "column": 0 }, "end": { "line": 93, "column": 20 } },
      "93": { "start": { "line": 94, "column": 0 }, "end": { "line": 94, "column": 8 } },
      "94": { "start": { "line": 95, "column": 0 }, "end": { "line": 95, "column": 4 } },
      "96": { "start": { "line": 97, "column": 0 }, "end": { "line": 97, "column": 10 } },
      "97": { "start": { "line": 98, "column": 0 }, "end": { "line": 98, "column": 10 } },
      "98": { "start": { "line": 99, "column": 0 }, "end": { "line": 99, "column": 18 } },
      "99": { "start": { "line": 100, "column": 0 }, "end": { "line": 100, "column": 19 } },
      "100": { "start": { "line": 101, "column": 0 }, "end": { "line": 101, "column": 57 } },
      "101": { "start": { "line": 102, "column": 0 }, "end": { "line": 102, "column": 20 } },
      "102": { "start": { "line": 103, "column": 0 }, "end": { "line": 103, "column": 25 } },
      "103": { "start": { "line": 104, "column": 0 }, "end": { "line": 104, "column": 21 } },
      "104": { "start": { "line": 105, "column": 0 }, "end": { "line": 105, "column": 48 } },
      "105": { "start": { "line": 106, "column": 0 }, "end": { "line": 106, "column": 58 } },
      "107": { "start": { "line": 108, "column": 0 }, "end": { "line": 108, "column": 26 } },
      "108": { "start": { "line": 109, "column": 0 }, "end": { "line": 109, "column": 19 } },
      "109": { "start": { "line": 110, "column": 0 }, "end": { "line": 110, "column": 19 } },
      "110": { "start": { "line": 111, "column": 0 }, "end": { "line": 111, "column": 60 } },
      "111": { "start": { "line": 112, "column": 0 }, "end": { "line": 112, "column": 21 } },
      "112": { "start": { "line": 113, "column": 0 }, "end": { "line": 113, "column": 114 } },
      "113": { "start": { "line": 114, "column": 0 }, "end": { "line": 114, "column": 21 } },
      "114": { "start": { "line": 115, "column": 0 }, "end": { "line": 115, "column": 18 } },
      "117": { "start": { "line": 118, "column": 0 }, "end": { "line": 118, "column": 65 } },
      "118": { "start": { "line": 119, "column": 0 }, "end": { "line": 119, "column": 39 } },
      "119": { "start": { "line": 120, "column": 0 }, "end": { "line": 120, "column": 68 } },
      "121": { "start": { "line": 122, "column": 0 }, "end": { "line": 122, "column": 22 } },
      "122": { "start": { "line": 123, "column": 0 }, "end": { "line": 123, "column": 20 } },
      "123": { "start": { "line": 124, "column": 0 }, "end": { "line": 124, "column": 25 } },
      "124": { "start": { "line": 125, "column": 0 }, "end": { "line": 125, "column": 27 } },
      "125": { "start": { "line": 126, "column": 0 }, "end": { "line": 126, "column": 37 } },
      "126": { "start": { "line": 127, "column": 0 }, "end": { "line": 127, "column": 70 } },
      "127": { "start": { "line": 128, "column": 0 }, "end": { "line": 128, "column": 75 } },
      "128": { "start": { "line": 129, "column": 0 }, "end": { "line": 129, "column": 24 } },
      "129": { "start": { "line": 130, "column": 0 }, "end": { "line": 130, "column": 16 } },
      "130": { "start": { "line": 131, "column": 0 }, "end": { "line": 131, "column": 18 } },
      "132": { "start": { "line": 133, "column": 0 }, "end": { "line": 133, "column": 39 } },
      "133": { "start": { "line": 134, "column": 0 }, "end": { "line": 134, "column": 76 } },
      "135": { "start": { "line": 136, "column": 0 }, "end": { "line": 136, "column": 22 } },
      "136": { "start": { "line": 137, "column": 0 }, "end": { "line": 137, "column": 21 } },
      "137": { "start": { "line": 138, "column": 0 }, "end": { "line": 138, "column": 33 } },
      "138": { "start": { "line": 139, "column": 0 }, "end": { "line": 139, "column": 48 } },
      "139": { "start": { "line": 140, "column": 0 }, "end": { "line": 140, "column": 81 } },
      "140": { "start": { "line": 141, "column": 0 }, "end": { "line": 141, "column": 230 } },
      "141": { "start": { "line": 142, "column": 0 }, "end": { "line": 142, "column": 24 } },
      "143": { "start": { "line": 144, "column": 0 }, "end": { "line": 144, "column": 61 } },
      "144": { "start": { "line": 145, "column": 0 }, "end": { "line": 145, "column": 45 } },
      "145": { "start": { "line": 146, "column": 0 }, "end": { "line": 146, "column": 54 } },
      "146": { "start": { "line": 147, "column": 0 }, "end": { "line": 147, "column": 30 } },
      "147": { "start": { "line": 148, "column": 0 }, "end": { "line": 148, "column": 27 } },
      "148": { "start": { "line": 149, "column": 0 }, "end": { "line": 149, "column": 19 } },
      "149": { "start": { "line": 150, "column": 0 }, "end": { "line": 150, "column": 23 } },
      "150": { "start": { "line": 151, "column": 0 }, "end": { "line": 151, "column": 18 } },
      "152": { "start": { "line": 153, "column": 0 }, "end": { "line": 153, "column": 39 } },
      "153": { "start": { "line": 154, "column": 0 }, "end": { "line": 154, "column": 71 } },
      "155": { "start": { "line": 156, "column": 0 }, "end": { "line": 156, "column": 22 } },
      "156": { "start": { "line": 157, "column": 0 }, "end": { "line": 157, "column": 21 } },
      "157": { "start": { "line": 158, "column": 0 }, "end": { "line": 158, "column": 28 } },
      "158": { "start": { "line": 159, "column": 0 }, "end": { "line": 159, "column": 46 } },
      "159": { "start": { "line": 160, "column": 0 }, "end": { "line": 160, "column": 73 } },
      "160": { "start": { "line": 161, "column": 0 }, "end": { "line": 161, "column": 230 } },
      "162": { "start": { "line": 163, "column": 0 }, "end": { "line": 163, "column": 67 } },
      "163": { "start": { "line": 164, "column": 0 }, "end": { "line": 164, "column": 51 } },
      "164": { "start": { "line": 165, "column": 0 }, "end": { "line": 165, "column": 56 } },
      "165": { "start": { "line": 166, "column": 0 }, "end": { "line": 166, "column": 29 } },
      "166": { "start": { "line": 167, "column": 0 }, "end": { "line": 167, "column": 27 } },
      "167": { "start": { "line": 168, "column": 0 }, "end": { "line": 168, "column": 19 } },
      "168": { "start": { "line": 169, "column": 0 }, "end": { "line": 169, "column": 52 } },
      "169": { "start": { "line": 170, "column": 0 }, "end": { "line": 170, "column": 23 } },
      "170": { "start": { "line": 171, "column": 0 }, "end": { "line": 171, "column": 18 } },
      "172": { "start": { "line": 173, "column": 0 }, "end": { "line": 173, "column": 39 } },
      "173": { "start": { "line": 174, "column": 0 }, "end": { "line": 174, "column": 75 } },
      "175": { "start": { "line": 176, "column": 0 }, "end": { "line": 176, "column": 22 } },
      "176": { "start": { "line": 177, "column": 0 }, "end": { "line": 177, "column": 21 } },
      "177": { "start": { "line": 178, "column": 0 }, "end": { "line": 178, "column": 32 } },
      "178": { "start": { "line": 179, "column": 0 }, "end": { "line": 179, "column": 50 } },
      "179": { "start": { "line": 180, "column": 0 }, "end": { "line": 180, "column": 77 } },
      "180": { "start": { "line": 181, "column": 0 }, "end": { "line": 181, "column": 230 } },
      "182": { "start": { "line": 183, "column": 0 }, "end": { "line": 183, "column": 71 } },
      "183": { "start": { "line": 184, "column": 0 }, "end": { "line": 184, "column": 46 } },
      "184": { "start": { "line": 185, "column": 0 }, "end": { "line": 185, "column": 52 } },
      "185": { "start": { "line": 186, "column": 0 }, "end": { "line": 186, "column": 27 } },
      "186": { "start": { "line": 187, "column": 0 }, "end": { "line": 187, "column": 27 } },
      "187": { "start": { "line": 188, "column": 0 }, "end": { "line": 188, "column": 19 } },
      "188": { "start": { "line": 189, "column": 0 }, "end": { "line": 189, "column": 23 } },
      "189": { "start": { "line": 190, "column": 0 }, "end": { "line": 190, "column": 18 } },
      "191": { "start": { "line": 192, "column": 0 }, "end": { "line": 192, "column": 39 } },
      "192": { "start": { "line": 193, "column": 0 }, "end": { "line": 193, "column": 75 } },
      "194": { "start": { "line": 195, "column": 0 }, "end": { "line": 195, "column": 22 } },
      "195": { "start": { "line": 196, "column": 0 }, "end": { "line": 196, "column": 20 } },
      "196": { "start": { "line": 197, "column": 0 }, "end": { "line": 197, "column": 32 } },
      "197": { "start": { "line": 198, "column": 0 }, "end": { "line": 198, "column": 27 } },
      "198": { "start": { "line": 199, "column": 0 }, "end": { "line": 199, "column": 50 } },
      "199": { "start": { "line": 200, "column": 0 }, "end": { "line": 200, "column": 77 } },
      "200": { "start": { "line": 201, "column": 0 }, "end": { "line": 201, "column": 56 } },
      "201": { "start": { "line": 202, "column": 0 }, "end": { "line": 202, "column": 16 } },
      "202": { "start": { "line": 203, "column": 0 }, "end": { "line": 203, "column": 18 } },
      "204": { "start": { "line": 205, "column": 0 }, "end": { "line": 205, "column": 39 } },
      "205": { "start": { "line": 206, "column": 0 }, "end": { "line": 206, "column": 75 } },
      "207": { "start": { "line": 208, "column": 0 }, "end": { "line": 208, "column": 22 } },
      "208": { "start": { "line": 209, "column": 0 }, "end": { "line": 209, "column": 23 } },
      "209": { "start": { "line": 210, "column": 0 }, "end": { "line": 210, "column": 32 } },
      "210": { "start": { "line": 211, "column": 0 }, "end": { "line": 211, "column": 50 } },
      "211": { "start": { "line": 212, "column": 0 }, "end": { "line": 212, "column": 77 } },
      "212": { "start": { "line": 213, "column": 0 }, "end": { "line": 213, "column": 75 } },
      "213": { "start": { "line": 214, "column": 0 }, "end": { "line": 214, "column": 24 } },
      "214": { "start": { "line": 215, "column": 0 }, "end": { "line": 215, "column": 237 } },
      "215": { "start": { "line": 216, "column": 0 }, "end": { "line": 216, "column": 16 } },
      "216": { "start": { "line": 217, "column": 0 }, "end": { "line": 217, "column": 18 } },
      "217": { "start": { "line": 218, "column": 0 }, "end": { "line": 218, "column": 16 } },
      "219": { "start": { "line": 220, "column": 0 }, "end": { "line": 220, "column": 55 } },
      "220": { "start": { "line": 221, "column": 0 }, "end": { "line": 221, "column": 19 } },
      "221": { "start": { "line": 222, "column": 0 }, "end": { "line": 222, "column": 27 } },
      "222": { "start": { "line": 223, "column": 0 }, "end": { "line": 223, "column": 31 } },
      "223": { "start": { "line": 224, "column": 0 }, "end": { "line": 224, "column": 32 } },
      "224": { "start": { "line": 225, "column": 0 }, "end": { "line": 225, "column": 32 } },
      "225": { "start": { "line": 226, "column": 0 }, "end": { "line": 226, "column": 13 } },
      "227": { "start": { "line": 228, "column": 0 }, "end": { "line": 228, "column": 21 } },
      "228": { "start": { "line": 229, "column": 0 }, "end": { "line": 229, "column": 53 } },
      "229": { "start": { "line": 230, "column": 0 }, "end": { "line": 230, "column": 23 } },
      "230": { "start": { "line": 231, "column": 0 }, "end": { "line": 231, "column": 62 } },
      "231": { "start": { "line": 232, "column": 0 }, "end": { "line": 232, "column": 63 } },
      "233": { "start": { "line": 234, "column": 0 }, "end": { "line": 234, "column": 21 } },
      "234": { "start": { "line": 235, "column": 0 }, "end": { "line": 235, "column": 16 } },
      "235": { "start": { "line": 236, "column": 0 }, "end": { "line": 236, "column": 15 } },
      "236": { "start": { "line": 237, "column": 0 }, "end": { "line": 237, "column": 20 } },
      "237": { "start": { "line": 238, "column": 0 }, "end": { "line": 238, "column": 11 } },
      "239": { "start": { "line": 240, "column": 0 }, "end": { "line": 240, "column": 1 } }
    },
    "s": {
      "0": 0,
      "1": 0,
      "2": 0,
      "3": 0,
      "4": 0,
      "14": 0,
      "15": 0,
      "16": 0,
      "17": 0,
      "18": 0,
      "19": 0,
      "20": 0,
      "21": 0,
      "22": 0,
      "23": 0,
      "24": 0,
      "25": 0,
      "26": 0,
      "27": 0,
      "29": 0,
      "30": 0,
      "31": 0,
      "32": 0,
      "33": 0,
      "34": 0,
      "35": 0,
      "36": 0,
      "37": 0,
      "38": 0,
      "39": 0,
      "40": 0,
      "41": 0,
      "42": 0,
      "43": 0,
      "44": 0,
      "45": 0,
      "47": 0,
      "48": 0,
      "49": 0,
      "50": 0,
      "51": 0,
      "52": 0,
      "53": 0,
      "54": 0,
      "55": 0,
      "57": 0,
      "58": 0,
      "60": 0,
      "61": 0,
      "62": 0,
      "63": 0,
      "65": 0,
      "66": 0,
      "67": 0,
      "68": 0,
      "69": 0,
      "70": 0,
      "71": 0,
      "72": 0,
      "74": 0,
      "75": 0,
      "76": 0,
      "77": 0,
      "78": 0,
      "80": 0,
      "81": 0,
      "82": 0,
      "83": 0,
      "84": 0,
      "85": 0,
      "86": 0,
      "87": 0,
      "89": 0,
      "90": 0,
      "91": 0,
      "92": 0,
      "93": 0,
      "94": 0,
      "96": 0,
      "97": 0,
      "98": 0,
      "99": 0,
      "100": 0,
      "101": 0,
      "102": 0,
      "103": 0,
      "104": 0,
      "105": 0,
      "107": 0,
      "108": 0,
      "109": 0,
      "110": 0,
      "111": 0,
      "112": 0,
      "113": 0,
      "114": 0,
      "117": 0,
      "118": 0,
      "119": 0,
      "121": 0,
      "122": 0,
      "123": 0,
      "124": 0,
      "125": 0,
      "126": 0,
      "127": 0,
      "128": 0,
      "129": 0,
      "130": 0,
      "132": 0,
      "133": 0,
      "135": 0,
      "136": 0,
      "137": 0,
      "138": 0,
      "139": 0,
      "140": 0,
      "141": 0,
      "143": 0,
      "144": 0,
      "145": 0,
      "146": 0,
      "147": 0,
      "148": 0,
      "149": 0,
      "150": 0,
      "152": 0,
      "153": 0,
      "155": 0,
      "156": 0,
      "157": 0,
      "158": 0,
      "159": 0,
      "160": 0,
      "162": 0,
      "163": 0,
      "164": 0,
      "165": 0,
      "166": 0,
      "167": 0,
      "168": 0,
      "169": 0,
      "170": 0,
      "172": 0,
      "173": 0,
      "175": 0,
      "176": 0,
      "177": 0,
      "178": 0,
      "179": 0,
      "180": 0,
      "182": 0,
      "183": 0,
      "184": 0,
      "185": 0,
      "186": 0,
      "187": 0,
      "188": 0,
      "189": 0,
      "191": 0,
      "192": 0,
      "194": 0,
      "195": 0,
      "196": 0,
      "197": 0,
      "198": 0,
      "199": 0,
      "200": 0,
      "201": 0,
      "202": 0,
      "204": 0,
      "205": 0,
      "207": 0,
      "208": 0,
      "209": 0,
      "210": 0,
      "211": 0,
      "212": 0,
      "213": 0,
      "214": 0,
      "215": 0,
      "216": 0,
      "217": 0,
      "219": 0,
      "220": 0,
      "221": 0,
      "222": 0,
      "223": 0,
      "224": 0,
      "225": 0,
      "227": 0,
      "228": 0,
      "229": 0,
      "230": 0,
      "231": 0,
      "233": 0,
      "234": 0,
      "235": 0,
      "236": 0,
      "237": 0,
      "239": 0
    },
    "branchMap": {
      "0": {
        "type": "branch",
        "line": 1,
        "loc": { "start": { "line": 1, "column": 8137 }, "end": { "line": 240, "column": 1 } },
        "locations": [
          { "start": { "line": 1, "column": 8137 }, "end": { "line": 240, "column": 1 } }
        ]
      }
    },
    "b": { "0": [0] },
    "fnMap": {
      "0": {
        "name": "(empty-report)",
        "decl": { "start": { "line": 1, "column": 8137 }, "end": { "line": 240, "column": 1 } },
        "loc": { "start": { "line": 1, "column": 8137 }, "end": { "line": 240, "column": 1 } },
        "line": 1
      }
    },
    "f": { "0": 0 }
  },
  "/Users/drake.harper/code/personal_projects/substitute-finder-app/substitute-finder-app/src/components/classes/ClassList.tsx": {
    "path": "/Users/drake.harper/code/personal_projects/substitute-finder-app/substitute-finder-app/src/components/classes/ClassList.tsx",
    "all": true,
    "statementMap": {
      "0": { "start": { "line": 1, "column": 0 }, "end": { "line": 1, "column": 51 } },
      "1": { "start": { "line": 2, "column": 0 }, "end": { "line": 2, "column": 92 } },
      "2": { "start": { "line": 3, "column": 0 }, "end": { "line": 3, "column": 38 } },
      "3": { "start": { "line": 4, "column": 0 }, "end": { "line": 4, "column": 87 } },
      "4": { "start": { "line": 5, "column": 0 }, "end": { "line": 5, "column": 58 } },
      "6": { "start": { "line": 7, "column": 0 }, "end": { "line": 7, "column": 40 } },
      "7": { "start": { "line": 8, "column": 0 }, "end": { "line": 8, "column": 47 } },
      "8": { "start": { "line": 9, "column": 0 }, "end": { "line": 9, "column": 70 } },
      "10": { "start": { "line": 11, "column": 0 }, "end": { "line": 11, "column": 29 } },
      "11": { "start": { "line": 12, "column": 0 }, "end": { "line": 12, "column": 49 } },
      "12": { "start": { "line": 13, "column": 0 }, "end": { "line": 13, "column": 54 } },
      "13": { "start": { "line": 14, "column": 0 }, "end": { "line": 14, "column": 73 } },
      "14": { "start": { "line": 15, "column": 0 }, "end": { "line": 15, "column": 47 } },
      "15": { "start": { "line": 16, "column": 0 }, "end": { "line": 16, "column": 50 } },
      "16": { "start": { "line": 17, "column": 0 }, "end": { "line": 17, "column": 71 } },
      "17": { "start": { "line": 18, "column": 0 }, "end": { "line": 18, "column": 58 } },
      "18": { "start": { "line": 19, "column": 0 }, "end": { "line": 19, "column": 65 } },
      "20": { "start": { "line": 21, "column": 0 }, "end": { "line": 21, "column": 19 } },
      "21": { "start": { "line": 22, "column": 0 }, "end": { "line": 22, "column": 15 } },
      "22": { "start": { "line": 23, "column": 0 }, "end": { "line": 23, "column": 9 } },
      "24": { "start": { "line": 25, "column": 0 }, "end": { "line": 25, "column": 32 } },
      "25": { "start": { "line": 26, "column": 0 }, "end": { "line": 26, "column": 9 } },
      "26": { "start": { "line": 27, "column": 0 }, "end": { "line": 27, "column": 23 } },
      "27": { "start": { "line": 28, "column": 0 }, "end": { "line": 28, "column": 57 } },
      "28": { "start": { "line": 29, "column": 0 }, "end": { "line": 29, "column": 26 } },
      "29": { "start": { "line": 30, "column": 0 }, "end": { "line": 30, "column": 32 } },
      "30": { "start": { "line": 31, "column": 0 }, "end": { "line": 31, "column": 9 } },
      "31": { "start": { "line": 32, "column": 0 }, "end": { "line": 32, "column": 30 } },
      "32": { "start": { "line": 33, "column": 0 }, "end": { "line": 33, "column": 33 } },
      "33": { "start": { "line": 34, "column": 0 }, "end": { "line": 34, "column": 21 } },
      "34": { "start": { "line": 35, "column": 0 }, "end": { "line": 35, "column": 19 } },
      "35": { "start": { "line": 36, "column": 0 }, "end": { "line": 36, "column": 59 } },
      "36": { "start": { "line": 37, "column": 0 }, "end": { "line": 37, "column": 48 } },
      "37": { "start": { "line": 38, "column": 0 }, "end": { "line": 38, "column": 15 } },
      "38": { "start": { "line": 39, "column": 0 }, "end": { "line": 39, "column": 24 } },
      "39": { "start": { "line": 40, "column": 0 }, "end": { "line": 40, "column": 5 } },
      "40": { "start": { "line": 41, "column": 0 }, "end": { "line": 41, "column": 4 } },
      "42": { "start": { "line": 43, "column": 0 }, "end": { "line": 43, "column": 46 } },
      "43": { "start": { "line": 44, "column": 0 }, "end": { "line": 44, "column": 72 } },
      "45": { "start": { "line": 46, "column": 0 }, "end": { "line": 46, "column": 9 } },
      "46": { "start": { "line": 47, "column": 0 }, "end": { "line": 47, "column": 32 } },
      "47": { "start": { "line": 48, "column": 0 }, "end": { "line": 48, "column": 23 } },
      "48": { "start": { "line": 49, "column": 0 }, "end": { "line": 49, "column": 19 } },
      "49": { "start": { "line": 50, "column": 0 }, "end": { "line": 50, "column": 41 } },
      "50": { "start": { "line": 51, "column": 0 }, "end": { "line": 51, "column": 50 } },
      "51": { "start": { "line": 52, "column": 0 }, "end": { "line": 52, "column": 5 } },
      "52": { "start": { "line": 53, "column": 0 }, "end": { "line": 53, "column": 4 } },
      "54": { "start": { "line": 55, "column": 0 }, "end": { "line": 55, "column": 40 } },
      "55": { "start": { "line": 56, "column": 0 }, "end": { "line": 56, "column": 23 } },
      "56": { "start": { "line": 57, "column": 0 }, "end": { "line": 57, "column": 26 } },
      "57": { "start": { "line": 58, "column": 0 }, "end": { "line": 58, "column": 21 } },
      "58": { "start": { "line": 59, "column": 0 }, "end": { "line": 59, "column": 4 } },
      "60": { "start": { "line": 61, "column": 0 }, "end": { "line": 61, "column": 38 } },
      "61": { "start": { "line": 62, "column": 0 }, "end": { "line": 62, "column": 25 } },
      "62": { "start": { "line": 63, "column": 0 }, "end": { "line": 63, "column": 22 } },
      "63": { "start": { "line": 64, "column": 0 }, "end": { "line": 64, "column": 4 } },
      "65": { "start": { "line": 66, "column": 0 }, "end": { "line": 66, "column": 27 } },
      "66": { "start": { "line": 67, "column": 0 }, "end": { "line": 67, "column": 26 } },
      "67": { "start": { "line": 68, "column": 0 }, "end": { "line": 68, "column": 22 } },
      "68": { "start": { "line": 69, "column": 0 }, "end": { "line": 69, "column": 4 } },
      "70": { "start": { "line": 71, "column": 0 }, "end": { "line": 71, "column": 43 } },
      "71": { "start": { "line": 72, "column": 0 }, "end": { "line": 72, "column": 9 } },
      "72": { "start": { "line": 73, "column": 0 }, "end": { "line": 73, "column": 64 } },
      "73": { "start": { "line": 74, "column": 0 }, "end": { "line": 74, "column": 23 } },
      "74": { "start": { "line": 75, "column": 0 }, "end": { "line": 75, "column": 35 } },
      "75": { "start": { "line": 76, "column": 0 }, "end": { "line": 76, "column": 50 } },
      "76": { "start": { "line": 77, "column": 0 }, "end": { "line": 77, "column": 36 } },
      "77": { "start": { "line": 78, "column": 0 }, "end": { "line": 78, "column": 9 } },
      "78": { "start": { "line": 79, "column": 0 }, "end": { "line": 79, "column": 21 } },
      "79": { "start": { "line": 80, "column": 0 }, "end": { "line": 80, "column": 45 } },
      "80": { "start": { "line": 81, "column": 0 }, "end": { "line": 81, "column": 23 } },
      "81": { "start": { "line": 82, "column": 0 }, "end": { "line": 82, "column": 31 } },
      "82": { "start": { "line": 83, "column": 0 }, "end": { "line": 83, "column": 41 } },
      "83": { "start": { "line": 84, "column": 0 }, "end": { "line": 84, "column": 34 } },
      "84": { "start": { "line": 85, "column": 0 }, "end": { "line": 85, "column": 9 } },
      "85": { "start": { "line": 86, "column": 0 }, "end": { "line": 86, "column": 5 } },
      "86": { "start": { "line": 87, "column": 0 }, "end": { "line": 87, "column": 4 } },
      "88": { "start": { "line": 89, "column": 0 }, "end": { "line": 89, "column": 50 } },
      "89": { "start": { "line": 90, "column": 0 }, "end": { "line": 90, "column": 56 } },
      "90": { "start": { "line": 91, "column": 0 }, "end": { "line": 91, "column": 47 } },
      "91": { "start": { "line": 92, "column": 0 }, "end": { "line": 92, "column": 4 } },
      "93": { "start": { "line": 94, "column": 0 }, "end": { "line": 94, "column": 40 } },
      "94": { "start": { "line": 95, "column": 0 }, "end": { "line": 95, "column": 66 } },
      "95": { "start": { "line": 96, "column": 0 }, "end": { "line": 96, "column": 14 } },
      "97": { "start": { "line": 98, "column": 0 }, "end": { "line": 98, "column": 16 } },
      "98": { "start": { "line": 99, "column": 0 }, "end": { "line": 99, "column": 12 } },
      "99": { "start": { "line": 100, "column": 0 }, "end": { "line": 100, "column": 60 } },
      "100": { "start": { "line": 101, "column": 0 }, "end": { "line": 101, "column": 71 } },
      "101": { "start": { "line": 102, "column": 0 }, "end": { "line": 102, "column": 12 } },
      "103": { "start": { "line": 104, "column": 0 }, "end": { "line": 104, "column": 3 } },
      "105": { "start": { "line": 106, "column": 0 }, "end": { "line": 106, "column": 10 } },
      "106": { "start": { "line": 107, "column": 0 }, "end": { "line": 107, "column": 25 } },
      "107": { "start": { "line": 108, "column": 0 }, "end": { "line": 108, "column": 62 } },
      "108": { "start": { "line": 109, "column": 0 }, "end": { "line": 109, "column": 13 } },
      "109": { "start": { "line": 110, "column": 0 }, "end": { "line": 110, "column": 57 } },
      "110": { "start": { "line": 111, "column": 0 }, "end": { "line": 111, "column": 83 } },
      "111": { "start": { "line": 112, "column": 0 }, "end": { "line": 112, "column": 14 } },
      "113": { "start": { "line": 114, "column": 0 }, "end": { "line": 114, "column": 49 } },
      "114": { "start": { "line": 115, "column": 0 }, "end": { "line": 115, "column": 66 } },
      "115": { "start": { "line": 116, "column": 0 }, "end": { "line": 116, "column": 49 } },
      "117": { "start": { "line": 118, "column": 0 }, "end": { "line": 118, "column": 19 } },
      "118": { "start": { "line": 119, "column": 0 }, "end": { "line": 119, "column": 38 } },
      "119": { "start": { "line": 120, "column": 0 }, "end": { "line": 120, "column": 45 } },
      "121": { "start": { "line": 122, "column": 0 }, "end": { "line": 122, "column": 19 } },
      "122": { "start": { "line": 123, "column": 0 }, "end": { "line": 123, "column": 14 } },
      "123": { "start": { "line": 124, "column": 0 }, "end": { "line": 124, "column": 12 } },
      "125": { "start": { "line": 126, "column": 0 }, "end": { "line": 126, "column": 17 } },
      "126": { "start": { "line": 127, "column": 0 }, "end": { "line": 127, "column": 115 } },
      "127": { "start": { "line": 128, "column": 0 }, "end": { "line": 128, "column": 17 } },
      "128": { "start": { "line": 129, "column": 0 }, "end": { "line": 129, "column": 14 } },
      "132": { "start": { "line": 133, "column": 0 }, "end": { "line": 133, "column": 28 } },
      "133": { "start": { "line": 134, "column": 0 }, "end": { "line": 134, "column": 14 } },
      "134": { "start": { "line": 135, "column": 0 }, "end": { "line": 135, "column": 22 } },
      "135": { "start": { "line": 136, "column": 0 }, "end": { "line": 136, "column": 77 } },
      "136": { "start": { "line": 137, "column": 0 }, "end": { "line": 137, "column": 23 } },
      "137": { "start": { "line": 138, "column": 0 }, "end": { "line": 138, "column": 23 } },
      "138": { "start": { "line": 139, "column": 0 }, "end": { "line": 139, "column": 19 } },
      "139": { "start": { "line": 140, "column": 0 }, "end": { "line": 140, "column": 35 } },
      "140": { "start": { "line": 141, "column": 0 }, "end": { "line": 141, "column": 64 } },
      "141": { "start": { "line": 142, "column": 0 }, "end": { "line": 142, "column": 237 } },
      "143": { "start": { "line": 144, "column": 0 }, "end": { "line": 144, "column": 57 } },
      "144": { "start": { "line": 145, "column": 0 }, "end": { "line": 145, "column": 43 } },
      "145": { "start": { "line": 146, "column": 0 }, "end": { "line": 146, "column": 52 } },
      "146": { "start": { "line": 147, "column": 0 }, "end": { "line": 147, "column": 28 } },
      "147": { "start": { "line": 148, "column": 0 }, "end": { "line": 148, "column": 25 } },
      "148": { "start": { "line": 149, "column": 0 }, "end": { "line": 149, "column": 17 } },
      "149": { "start": { "line": 150, "column": 0 }, "end": { "line": 150, "column": 21 } },
      "150": { "start": { "line": 151, "column": 0 }, "end": { "line": 151, "column": 24 } },
      "151": { "start": { "line": 152, "column": 0 }, "end": { "line": 152, "column": 15 } },
      "152": { "start": { "line": 153, "column": 0 }, "end": { "line": 153, "column": 12 } },
      "154": { "start": { "line": 155, "column": 0 }, "end": { "line": 155, "column": 20 } },
      "155": { "start": { "line": 156, "column": 0 }, "end": { "line": 156, "column": 30 } },
      "156": { "start": { "line": 157, "column": 0 }, "end": { "line": 157, "column": 20 } },
      "157": { "start": { "line": 158, "column": 0 }, "end": { "line": 158, "column": 32 } },
      "158": { "start": { "line": 159, "column": 0 }, "end": { "line": 159, "column": 41 } },
      "159": { "start": { "line": 160, "column": 0 }, "end": { "line": 160, "column": 39 } },
      "160": { "start": { "line": 161, "column": 0 }, "end": { "line": 161, "column": 29 } },
      "161": { "start": { "line": 162, "column": 0 }, "end": { "line": 162, "column": 33 } },
      "162": { "start": { "line": 163, "column": 0 }, "end": { "line": 163, "column": 36 } },
      "163": { "start": { "line": 164, "column": 0 }, "end": { "line": 164, "column": 14 } },
      "164": { "start": { "line": 165, "column": 0 }, "end": { "line": 165, "column": 12 } },
      "165": { "start": { "line": 166, "column": 0 }, "end": { "line": 166, "column": 14 } },
      "168": { "start": { "line": 169, "column": 0 }, "end": { "line": 169, "column": 76 } },
      "169": { "start": { "line": 170, "column": 0 }, "end": { "line": 170, "column": 41 } },
      "170": { "start": { "line": 171, "column": 0 }, "end": { "line": 171, "column": 41 } },
      "171": { "start": { "line": 172, "column": 0 }, "end": { "line": 172, "column": 18 } },
      "172": { "start": { "line": 173, "column": 0 }, "end": { "line": 173, "column": 55 } },
      "173": { "start": { "line": 174, "column": 0 }, "end": { "line": 174, "column": 90 } },
      "174": { "start": { "line": 175, "column": 0 }, "end": { "line": 175, "column": 59 } },
      "175": { "start": { "line": 176, "column": 0 }, "end": { "line": 176, "column": 88 } },
      "176": { "start": { "line": 177, "column": 0 }, "end": { "line": 177, "column": 21 } },
      "177": { "start": { "line": 178, "column": 0 }, "end": { "line": 178, "column": 58 } },
      "178": { "start": { "line": 179, "column": 0 }, "end": { "line": 179, "column": 33 } },
      "179": { "start": { "line": 180, "column": 0 }, "end": { "line": 180, "column": 73 } },
      "180": { "start": { "line": 181, "column": 0 }, "end": { "line": 181, "column": 65 } },
      "182": { "start": { "line": 183, "column": 0 }, "end": { "line": 183, "column": 20 } },
      "183": { "start": { "line": 184, "column": 0 }, "end": { "line": 184, "column": 44 } },
      "184": { "start": { "line": 185, "column": 0 }, "end": { "line": 185, "column": 51 } },
      "186": { "start": { "line": 187, "column": 0 }, "end": { "line": 187, "column": 25 } },
      "187": { "start": { "line": 188, "column": 0 }, "end": { "line": 188, "column": 28 } },
      "188": { "start": { "line": 189, "column": 0 }, "end": { "line": 189, "column": 19 } },
      "189": { "start": { "line": 190, "column": 0 }, "end": { "line": 190, "column": 16 } },
      "191": { "start": { "line": 192, "column": 0 }, "end": { "line": 192, "column": 40 } },
      "192": { "start": { "line": 193, "column": 0 }, "end": { "line": 193, "column": 77 } },
      "193": { "start": { "line": 194, "column": 0 }, "end": { "line": 194, "column": 26 } },
      "194": { "start": { "line": 195, "column": 0 }, "end": { "line": 195, "column": 67 } },
      "195": { "start": { "line": 196, "column": 0 }, "end": { "line": 196, "column": 59 } },
      "196": { "start": { "line": 197, "column": 0 }, "end": { "line": 197, "column": 70 } },
      "197": { "start": { "line": 198, "column": 0 }, "end": { "line": 198, "column": 25 } },
      "198": { "start": { "line": 199, "column": 0 }, "end": { "line": 199, "column": 75 } },
      "199": { "start": { "line": 200, "column": 0 }, "end": { "line": 200, "column": 75 } },
      "200": { "start": { "line": 201, "column": 0 }, "end": { "line": 201, "column": 56 } },
      "201": { "start": { "line": 202, "column": 0 }, "end": { "line": 202, "column": 66 } },
      "202": { "start": { "line": 203, "column": 0 }, "end": { "line": 203, "column": 40 } },
      "203": { "start": { "line": 204, "column": 0 }, "end": { "line": 204, "column": 26 } },
      "204": { "start": { "line": 205, "column": 0 }, "end": { "line": 205, "column": 24 } },
      "205": { "start": { "line": 206, "column": 0 }, "end": { "line": 206, "column": 46 } },
      "206": { "start": { "line": 207, "column": 0 }, "end": { "line": 207, "column": 27 } },
      "207": { "start": { "line": 208, "column": 0 }, "end": { "line": 208, "column": 39 } },
      "208": { "start": { "line": 209, "column": 0 }, "end": { "line": 209, "column": 31 } },
      "209": { "start": { "line": 210, "column": 0 }, "end": { "line": 210, "column": 53 } },
      "211": { "start": { "line": 212, "column": 0 }, "end": { "line": 212, "column": 50 } },
      "212": { "start": { "line": 213, "column": 0 }, "end": { "line": 213, "column": 29 } },
      "213": { "start": { "line": 214, "column": 0 }, "end": { "line": 214, "column": 27 } },
      "214": { "start": { "line": 215, "column": 0 }, "end": { "line": 215, "column": 43 } },
      "215": { "start": { "line": 216, "column": 0 }, "end": { "line": 216, "column": 31 } },
      "216": { "start": { "line": 217, "column": 0 }, "end": { "line": 217, "column": 58 } },
      "218": { "start": { "line": 219, "column": 0 }, "end": { "line": 219, "column": 52 } },
      "219": { "start": { "line": 220, "column": 0 }, "end": { "line": 220, "column": 29 } },
      "220": { "start": { "line": 221, "column": 0 }, "end": { "line": 221, "column": 24 } },
      "221": { "start": { "line": 222, "column": 0 }, "end": { "line": 222, "column": 22 } },
      "222": { "start": { "line": 223, "column": 0 }, "end": { "line": 223, "column": 27 } },
      "223": { "start": { "line": 224, "column": 0 }, "end": { "line": 224, "column": 27 } },
      "224": { "start": { "line": 225, "column": 0 }, "end": { "line": 225, "column": 43 } },
      "225": { "start": { "line": 226, "column": 0 }, "end": { "line": 226, "column": 35 } },
      "226": { "start": { "line": 227, "column": 0 }, "end": { "line": 227, "column": 69 } },
      "227": { "start": { "line": 228, "column": 0 }, "end": { "line": 228, "column": 67 } },
      "228": { "start": { "line": 229, "column": 0 }, "end": { "line": 229, "column": 98 } },
      "229": { "start": { "line": 230, "column": 0 }, "end": { "line": 230, "column": 37 } },
      "230": { "start": { "line": 231, "column": 0 }, "end": { "line": 231, "column": 29 } },
      "231": { "start": { "line": 232, "column": 0 }, "end": { "line": 232, "column": 26 } },
      "233": { "start": { "line": 234, "column": 0 }, "end": { "line": 234, "column": 39 } },
      "234": { "start": { "line": 235, "column": 0 }, "end": { "line": 235, "column": 69 } },
      "235": { "start": { "line": 236, "column": 0 }, "end": { "line": 236, "column": 65 } },
      "236": { "start": { "line": 237, "column": 0 }, "end": { "line": 237, "column": 82 } },
      "237": { "start": { "line": 238, "column": 0 }, "end": { "line": 238, "column": 41 } },
      "238": { "start": { "line": 239, "column": 0 }, "end": { "line": 239, "column": 29 } },
      "239": { "start": { "line": 240, "column": 0 }, "end": { "line": 240, "column": 26 } },
      "241": { "start": { "line": 242, "column": 0 }, "end": { "line": 242, "column": 39 } },
      "242": { "start": { "line": 243, "column": 0 }, "end": { "line": 243, "column": 69 } },
      "243": { "start": { "line": 244, "column": 0 }, "end": { "line": 244, "column": 64 } },
      "244": { "start": { "line": 245, "column": 0 }, "end": { "line": 245, "column": 52 } },
      "245": { "start": { "line": 246, "column": 0 }, "end": { "line": 246, "column": 26 } },
      "247": { "start": { "line": 248, "column": 0 }, "end": { "line": 248, "column": 39 } },
      "248": { "start": { "line": 249, "column": 0 }, "end": { "line": 249, "column": 72 } },
      "249": { "start": { "line": 250, "column": 0 }, "end": { "line": 250, "column": 39 } },
      "250": { "start": { "line": 251, "column": 0 }, "end": { "line": 251, "column": 26 } },
      "252": { "start": { "line": 253, "column": 0 }, "end": { "line": 253, "column": 79 } },
      "253": { "start": { "line": 254, "column": 0 }, "end": { "line": 254, "column": 76 } },
      "254": { "start": { "line": 255, "column": 0 }, "end": { "line": 255, "column": 24 } },
      "255": { "start": { "line": 256, "column": 0 }, "end": { "line": 256, "column": 22 } },
      "256": { "start": { "line": 257, "column": 0 }, "end": { "line": 257, "column": 28 } },
      "257": { "start": { "line": 258, "column": 0 }, "end": { "line": 258, "column": 19 } },
      "258": { "start": { "line": 259, "column": 0 }, "end": { "line": 259, "column": 12 } },
      "260": { "start": { "line": 261, "column": 0 }, "end": { "line": 261, "column": 12 } },
      "261": { "start": { "line": 262, "column": 0 }, "end": { "line": 262, "column": 10 } },
      "263": { "start": { "line": 264, "column": 0 }, "end": { "line": 264, "column": 1 } }
    },
    "s": {
      "0": 0,
      "1": 0,
      "2": 0,
      "3": 0,
      "4": 0,
      "6": 0,
      "7": 0,
      "8": 0,
      "10": 0,
      "11": 0,
      "12": 0,
      "13": 0,
      "14": 0,
      "15": 0,
      "16": 0,
      "17": 0,
      "18": 0,
      "20": 0,
      "21": 0,
      "22": 0,
      "24": 0,
      "25": 0,
      "26": 0,
      "27": 0,
      "28": 0,
      "29": 0,
      "30": 0,
      "31": 0,
      "32": 0,
      "33": 0,
      "34": 0,
      "35": 0,
      "36": 0,
      "37": 0,
      "38": 0,
      "39": 0,
      "40": 0,
      "42": 0,
      "43": 0,
      "45": 0,
      "46": 0,
      "47": 0,
      "48": 0,
      "49": 0,
      "50": 0,
      "51": 0,
      "52": 0,
      "54": 0,
      "55": 0,
      "56": 0,
      "57": 0,
      "58": 0,
      "60": 0,
      "61": 0,
      "62": 0,
      "63": 0,
      "65": 0,
      "66": 0,
      "67": 0,
      "68": 0,
      "70": 0,
      "71": 0,
      "72": 0,
      "73": 0,
      "74": 0,
      "75": 0,
      "76": 0,
      "77": 0,
      "78": 0,
      "79": 0,
      "80": 0,
      "81": 0,
      "82": 0,
      "83": 0,
      "84": 0,
      "85": 0,
      "86": 0,
      "88": 0,
      "89": 0,
      "90": 0,
      "91": 0,
      "93": 0,
      "94": 0,
      "95": 0,
      "97": 0,
      "98": 0,
      "99": 0,
      "100": 0,
      "101": 0,
      "103": 0,
      "105": 0,
      "106": 0,
      "107": 0,
      "108": 0,
      "109": 0,
      "110": 0,
      "111": 0,
      "113": 0,
      "114": 0,
      "115": 0,
      "117": 0,
      "118": 0,
      "119": 0,
      "121": 0,
      "122": 0,
      "123": 0,
      "125": 0,
      "126": 0,
      "127": 0,
      "128": 0,
      "132": 0,
      "133": 0,
      "134": 0,
      "135": 0,
      "136": 0,
      "137": 0,
      "138": 0,
      "139": 0,
      "140": 0,
      "141": 0,
      "143": 0,
      "144": 0,
      "145": 0,
      "146": 0,
      "147": 0,
      "148": 0,
      "149": 0,
      "150": 0,
      "151": 0,
      "152": 0,
      "154": 0,
      "155": 0,
      "156": 0,
      "157": 0,
      "158": 0,
      "159": 0,
      "160": 0,
      "161": 0,
      "162": 0,
      "163": 0,
      "164": 0,
      "165": 0,
      "168": 0,
      "169": 0,
      "170": 0,
      "171": 0,
      "172": 0,
      "173": 0,
      "174": 0,
      "175": 0,
      "176": 0,
      "177": 0,
      "178": 0,
      "179": 0,
      "180": 0,
      "182": 0,
      "183": 0,
      "184": 0,
      "186": 0,
      "187": 0,
      "188": 0,
      "189": 0,
      "191": 0,
      "192": 0,
      "193": 0,
      "194": 0,
      "195": 0,
      "196": 0,
      "197": 0,
      "198": 0,
      "199": 0,
      "200": 0,
      "201": 0,
      "202": 0,
      "203": 0,
      "204": 0,
      "205": 0,
      "206": 0,
      "207": 0,
      "208": 0,
      "209": 0,
      "211": 0,
      "212": 0,
      "213": 0,
      "214": 0,
      "215": 0,
      "216": 0,
      "218": 0,
      "219": 0,
      "220": 0,
      "221": 0,
      "222": 0,
      "223": 0,
      "224": 0,
      "225": 0,
      "226": 0,
      "227": 0,
      "228": 0,
      "229": 0,
      "230": 0,
      "231": 0,
      "233": 0,
      "234": 0,
      "235": 0,
      "236": 0,
      "237": 0,
      "238": 0,
      "239": 0,
      "241": 0,
      "242": 0,
      "243": 0,
      "244": 0,
      "245": 0,
      "247": 0,
      "248": 0,
      "249": 0,
      "250": 0,
      "252": 0,
      "253": 0,
      "254": 0,
      "255": 0,
      "256": 0,
      "257": 0,
      "258": 0,
      "260": 0,
      "261": 0,
      "263": 0
    },
    "branchMap": {
      "0": {
        "type": "branch",
        "line": 1,
        "loc": { "start": { "line": 1, "column": 9238 }, "end": { "line": 264, "column": 1 } },
        "locations": [
          { "start": { "line": 1, "column": 9238 }, "end": { "line": 264, "column": 1 } }
        ]
      }
    },
    "b": { "0": [0] },
    "fnMap": {
      "0": {
        "name": "(empty-report)",
        "decl": { "start": { "line": 1, "column": 9238 }, "end": { "line": 264, "column": 1 } },
[...]
      "261": { "start": { "line": 262, "column": 0 }, "end": { "line": 262, "column": 54 } },
      "262": { "start": { "line": 263, "column": 0 }, "end": { "line": 263, "column": 61 } },
      "263": { "start": { "line": 264, "column": 0 }, "end": { "line": 264, "column": 67 } },
      "264": { "start": { "line": 265, "column": 0 }, "end": { "line": 265, "column": 3 } },
      "265": { "start": { "line": 266, "column": 0 }, "end": { "line": 266, "column": 1 } },
      "268": { "start": { "line": 269, "column": 0 }, "end": { "line": 269, "column": 28 } },
      "272": { "start": { "line": 273, "column": 0 }, "end": { "line": 273, "column": 41 } },
      "273": { "start": { "line": 274, "column": 0 }, "end": { "line": 274, "column": 35 } },
      "274": { "start": { "line": 275, "column": 0 }, "end": { "line": 275, "column": 22 } },
      "275": { "start": { "line": 276, "column": 0 }, "end": { "line": 276, "column": 35 } },
      "276": { "start": { "line": 277, "column": 0 }, "end": { "line": 277, "column": 17 } },
      "277": { "start": { "line": 278, "column": 0 }, "end": { "line": 278, "column": 11 } },
      "279": { "start": { "line": 280, "column": 0 }, "end": { "line": 280, "column": 61 } },
      "282": { "start": { "line": 283, "column": 0 }, "end": { "line": 283, "column": 21 } },
      "283": { "start": { "line": 284, "column": 0 }, "end": { "line": 284, "column": 19 } },
      "284": { "start": { "line": 285, "column": 0 }, "end": { "line": 285, "column": 19 } },
      "285": { "start": { "line": 286, "column": 0 }, "end": { "line": 286, "column": 21 } },
      "286": { "start": { "line": 287, "column": 0 }, "end": { "line": 287, "column": 20 } },
      "287": { "start": { "line": 288, "column": 0 }, "end": { "line": 288, "column": 19 } },
      "288": { "start": { "line": 289, "column": 0 }, "end": { "line": 289, "column": 17 } },
      "289": { "start": { "line": 290, "column": 0 }, "end": { "line": 290, "column": 15 } },
      "290": { "start": { "line": 291, "column": 0 }, "end": { "line": 291, "column": 21 } },
      "291": { "start": { "line": 292, "column": 0 }, "end": { "line": 292, "column": 28 } },
      "292": { "start": { "line": 293, "column": 0 }, "end": { "line": 293, "column": 15 } },
      "293": { "start": { "line": 294, "column": 0 }, "end": { "line": 294, "column": 29 } },
      "294": { "start": { "line": 295, "column": 0 }, "end": { "line": 295, "column": 19 } },
      "295": { "start": { "line": 296, "column": 0 }, "end": { "line": 296, "column": 18 } },
      "296": { "start": { "line": 297, "column": 0 }, "end": { "line": 297, "column": 6 } },
      "298": { "start": { "line": 299, "column": 0 }, "end": { "line": 299, "column": 42 } },
      "299": { "start": { "line": 300, "column": 0 }, "end": { "line": 300, "column": 72 } },
      "300": { "start": { "line": 301, "column": 0 }, "end": { "line": 301, "column": 112 } },
      "301": { "start": { "line": 302, "column": 0 }, "end": { "line": 302, "column": 73 } },
      "302": { "start": { "line": 303, "column": 0 }, "end": { "line": 303, "column": 66 } },
      "303": { "start": { "line": 304, "column": 0 }, "end": { "line": 304, "column": 72 } },
      "305": { "start": { "line": 306, "column": 0 }, "end": { "line": 306, "column": 14 } },
      "306": { "start": { "line": 307, "column": 0 }, "end": { "line": 307, "column": 19 } },
      "307": { "start": { "line": 308, "column": 0 }, "end": { "line": 308, "column": 46 } },
      "308": { "start": { "line": 309, "column": 0 }, "end": { "line": 309, "column": 53 } },
      "309": { "start": { "line": 310, "column": 0 }, "end": { "line": 310, "column": 28 } },
      "310": { "start": { "line": 311, "column": 0 }, "end": { "line": 311, "column": 27 } },
      "311": { "start": { "line": 312, "column": 0 }, "end": { "line": 312, "column": 25 } },
      "312": { "start": { "line": 313, "column": 0 }, "end": { "line": 313, "column": 23 } },
      "313": { "start": { "line": 314, "column": 0 }, "end": { "line": 314, "column": 87 } },
      "314": { "start": { "line": 315, "column": 0 }, "end": { "line": 315, "column": 101 } },
      "315": { "start": { "line": 316, "column": 0 }, "end": { "line": 316, "column": 29 } },
      "316": { "start": { "line": 317, "column": 0 }, "end": { "line": 317, "column": 43 } },
      "317": { "start": { "line": 318, "column": 0 }, "end": { "line": 318, "column": 54 } },
      "318": { "start": { "line": 319, "column": 0 }, "end": { "line": 319, "column": 53 } },
      "319": { "start": { "line": 320, "column": 0 }, "end": { "line": 320, "column": 8 } },
      "320": { "start": { "line": 321, "column": 0 }, "end": { "line": 321, "column": 7 } },
      "323": { "start": { "line": 324, "column": 0 }, "end": { "line": 324, "column": 64 } },
      "326": { "start": { "line": 327, "column": 0 }, "end": { "line": 327, "column": 105 } },
      "327": { "start": { "line": 328, "column": 0 }, "end": { "line": 328, "column": 45 } },
      "329": { "start": { "line": 330, "column": 0 }, "end": { "line": 330, "column": 38 } },
      "330": { "start": { "line": 331, "column": 0 }, "end": { "line": 331, "column": 44 } },
      "331": { "start": { "line": 332, "column": 0 }, "end": { "line": 332, "column": 37 } },
      "332": { "start": { "line": 333, "column": 0 }, "end": { "line": 333, "column": 76 } },
      "333": { "start": { "line": 334, "column": 0 }, "end": { "line": 334, "column": 39 } },
      "334": { "start": { "line": 335, "column": 0 }, "end": { "line": 335, "column": 38 } },
      "335": { "start": { "line": 336, "column": 0 }, "end": { "line": 336, "column": 19 } },
      "336": { "start": { "line": 337, "column": 0 }, "end": { "line": 337, "column": 38 } },
      "337": { "start": { "line": 338, "column": 0 }, "end": { "line": 338, "column": 31 } },
      "338": { "start": { "line": 339, "column": 0 }, "end": { "line": 339, "column": 5 } },
      "339": { "start": { "line": 340, "column": 0 }, "end": { "line": 340, "column": 3 } },
      "340": { "start": { "line": 341, "column": 0 }, "end": { "line": 341, "column": 1 } },
      "343": { "start": { "line": 344, "column": 0 }, "end": { "line": 344, "column": 30 } },
      "344": { "start": { "line": 345, "column": 0 }, "end": { "line": 345, "column": 34 } },
      "345": { "start": { "line": 346, "column": 0 }, "end": { "line": 346, "column": 34 } },
      "346": { "start": { "line": 347, "column": 0 }, "end": { "line": 347, "column": 21 } },
      "347": { "start": { "line": 348, "column": 0 }, "end": { "line": 348, "column": 34 } },
      "348": { "start": { "line": 349, "column": 0 }, "end": { "line": 349, "column": 18 } },
      "349": { "start": { "line": 350, "column": 0 }, "end": { "line": 350, "column": 29 } },
      "350": { "start": { "line": 351, "column": 0 }, "end": { "line": 351, "column": 20 } },
      "351": { "start": { "line": 352, "column": 0 }, "end": { "line": 352, "column": 61 } },
      "354": { "start": { "line": 355, "column": 0 }, "end": { "line": 355, "column": 27 } },
      "355": { "start": { "line": 356, "column": 0 }, "end": { "line": 356, "column": 34 } },
      "357": { "start": { "line": 358, "column": 0 }, "end": { "line": 358, "column": 24 } },
      "358": { "start": { "line": 359, "column": 0 }, "end": { "line": 359, "column": 17 } },
      "359": { "start": { "line": 360, "column": 0 }, "end": { "line": 360, "column": 47 } },
      "360": { "start": { "line": 361, "column": 0 }, "end": { "line": 361, "column": 14 } },
      "361": { "start": { "line": 362, "column": 0 }, "end": { "line": 362, "column": 17 } },
      "362": { "start": { "line": 363, "column": 0 }, "end": { "line": 363, "column": 47 } },
      "363": { "start": { "line": 364, "column": 0 }, "end": { "line": 364, "column": 14 } },
      "364": { "start": { "line": 365, "column": 0 }, "end": { "line": 365, "column": 16 } },
      "365": { "start": { "line": 366, "column": 0 }, "end": { "line": 366, "column": 54 } },
      "366": { "start": { "line": 367, "column": 0 }, "end": { "line": 367, "column": 14 } },
      "367": { "start": { "line": 368, "column": 0 }, "end": { "line": 368, "column": 5 } },
      "369": { "start": { "line": 370, "column": 0 }, "end": { "line": 370, "column": 50 } },
      "370": { "start": { "line": 371, "column": 0 }, "end": { "line": 371, "column": 42 } },
      "371": { "start": { "line": 372, "column": 0 }, "end": { "line": 372, "column": 6 } },
      "374": { "start": { "line": 375, "column": 0 }, "end": { "line": 375, "column": 50 } },
      "375": { "start": { "line": 376, "column": 0 }, "end": { "line": 376, "column": 79 } },
      "376": { "start": { "line": 377, "column": 0 }, "end": { "line": 377, "column": 103 } },
      "378": { "start": { "line": 379, "column": 0 }, "end": { "line": 379, "column": 25 } },
      "379": { "start": { "line": 380, "column": 0 }, "end": { "line": 380, "column": 47 } },
      "380": { "start": { "line": 381, "column": 0 }, "end": { "line": 381, "column": 52 } },
      "381": { "start": { "line": 382, "column": 0 }, "end": { "line": 382, "column": 35 } },
      "382": { "start": { "line": 383, "column": 0 }, "end": { "line": 383, "column": 11 } },
      "383": { "start": { "line": 384, "column": 0 }, "end": { "line": 384, "column": 34 } },
      "384": { "start": { "line": 385, "column": 0 }, "end": { "line": 385, "column": 43 } },
      "385": { "start": { "line": 386, "column": 0 }, "end": { "line": 386, "column": 52 } },
      "386": { "start": { "line": 387, "column": 0 }, "end": { "line": 387, "column": 85 } },
      "387": { "start": { "line": 388, "column": 0 }, "end": { "line": 388, "column": 95 } },
      "388": { "start": { "line": 389, "column": 0 }, "end": { "line": 389, "column": 34 } },
      "389": { "start": { "line": 390, "column": 0 }, "end": { "line": 390, "column": 11 } },
      "390": { "start": { "line": 391, "column": 0 }, "end": { "line": 391, "column": 55 } },
      "391": { "start": { "line": 392, "column": 0 }, "end": { "line": 392, "column": 43 } },
      "392": { "start": { "line": 393, "column": 0 }, "end": { "line": 393, "column": 39 } },
      "393": { "start": { "line": 394, "column": 0 }, "end": { "line": 394, "column": 84 } },
      "394": { "start": { "line": 395, "column": 0 }, "end": { "line": 395, "column": 11 } },
      "395": { "start": { "line": 396, "column": 0 }, "end": { "line": 396, "column": 32 } },
      "396": { "start": { "line": 397, "column": 0 }, "end": { "line": 397, "column": 60 } },
      "397": { "start": { "line": 398, "column": 0 }, "end": { "line": 398, "column": 43 } },
      "398": { "start": { "line": 399, "column": 0 }, "end": { "line": 399, "column": 29 } },
      "399": { "start": { "line": 400, "column": 0 }, "end": { "line": 400, "column": 31 } },
      "400": { "start": { "line": 401, "column": 0 }, "end": { "line": 401, "column": 36 } },
      "401": { "start": { "line": 402, "column": 0 }, "end": { "line": 402, "column": 6 } },
      "404": { "start": { "line": 405, "column": 0 }, "end": { "line": 405, "column": 99 } },
      "406": { "start": { "line": 407, "column": 0 }, "end": { "line": 407, "column": 77 } },
      "407": { "start": { "line": 408, "column": 0 }, "end": { "line": 408, "column": 45 } },
      "409": { "start": { "line": 410, "column": 0 }, "end": { "line": 410, "column": 38 } },
      "410": { "start": { "line": 411, "column": 0 }, "end": { "line": 411, "column": 44 } },
      "411": { "start": { "line": 412, "column": 0 }, "end": { "line": 412, "column": 37 } },
      "412": { "start": { "line": 413, "column": 0 }, "end": { "line": 413, "column": 71 } },
      "413": { "start": { "line": 414, "column": 0 }, "end": { "line": 414, "column": 39 } },
      "414": { "start": { "line": 415, "column": 0 }, "end": { "line": 415, "column": 38 } },
      "415": { "start": { "line": 416, "column": 0 }, "end": { "line": 416, "column": 19 } },
      "416": { "start": { "line": 417, "column": 0 }, "end": { "line": 417, "column": 38 } },
      "417": { "start": { "line": 418, "column": 0 }, "end": { "line": 418, "column": 31 } },
      "418": { "start": { "line": 419, "column": 0 }, "end": { "line": 419, "column": 5 } },
      "421": { "start": { "line": 422, "column": 0 }, "end": { "line": 422, "column": 90 } },
      "422": { "start": { "line": 423, "column": 0 }, "end": { "line": 423, "column": 3 } },
      "423": { "start": { "line": 424, "column": 0 }, "end": { "line": 424, "column": 1 } }
    },
    "s": {
      "3": 0,
      "4": 0,
      "5": 0,
      "7": 0,
      "10": 0,
      "11": 0,
      "12": 0,
      "14": 0,
      "15": 0,
      "17": 0,
      "18": 0,
      "19": 0,
      "20": 0,
      "21": 0,
      "23": 0,
      "24": 0,
      "26": 0,
      "27": 0,
      "28": 0,
      "30": 0,
      "31": 0,
      "32": 0,
      "33": 0,
      "34": 0,
      "35": 0,
      "36": 0,
      "37": 0,
      "38": 0,
      "39": 0,
      "40": 0,
      "43": 0,
      "44": 0,
      "45": 0,
      "46": 0,
      "47": 0,
      "48": 0,
      "49": 0,
      "50": 0,
      "51": 0,
      "52": 0,
      "53": 0,
      "54": 0,
      "55": 0,
      "56": 0,
      "57": 0,
      "58": 0,
      "59": 0,
      "60": 0,
      "61": 0,
      "62": 0,
      "63": 0,
      "65": 0,
      "66": 0,
      "67": 0,
      "68": 0,
      "69": 0,
      "70": 0,
      "72": 0,
      "73": 0,
      "74": 0,
      "75": 0,
      "76": 0,
      "77": 0,
      "78": 0,
      "79": 0,
      "80": 0,
      "81": 0,
      "82": 0,
      "83": 0,
      "84": 0,
      "85": 0,
      "86": 0,
      "87": 0,
      "89": 0,
      "90": 0,
      "91": 0,
      "92": 0,
      "95": 0,
      "96": 0,
      "99": 0,
      "100": 0,
      "101": 0,
      "102": 0,
      "103": 0,
      "104": 0,
      "105": 0,
      "106": 0,
      "108": 0,
      "109": 0,
      "110": 0,
      "113": 0,
      "114": 0,
      "115": 0,
      "116": 0,
      "117": 0,
      "118": 0,
      "119": 0,
      "121": 0,
      "122": 0,
      "125": 0,
      "126": 0,
      "127": 0,
      "128": 0,
      "129": 0,
      "131": 0,
      "132": 0,
      "135": 0,
      "136": 0,
      "137": 0,
      "138": 0,
      "139": 0,
      "140": 0,
      "141": 0,
      "143": 0,
      "144": 0,
      "147": 0,
      "148": 0,
      "149": 0,
      "150": 0,
      "151": 0,
      "152": 0,
      "154": 0,
      "156": 0,
      "157": 0,
      "160": 0,
      "161": 0,
      "162": 0,
      "163": 0,
      "164": 0,
      "165": 0,
      "166": 0,
      "167": 0,
      "168": 0,
      "169": 0,
      "170": 0,
      "171": 0,
      "172": 0,
      "174": 0,
      "175": 0,
      "176": 0,
      "178": 0,
      "179": 0,
      "180": 0,
      "181": 0,
      "182": 0,
      "183": 0,
      "184": 0,
      "185": 0,
      "186": 0,
      "187": 0,
      "188": 0,
      "189": 0,
      "190": 0,
      "192": 0,
      "193": 0,
      "194": 0,
      "195": 0,
      "198": 0,
      "199": 0,
      "200": 0,
      "201": 0,
      "202": 0,
      "203": 0,
      "204": 0,
      "205": 0,
      "206": 0,
      "207": 0,
      "208": 0,
      "209": 0,
      "211": 0,
      "212": 0,
      "214": 0,
      "215": 0,
      "216": 0,
      "217": 0,
      "218": 0,
      "219": 0,
      "220": 0,
      "221": 0,
      "222": 0,
      "223": 0,
      "224": 0,
      "225": 0,
      "227": 0,
      "228": 0,
      "229": 0,
      "230": 0,
      "233": 0,
      "234": 0,
      "235": 0,
      "236": 0,
      "237": 0,
      "238": 0,
      "239": 0,
      "240": 0,
      "241": 0,
      "242": 0,
      "243": 0,
      "245": 0,
      "246": 0,
      "247": 0,
      "249": 0,
      "250": 0,
      "251": 0,
      "252": 0,
      "253": 0,
      "254": 0,
      "255": 0,
      "256": 0,
      "257": 0,
      "258": 0,
      "259": 0,
      "261": 0,
      "262": 0,
      "263": 0,
      "264": 0,
      "265": 0,
      "268": 0,
      "272": 0,
      "273": 0,
      "274": 0,
      "275": 0,
      "276": 0,
      "277": 0,
      "279": 0,
      "282": 0,
      "283": 0,
      "284": 0,
      "285": 0,
      "286": 0,
      "287": 0,
      "288": 0,
      "289": 0,
      "290": 0,
      "291": 0,
      "292": 0,
      "293": 0,
      "294": 0,
      "295": 0,
      "296": 0,
      "298": 0,
      "299": 0,
      "300": 0,
      "301": 0,
      "302": 0,
      "303": 0,
      "305": 0,
      "306": 0,
      "307": 0,
      "308": 0,
      "309": 0,
      "310": 0,
      "311": 0,
      "312": 0,
      "313": 0,
      "314": 0,
      "315": 0,
      "316": 0,
      "317": 0,
      "318": 0,
      "319": 0,
      "320": 0,
      "323": 0,
      "326": 0,
      "327": 0,
      "329": 0,
      "330": 0,
      "331": 0,
      "332": 0,
      "333": 0,
      "334": 0,
      "335": 0,
      "336": 0,
      "337": 0,
      "338": 0,
      "339": 0,
      "340": 0,
      "343": 0,
      "344": 0,
      "345": 0,
      "346": 0,
      "347": 0,
      "348": 0,
      "349": 0,
      "350": 0,
      "351": 0,
      "354": 0,
      "355": 0,
      "357": 0,
      "358": 0,
      "359": 0,
      "360": 0,
      "361": 0,
      "362": 0,
      "363": 0,
      "364": 0,
      "365": 0,
      "366": 0,
      "367": 0,
      "369": 0,
      "370": 0,
      "371": 0,
      "374": 0,
      "375": 0,
      "376": 0,
      "378": 0,
      "379": 0,
      "380": 0,
      "381": 0,
      "382": 0,
      "383": 0,
      "384": 0,
      "385": 0,
      "386": 0,
      "387": 0,
      "388": 0,
      "389": 0,
      "390": 0,
      "391": 0,
      "392": 0,
      "393": 0,
      "394": 0,
      "395": 0,
      "396": 0,
      "397": 0,
      "398": 0,
      "399": 0,
      "400": 0,
      "401": 0,
      "404": 0,
      "406": 0,
      "407": 0,
      "409": 0,
      "410": 0,
      "411": 0,
      "412": 0,
      "413": 0,
      "414": 0,
      "415": 0,
      "416": 0,
      "417": 0,
      "418": 0,
      "421": 0,
      "422": 0,
      "423": 0
    },
    "branchMap": {
      "0": {
        "type": "branch",
        "line": 1,
        "loc": { "start": { "line": 1, "column": 14043 }, "end": { "line": 424, "column": 1 } },
        "locations": [
          { "start": { "line": 1, "column": 14043 }, "end": { "line": 424, "column": 1 } }
        ]
      }
    },
    "b": { "0": [1] },
    "fnMap": {
      "0": {
        "name": "(empty-report)",
        "decl": { "start": { "line": 1, "column": 14043 }, "end": { "line": 424, "column": 1 } },
        "loc": { "start": { "line": 1, "column": 14043 }, "end": { "line": 424, "column": 1 } },
        "line": 1
      }
    },
    "f": { "0": 1 }
  },
  "/Users/drake.harper/code/personal_projects/substitute-finder-app/substitute-finder-app/src/lib/utils.ts": {
    "path": "/Users/drake.harper/code/personal_projects/substitute-finder-app/substitute-finder-app/src/lib/utils.ts",
    "all": true,
    "statementMap": {
      "0": { "start": { "line": 1, "column": 0 }, "end": { "line": 1, "column": 44 } },
      "1": { "start": { "line": 2, "column": 0 }, "end": { "line": 2, "column": 40 } },
      "3": { "start": { "line": 4, "column": 0 }, "end": { "line": 4, "column": 45 } },
      "4": { "start": { "line": 5, "column": 0 }, "end": { "line": 5, "column": 30 } },
      "5": { "start": { "line": 6, "column": 0 }, "end": { "line": 6, "column": 1 } }
    },
    "s": { "0": 0, "1": 0, "3": 0, "4": 0, "5": 0 },
    "branchMap": {
      "0": {
        "type": "branch",
        "line": 1,
        "loc": { "start": { "line": 1, "column": 165 }, "end": { "line": 6, "column": 1 } },
        "locations": [{ "start": { "line": 1, "column": 165 }, "end": { "line": 6, "column": 1 } }]
      }
    },
    "b": { "0": [0] },
    "fnMap": {
      "0": {
        "name": "(empty-report)",
        "decl": { "start": { "line": 1, "column": 165 }, "end": { "line": 6, "column": 1 } },
        "loc": { "start": { "line": 1, "column": 165 }, "end": { "line": 6, "column": 1 } },
        "line": 1
      }
    },
    "f": { "0": 0 }
  }
}
